/COM,ANSYS RELEASE 2026 R1.02        BUILD 26.1      UP20260202       18:55:12
/COM,ANSYS RELEASE 2026 R1.02        BUILD 26.1      UP20260202       18:55:25

 *** WARNING ***                         ELAPSED TIME =      17.200   TIME= 18:55:25
 Brick element 1 has an aspect ratio of 39.37, which exceeds the         
 warning limit of 20.                                                    

 *** WARNING ***                         ELAPSED TIME =      17.201   TIME= 18:55:25
 Brick element 2 has an aspect ratio of 39.37, which exceeds the         
 warning limit of 20.                                                    

 *** WARNING ***                         ELAPSED TIME =      17.211   TIME= 18:55:25
 Entity 11 is undefined.  The ESEL command is ignored.                   

 *** WARNING ***                         ELAPSED TIME =      17.219   TIME= 18:55:25
 Previous testing revealed that 2 of the 2 selected elements violate     
 shape warning limits.  To review warning messages, please see the       
 output or error file, or issue the CHECK command.                       

 *** WARNING ***                         ELAPSED TIME =      17.221   TIME= 18:55:25
 Ansys, Inc.-supplied version of coding for USERCK has been used.        

 *** WARNING ***                         ELAPSED TIME =      17.661   TIME= 18:55:25
 Previous testing revealed that 2 of the 2 selected elements violate     
 shape warning limits.  To review warning messages, please see the       
 output or error file, or issue the CHECK command.                       

 *** WARNING ***                         ELAPSED TIME =      17.664   TIME= 18:55:25
 Ansys, Inc.-supplied version of coding for USERCK has been used.        
