
 Ansys Mechanical Enterprise Academic Research     


 *------------------------------------------------------------------*
 |                                                                  |
 |   W E L C O M E   T O   T H E   A N S Y S (R)  P R O G R A M     |
 |                                                                  |
 *------------------------------------------------------------------*




 ***************************************************************
 *         ANSYS MAPDL 2026 R1.02       LEGAL NOTICES          *
 ***************************************************************
 *                                                             *
 * Copyright (c) 2026 Synopsys, Inc. and ANSYS, Inc.           *
 * All rights reserved.                                        *
 * Unauthorized use, distribution or duplication is            *
 * prohibited.                                                 *
 *                                                             *
 * Ansys is a registered trademark of Ansys, Inc. or its       *
 * subsidiaries in the United States or other countries.       *
 * See the Ansys, Inc. online documentation or the Ansys, Inc. *
 * documentation CD or online help for the complete Legal      *
 * Notice.                                                     *
 *                                                             *
 ***************************************************************
 *                                                             *
 * THIS ANSYS SOFTWARE PRODUCT AND PROGRAM DOCUMENTATION       *
 * INCLUDE TRADE SECRETS AND CONFIDENTIAL AND PROPRIETARY      *
 * PRODUCTS OF ANSYS, INC., ITS SUBSIDIARIES, OR LICENSORS.    *
 * The software products and documentation are furnished by    *
 * Ansys, Inc. or its subsidiaries under a software license    *
 * agreement that contains provisions concerning               *
 * non-disclosure, copying, length and nature of use,          *
 * compliance with exporting laws, warranties, disclaimers,    *
 * limitations of liability, and remedies, and other           *
 * provisions.  The software products and documentation may be *
 * used, disclosed, transferred, or copied only in accordance  *
 * with the terms and conditions of that software license      *
 * agreement.                                                  *
 *                                                             *
 * Ansys, Inc. is a UL registered                              *
 * ISO 9001:2015 company.                                      *
 *                                                             *
 ***************************************************************
 *                                                             *
 * This product is subject to U.S. laws governing export and   *
 * re-export.                                                  *
 *                                                             *
 * For U.S. Government users, except as specifically granted   *
 * by the Ansys, Inc. software license agreement, the use,     *
 * duplication, or disclosure by the United States Government  *
 * is subject to restrictions stated in the Ansys, Inc.        *
 * software license agreement and FAR 12.212 (for non-DOD      *
 * licenses).                                                  *
 *                                                             *
 ***************************************************************

 2026 R1.02  
     
 Point Releases and Patches installed:   
     
 Ansys Service Pack 2026 R1.01   
 Ansys Service Pack 2026 R1.02   
 Ansys, Inc. License Manager 2026 R1 
 Ansys, Inc. License Manager 2026 R1.01  
 Ansys, Inc. License Manager 2026 R1.02  
 Discovery (reduced install) 2026 R1 
 Discovery (reduced install) 2026 R1.01  
 Discovery (reduced install) 2026 R1.02  
 Core WB Files 2026 R1   
 Core WB Files 2026 R1.01
 Core WB Files 2026 R1.02
 BladeModeler 2026 R1
 BladeModeler 2026 R1.01 
 BladeModeler 2026 R1.02 
 CFX (includes CFD-Post) 2026 R1 
 CFX (includes CFD-Post) 2026 R1.01  
 CFX (includes CFD-Post) 2026 R1.02  
 CFD-Post only 2026 R1   
 CFD-Post only 2026 R1.01
 CFD-Post only 2026 R1.02
 Chemkin 2026 R1 
 Chemkin 2026 R1.01  
 Chemkin 2026 R1.02  
 EnSight 2026 R1 
 EnSight 2026 R1.01  
 EnSight 2026 R1.02  
 FENSAP-ICE 2026 R1  
 FENSAP-ICE 2026 R1.01   
 FENSAP-ICE 2026 R1.02   
 Fluent (includes CFD-Post) 2026 R1  
 Fluent (includes CFD-Post) 2026 R1.01   
 Fluent (includes CFD-Post) 2026 R1.02   
 Polyflow (includes CFD-Post) 2026 R1
 Polyflow (includes CFD-Post) 2026 R1.01 
 Polyflow (includes CFD-Post) 2026 R1.02 
 Forte (includes EnSight) 2026 R1
 Forte (includes EnSight) 2026 R1.01 
 Forte (includes EnSight) 2026 R1.02 
 ICEM CFD 2026 R1
 ICEM CFD 2026 R1.01 
 ICEM CFD 2026 R1.02 
 RBF Morph Fluids UDF 2026 R1
 RBF Morph Fluids UDF 2026 R1.01 
 RBF Morph Fluids UDF 2026 R1.02 
 RBF Morph Libraries 2026 R1 
 RBF Morph Libraries 2026 R1.01  
 RBF Morph Libraries 2026 R1.02  
 Rocky 2026 R1   
 Rocky 2026 R1.01
 Rocky 2026 R1.02
 Thermal Desktop: AutoCAD 2026 R1
 Thermal Desktop: AutoCAD 2026 R1.01 
 Thermal Desktop: AutoCAD 2026 R1.02 
 Thermal Desktop: Thermal Desktop and TD Designer  2026 R1   
 Thermal Desktop: Thermal Desktop and TD Designer  2026 R1.01
 Thermal Desktop: Thermal Desktop and TD Designer  2026 R1.02
 Thermal Desktop: Sinda Solver 2026 R1   
 Thermal Desktop: Sinda Solver 2026 R1.01
 Thermal Desktop: Sinda Solver 2026 R1.02
 TurboGrid 2026 R1   
 TurboGrid 2026 R1.01
 TurboGrid 2026 R1.02
 Granta EduPack 2026 R1  
 Granta EduPack 2026 R1.01   
 Granta EduPack 2026 R1.02   
 Granta Selector 2026 R1 
 Granta Selector 2026 R1.01  
 Granta Selector 2026 R1.02  
 Dynamic Reporting 2026 R1   
 Dynamic Reporting 2026 R1.01
 Dynamic Reporting 2026 R1.02
 Remote Solve Manager Standalone Services 2026 R1
 Remote Solve Manager Standalone Services 2026 R1.01 
 Remote Solve Manager Standalone Services 2026 R1.02 
 Aqwa 2026 R1
 Aqwa 2026 R1.01 
 Aqwa 2026 R1.02 
 Autodyn 2026 R1 
 Autodyn 2026 R1.01  
 Autodyn 2026 R1.02  
 Customization Files for User Programmable Features 2026 R1  
 Customization Files for User Programmable Features 2026 R1.01   
 Customization Files for User Programmable Features 2026 R1.02   
 LS-DYNA 2026 R1 
 LS-DYNA 2026 R1.01  
 LS-DYNA 2026 R1.02  
 Material Calibration App 2026 R1
 Material Calibration App 2026 R1.01 
 Material Calibration App 2026 R1.02 
 Material Designer 2026 R1   
 Material Designer 2026 R1.01
 Material Designer 2026 R1.02
 Mechanical Products 2026 R1 
 Mechanical Products 2026 R1.01  
 Mechanical Products 2026 R1.02  
 Motion 2026 R1  
 Motion 2026 R1.01   
 Motion 2026 R1.02   
 RBF Morph 2026 R1   
 RBF Morph 2026 R1.01
 RBF Morph 2026 R1.02
 Sherlock 2026 R1
 Sherlock 2026 R1.01 
 Sherlock 2026 R1.02 
 Sound - SAS 2026 R1 
 Sound - SAS 2026 R1.01  
 Sound - SAS 2026 R1.02  
 ACIS Geometry Interface 2026 R1 
 ACIS Geometry Interface 2026 R1.01  
 ACIS Geometry Interface 2026 R1.02  
 AutoCAD Geometry Interface 2026 R1  
 AutoCAD Geometry Interface 2026 R1.01   
 AutoCAD Geometry Interface 2026 R1.02   
 Catia, Version 4 Geometry Interface 2026 R1 
 Catia, Version 4 Geometry Interface 2026 R1.01  
 Catia, Version 4 Geometry Interface 2026 R1.02  
 Catia, Version 5 Geometry Interface 2026 R1 
 Catia, Version 5 Geometry Interface 2026 R1.01  
 Catia, Version 5 Geometry Interface 2026 R1.02  
 Catia, Version 6 Geometry Interface 2026 R1 
 Catia, Version 6 Geometry Interface 2026 R1.01  
 Catia, Version 6 Geometry Interface 2026 R1.02  
 Creo Elements/Direct Modeling Geometry Interface 2026 R1
 Creo Elements/Direct Modeling Geometry Interface 2026 R1.01 
 Creo Elements/Direct Modeling Geometry Interface 2026 R1.02 
 Creo Parametric Geometry Interface 2026 R1  
 Creo Parametric Geometry Interface 2026 R1.01   
 Creo Parametric Geometry Interface 2026 R1.02   
 Inventor Geometry Interface 2026 R1 
 Inventor Geometry Interface 2026 R1.01  
 Inventor Geometry Interface 2026 R1.02  
 JTOpen Geometry Interface 2026 R1   
 JTOpen Geometry Interface 2026 R1.01
 JTOpen Geometry Interface 2026 R1.02
 NX Geometry Interface 2026 R1   
 NX Geometry Interface 2026 R1.01
 NX Geometry Interface 2026 R1.02
 Parasolid Geometry Interface  2026 R1   
 Parasolid Geometry Interface  2026 R1.01
 Parasolid Geometry Interface  2026 R1.02
 Solid Edge Geometry Interface 2026 R1   
 Solid Edge Geometry Interface 2026 R1.01
 Solid Edge Geometry Interface 2026 R1.02
 SOLIDWORKS Geometry Interface 2026 R1   
 SOLIDWORKS Geometry Interface 2026 R1.01
 SOLIDWORKS Geometry Interface 2026 R1.02


          *****  MAPDL COMMAND LINE ARGUMENTS  *****
  INITIAL JOBNAME              = verify_controller                                                                                                                                                                                                                                       
  BATCH MODE REQUESTED (-b)    = LIST
  INPUT FILE COPY MODE (-c)    = COPY
       1 PARALLEL PROCESSES REQUESTED WITH SINGLE THREAD PER PROCESS
    TOTAL OF     1 CORES REQUESTED
  INPUT FILE NAME              = Z:\Developer\MIT_Rkt_Team\2026-7\MIT-RT-26_27-Work\simulation_work\solidprop\phenolic_case_study\tmp3_sim2\verify_controller_sim2.dat
  OUTPUT FILE NAME             = Z:\Developer\MIT_Rkt_Team\2026-7\MIT-RT-26_27-Work\simulation_work\solidprop\phenolic_case_study\tmp3_sim2\verify_controller_sim2.out
  INITIAL DIRECTORY = Z:\Developer\MIT_Rkt_Team\2026-7\MIT-RT-26_27-Work\simulation_work\solidprop\phenolic_case_study\tmp3_sim2

 User Link path (ANS_USER_PATH): Z:\Developer\MIT_Rkt_Team\2026-7\MIT-RT-26_27-Work\simulation_work\solidprop\phenolic_case_study\tmp3_sim2\                                                                                                                                             

 RELEASE= 2026 R1.02           BUILD= 26.1      UP20260202   VERSION=WINDOWS x64 
 CURRENT JOBNAME=verify_controller  18:55:24  JUL 16, 2026  Elapsed Time=       0.172
 Note - This MAPDL version was linked by Licensee
     1  /BATCH  
     2  /FILNAME,verify_controller,1
     3  /TITLE,Simulation 2 controller verification wedge   
     4  /PREP7  
     5      
     6  ET,3,278
     7  MP,DENS,3,1250.0
     8  MP,C,3,900.0
     9  MP,KXX,3,0.25   
    10  matid=3 
    11  /INPUT,phenolic_pyrolysis_outgassing,apdl   
    12      
    13  R0=0.133350 
    14  R1=0.134620 
    15  R2=0.135890 
    16  TH=0.01 
    17  YL=0.050
    18      
    19  N,1,R0,0,0  
    20  N,2,R1,0,0  
    21  N,3,R1*COS(TH),0,R1*SIN(TH) 
    22  N,4,R0*COS(TH),0,R0*SIN(TH) 
    23  N,5,R0,YL,0 
    24  N,6,R1,YL,0 
    25  N,7,R1*COS(TH),YL,R1*SIN(TH)
    26  N,8,R0*COS(TH),YL,R0*SIN(TH)
    27  N,9,R2,0,0  
    28  N,10,R2*COS(TH),0,R2*SIN(TH)
    29  N,11,R2,YL,0
    30  N,12,R2*COS(TH),YL,R2*SIN(TH)   
    31      
    32  TYPE,3  
    33  MAT,3   
    34  E,1,2,3,4,5,6,7,8   
    35  E,2,9,10,3,6,11,12,7
    36  FINISH  
    37      
    38  /SOLU   
    39  ANTYPE,TRANS
    40  TRNOPT,FULL 
    41  TUNIF,926.85
    42  KBC,1   
    43  AUTOTS,ON   
    44  OUTRES,ALL,ALL  
    45  CSYS,5  
    46  SELTOL,1.0E-7   
    47  NSEL,S,LOC,X,R2-1.0E-7,R2+1.0E-7
    48  D,ALL,TEMP,926.85   
    49  CSYS,0  
    50  ALLSEL,ALL  
    51  SIM2_TESTMODE=1 
    52  /INPUT,simulation2_controller,apdl  
    53      
    54  /EXIT,NOSAVE

 RUN SETUP PROCEDURE FROM FILE= C:\Program Files\ANSYS Inc\v261\Ansys\apdl\start.ans

 /INPUT FILE= C:\Program Files\ANSYS Inc\v261\Ansys\apdl\start.ans  LINE=       0

 CURRENT JOBNAME REDEFINED AS verify_controller
     Opening new LOG, ERROR, LOCK and PAGE FILES

 TITLE= 
 Simulation 2 controller verification wedge                                    


 *** MAPDL - ENGINEERING ANALYSIS SYSTEM  RELEASE 2026 R1.02       26.1     ***
 Ansys Mechanical Enterprise Academic Research     
 01196637  VERSION=WINDOWS x64   18:55:25  JUL 16, 2026 Elapsed Time=     17.180

 Simulation 2 controller verification wedge                                    

 Note - This MAPDL version was linked by Licensee

          ***** MAPDL ANALYSIS DEFINITION (PREP7) *****

 ELEMENT TYPE          3 IS SOLID278     3-D THERMAL SOLID           
  KEYOPT( 1- 6)=        0      0      0        0      0      0
  KEYOPT( 7-12)=        0      0      0        0      0      0
  KEYOPT(13-18)=        0      0      0        0      0      0

 CURRENT NODAL DOF SET IS  TEMP
  THREE-DIMENSIONAL MODEL

 MATERIAL          3     DENS =   1250.000      

 MATERIAL          3     C    =   900.0000      

 MATERIAL          3     KXX  =  0.2500000      

 PARAMETER MATID =     3.000000000    

 /INPUT FILE= phenolic_pyrolysis_outgassing.apdl  LINE=       0
 Simulation 2: pyrolysis and local outgassing requested

 PARAMETER PYRA =     333.0000000    

 PARAMETER PYREA =     64081.00000    

 PARAMETER PYRN =     1.000000000    

 PARAMETER PYRDH =     418000.0000    

 PARAMETER TO_K =     273.1500000    

 PARAMETER PYRGCP =     1600.000000    

 PARAMETER PYRGT0 =     300.0000000    

 PARAMETER PYRGEF =     1.000000000    

 PARAMETER PYRGY =     1.000000000    

 DEFINE DATA TABLE USER FOR MATERIAL 3 
 USER MATERIALS OPTION 
 WITH A MAXIMUM OF 9 TEMPERATURES AND 15 DATA POINTS
 TEMPERATURE TO BE USED FOR THE NEXT TBDAT COMMAND=  26.8500
    TEMPERATURE SPECIFICATION=  1

 DATA FOR  USER  TABLE FOR MATERIAL   3 AT TEMPERATURE=  26.8500    
 LOC=  1 2.50000e-01     3.00000e-01     9.00000e+02     8.00000e+02     1.25000e+03     7.00000e+02    

 DATA FOR  USER  TABLE FOR MATERIAL   3 AT TEMPERATURE=  26.8500    
 LOC=  7 3.33000e+02     6.40810e+04     1.00000e+00     4.18000e+05     2.73150e+02     1.60000e+03    

 DATA FOR  USER  TABLE FOR MATERIAL   3 AT TEMPERATURE=  26.8500    
 LOC=  13 3.00000e+02     1.00000e+00     1.00000e+00    

 TEMPERATURE TO BE USED FOR THE NEXT TBDAT COMMAND=  326.8500
    TEMPERATURE SPECIFICATION=  2

 DATA FOR  USER  TABLE FOR MATERIAL   3 AT TEMPERATURE=  326.8500    
 LOC=  1 3.20000e-01     3.50000e-01     1.10000e+03     9.00000e+02     1.20000e+03     6.50000e+02    

 DATA FOR  USER  TABLE FOR MATERIAL   3 AT TEMPERATURE=  326.8500    
 LOC=  7 3.33000e+02     6.40810e+04     1.00000e+00     4.18000e+05     2.73150e+02     1.60000e+03    

 DATA FOR  USER  TABLE FOR MATERIAL   3 AT TEMPERATURE=  326.8500    
 LOC=  13 3.00000e+02     1.00000e+00     1.00000e+00    

 TEMPERATURE TO BE USED FOR THE NEXT TBDAT COMMAND=  626.8500
    TEMPERATURE SPECIFICATION=  3

 DATA FOR  USER  TABLE FOR MATERIAL   3 AT TEMPERATURE=  626.8500    
 LOC=  1 3.60000e-01     4.00000e-01     1.30000e+03     1.00000e+03     1.15000e+03     6.00000e+02    

 DATA FOR  USER  TABLE FOR MATERIAL   3 AT TEMPERATURE=  626.8500    
 LOC=  7 3.33000e+02     6.40810e+04     1.00000e+00     4.18000e+05     2.73150e+02     1.60000e+03    

 DATA FOR  USER  TABLE FOR MATERIAL   3 AT TEMPERATURE=  626.8500    
 LOC=  13 3.00000e+02     1.00000e+00     1.00000e+00    

 TEMPERATURE TO BE USED FOR THE NEXT TBDAT COMMAND=  776.8500
    TEMPERATURE SPECIFICATION=  4

 DATA FOR  USER  TABLE FOR MATERIAL   3 AT TEMPERATURE=  776.8500    
 LOC=  1 3.60000e-01     4.40000e-01     1.30000e+03     1.25000e+03     1.15000e+03     6.00000e+02    

 DATA FOR  USER  TABLE FOR MATERIAL   3 AT TEMPERATURE=  776.8500    
 LOC=  7 3.33000e+02     6.40810e+04     1.00000e+00     4.18000e+05     2.73150e+02     1.60000e+03    

 DATA FOR  USER  TABLE FOR MATERIAL   3 AT TEMPERATURE=  776.8500    
 LOC=  13 3.00000e+02     1.00000e+00     1.00000e+00    

 TEMPERATURE TO BE USED FOR THE NEXT TBDAT COMMAND=  926.8500
    TEMPERATURE SPECIFICATION=  5

 DATA FOR  USER  TABLE FOR MATERIAL   3 AT TEMPERATURE=  926.8500    
 LOC=  1 3.60000e-01     4.90000e-01     1.30000e+03     1.55000e+03     1.15000e+03     6.00000e+02    

 DATA FOR  USER  TABLE FOR MATERIAL   3 AT TEMPERATURE=  926.8500    
 LOC=  7 3.33000e+02     6.40810e+04     1.00000e+00     4.18000e+05     2.73150e+02     1.60000e+03    

 DATA FOR  USER  TABLE FOR MATERIAL   3 AT TEMPERATURE=  926.8500    
 LOC=  13 3.00000e+02     1.00000e+00     1.00000e+00    

 TEMPERATURE TO BE USED FOR THE NEXT TBDAT COMMAND=  1226.8500
    TEMPERATURE SPECIFICATION=  6

 DATA FOR  USER  TABLE FOR MATERIAL   3 AT TEMPERATURE=  1226.8500    
 LOC=  1 3.60000e-01     6.80000e-01     1.30000e+03     1.95000e+03     1.15000e+03     6.00000e+02    

 DATA FOR  USER  TABLE FOR MATERIAL   3 AT TEMPERATURE=  1226.8500    
 LOC=  7 3.33000e+02     6.40810e+04     1.00000e+00     4.18000e+05     2.73150e+02     1.60000e+03    

 DATA FOR  USER  TABLE FOR MATERIAL   3 AT TEMPERATURE=  1226.8500    
 LOC=  13 3.00000e+02     1.00000e+00     1.00000e+00    

 TEMPERATURE TO BE USED FOR THE NEXT TBDAT COMMAND=  1426.8500
    TEMPERATURE SPECIFICATION=  7

 DATA FOR  USER  TABLE FOR MATERIAL   3 AT TEMPERATURE=  1426.8500    
 LOC=  1 3.60000e-01     8.10000e-01     1.30000e+03     2.06000e+03     1.15000e+03     6.00000e+02    

 DATA FOR  USER  TABLE FOR MATERIAL   3 AT TEMPERATURE=  1426.8500    
 LOC=  7 3.33000e+02     6.40810e+04     1.00000e+00     4.18000e+05     2.73150e+02     1.60000e+03    

 DATA FOR  USER  TABLE FOR MATERIAL   3 AT TEMPERATURE=  1426.8500    
 LOC=  13 3.00000e+02     1.00000e+00     1.00000e+00    

 TEMPERATURE TO BE USED FOR THE NEXT TBDAT COMMAND=  1926.8500
    TEMPERATURE SPECIFICATION=  8

 DATA FOR  USER  TABLE FOR MATERIAL   3 AT TEMPERATURE=  1926.8500    
 LOC=  1 3.60000e-01     1.24000e+00     1.30000e+03     2.08500e+03     1.15000e+03     6.00000e+02    

 DATA FOR  USER  TABLE FOR MATERIAL   3 AT TEMPERATURE=  1926.8500    
 LOC=  7 3.33000e+02     6.40810e+04     1.00000e+00     4.18000e+05     2.73150e+02     1.60000e+03    

 DATA FOR  USER  TABLE FOR MATERIAL   3 AT TEMPERATURE=  1926.8500    
 LOC=  13 3.00000e+02     1.00000e+00     1.00000e+00    

 TEMPERATURE TO BE USED FOR THE NEXT TBDAT COMMAND=  2476.8500
    TEMPERATURE SPECIFICATION=  9

 DATA FOR  USER  TABLE FOR MATERIAL   3 AT TEMPERATURE=  2476.8500    
 LOC=  1 3.60000e-01     1.73000e+00     1.30000e+03     2.09000e+03     1.15000e+03     6.00000e+02    

 DATA FOR  USER  TABLE FOR MATERIAL   3 AT TEMPERATURE=  2476.8500    
 LOC=  7 3.33000e+02     6.40810e+04     1.00000e+00     4.18000e+05     2.73150e+02     1.60000e+03    

 DATA FOR  USER  TABLE FOR MATERIAL   3 AT TEMPERATURE=  2476.8500    
 LOC=  13 3.00000e+02     1.00000e+00     1.00000e+00    


 DEFINE DATA TABLE  STAT  FOR MATERIAL     3
   USER DEFINED STATE VARIABLES OPTION                                             
   Number of state variables is       5
   WITH A MAXIMUM OF      1 TEMPERATURES AND       5 DATA POINTS

 DATA FOR  STAT  TABLE FOR MATERIAL   3 AT TEMPERATURE=  0.0000    
 LOC=  1  0.0000      0.0000      0.0000      0.0000      0.0000    

 PARAMETER R0 =    0.1333500000    

 PARAMETER R1 =    0.1346200000    

 PARAMETER R2 =    0.1358900000    

 PARAMETER TH =    0.1000000000E-01

 PARAMETER YL =    0.5000000000E-01

 NODE          1  KCS=      0  X,Y,Z= 0.13335       0.0000       0.0000     

 NODE          2  KCS=      0  X,Y,Z= 0.13462       0.0000       0.0000     

 NODE          3  KCS=      0  X,Y,Z= 0.13461       0.0000      0.13462E-002

 NODE          4  KCS=      0  X,Y,Z= 0.13334       0.0000      0.13335E-002

 NODE          5  KCS=      0  X,Y,Z= 0.13335      0.50000E-001  0.0000     

 NODE          6  KCS=      0  X,Y,Z= 0.13462      0.50000E-001  0.0000     

 NODE          7  KCS=      0  X,Y,Z= 0.13461      0.50000E-001 0.13462E-002

 NODE          8  KCS=      0  X,Y,Z= 0.13334      0.50000E-001 0.13335E-002

 NODE          9  KCS=      0  X,Y,Z= 0.13589       0.0000       0.0000     

 NODE         10  KCS=      0  X,Y,Z= 0.13588       0.0000      0.13589E-002

 NODE         11  KCS=      0  X,Y,Z= 0.13589      0.50000E-001  0.0000     

 NODE         12  KCS=      0  X,Y,Z= 0.13588      0.50000E-001 0.13589E-002

 ELEMENT TYPE SET TO         3

 MATERIAL NUMBER SET TO         3

 ELEMENT      1       1      2      3      4      5      6      7      8


 *** WARNING ***                         ELAPSED TIME =      17.200   TIME= 18:55:25
 Brick element 1 has an aspect ratio of 39.37, which exceeds the         
 warning limit of 20.                                                    

 ELEMENT      2       2      9     10      3      6     11     12      7


 *** WARNING ***                         ELAPSED TIME =      17.201   TIME= 18:55:25
 Brick element 2 has an aspect ratio of 39.37, which exceeds the         
 warning limit of 20.                                                    


 ***** ROUTINE COMPLETED *****  ELAPSED TIME =        17.201



 *****  MAPDL SOLUTION ROUTINE  *****


 PERFORM A TRANSIENT ANALYSIS
  THIS WILL BE A NEW ANALYSIS

 PERFORM A FULL TRANSIENT ANALYSIS
  USING NEWMARK ALGORITHM

 UNIFORM TEMPERATURE=   926.850  (TREF=     0.000)

 STEP BOUNDARY CONDITION KEY= 1

 USE AUTOMATIC TIME STEPPING THIS LOAD STEP

 WRITE ALL  ITEMS TO THE DATABASE WITH A FREQUENCY OF ALL 
   FOR ALL APPLICABLE ENTITIES

 ACTIVE COORDINATE SYSTEM SET TO          5  (CYLINDRICAL) Y- CYL. AXIS

 SELECT TOLERANCE= 0.10000E-06

 SELECT       FOR ITEM=LOC  COMPONENT=X     BETWEEN 0.13589     AND  0.13589    
   KABS=  0.  TOLERANCE= 0.100000E-06

          4  NODES (OF         12  DEFINED) SELECTED BY  NSEL  COMMAND.

 SPECIFIED CONSTRAINT TEMP FOR SELECTED NODES            1 TO          12 BY           1
 REAL=  926.850000       IMAG=  0.00000000    

 ACTIVE COORDINATE SYSTEM SET TO          0  (CARTESIAN)  

 SELECT ALL ENTITIES OF TYPE= ALL  AND BELOW

 PARAMETER SIM2_TESTMODE =     1.000000000    

 /INPUT FILE= simulation2_controller.apdl  LINE=       0
 SIM2 controller started

 PARAMETER SIM2_NLAY =     24.00000000    

 PARAMETER SIM2_RIN =    0.1333500000    

 PARAMETER SIM2_THK =    0.2540000000E-02

 PARAMETER SIM2_LAX =    0.5000000000E-01

 PARAMETER SIM2_DT =    0.5000000000E-01

 PARAMETER SIM2_NMAC =     140.0000000    

 PARAMETER SIM2_H0 =     1000.000000    

 PARAMETER SIM2_HMIN =     200.0000000    

 PARAMETER SIM2_TGAS =     2230.850000    

 PARAMETER SIM2_GCP =     1600.000000    

 PARAMETER SIM2_RHOC =     600.0000000    

 PARAMETER SIM2_HEFF =     35000000.00    

 PARAMETER SIM2_ACUT =    0.9900000000    

 PARAMETER SIM2_AMIN =    0.9000000000    

 *IF  SIM2_TESTMODE  ( =   1.00000     )  EQ  
      1  ( =   1.00000     )  THEN    

 PARAMETER SIM2_NLAY =     2.000000000    

 PARAMETER SIM2_DT =    0.1000000000E-02

 PARAMETER SIM2_NMAC =     2.000000000    

 *ENDIF

 PARAMETER SIM2_DR =    0.1270000000E-02

 PARAMETER SIM2_TOL =    0.6350000000E-04

 PARAMETER SIM2_ILAY =     0.000000000    

 PARAMETER SIM2_HFILM =     1000.000000    

 PARAMETER SIM2_RECESS =     0.000000000    

 USE THE FULL NEWTON-RAPHSON OPTION FOR  ALL DEGREES OF FREEDOM
   AND USE THE DEFAULT ADAPTIVE DESCENT OPTION

 DEAD ELEMENT STIFFNESS MULTIPLIER= 0.10000E-05

 Use Full Nonlinear Thermal Transient Solution

 WRITE SVAR ITEMS TO THE DATABASE WITH A FREQUENCY OF ALL 
   FOR ALL APPLICABLE ENTITIES

 DEFINE RESTART CONTROL FOR LOADSTEP ALL 
 AT FREQUENCY OF 3    AND NUMBER FOR OVERWRITE IS   -1

 MAX.NUMBER OF RESTART FILES TO KEEP IS    2

 COMBINE RESTART FILES (.Rnnn) AFTER DISTRIBUTED PARALLEL SOLUTION

 NONE SELECT  FOR ITEM=ELEM COMPONENT=    
  IN RANGE         1 TO          2 STEP          1

          0  ELEMENTS (OF          2  DEFINED) SELECTED BY ESEL  COMMAND.

 *** WARNING ***                         ELAPSED TIME =      17.211   TIME= 18:55:25
 Entity 11 is undefined.  The ESEL command is ignored.                   

 *GET  SIM2_NSURF  FROM  ELEM  ITEM=COUN           VALUE=  0.00000000    

 *IF  SIM2_NSURF  ( =   0.00000     )  GT  
      0  ( =   0.00000     )  THEN    

 *ENDIF

 SELECT ALL ENTITIES OF TYPE= ALL  AND BELOW

 ACTIVE COORDINATE SYSTEM SET TO          5  (CYLINDRICAL) Y- CYL. AXIS

 SELECT TOLERANCE= 0.63500E-04

 PARAMETER SIM2_RSURF =    0.1333500000    

 SELECT       FOR ITEM=LOC  COMPONENT=X     BETWEEN 0.13329     AND  0.13341    
   KABS=  0.  TOLERANCE= 0.635000E-04

          4  NODES (OF         12  DEFINED) SELECTED BY  NSEL  COMMAND.

 *** NOTE ***                            ELAPSED TIME =      17.213   TIME= 18:55:25
 No element heat convection surface loads to delete.                     

 GENERATE SURFACE LOAD CONV ON SURFACE DEFINED BY ALL SELECTED NODES
 VALUES=  1000.00000      2230.85000    

 NUMBER OF CONV ELEMENT FACE LOADS STORED =          1

 ACTIVE COORDINATE SYSTEM SET TO          0  (CARTESIAN)  

 SELECT ALL ENTITIES OF TYPE= ALL  AND BELOW

 OPENED FILE= simulation2_history.csv FOR COMMAND FILE DATA 


 *DO LOOP ON PARAMETER= SIM2_ISTEP FROM  1.0000     TO  2.0000     BY  1.0000    
 You have already entered solution.  The /SOLUTION command is ignored.   

 SELECT ALL ENTITIES OF TYPE= ALL  AND BELOW

 PARAMETER SIM2_TIME =    0.1000000000E-02

 TIME= 0.10000E-02

 USE INITIAL TIME STEP SIZE OF 0.1000000E-02 FOR ALL  DEGREES OF FREEDOM
 FOR AUTOMATIC TIME STEPPING:
   USE 0.1000000E-02 AS THE MINIMUM TIME STEP SIZE
   USE 0.1000000E-02 AS THE MAXIMUM TIME STEP SIZE

 *****  MAPDL SOLVE    COMMAND  *****

 *** WARNING ***                         ELAPSED TIME =      17.219   TIME= 18:55:25
 Previous testing revealed that 2 of the 2 selected elements violate     
 shape warning limits.  To review warning messages, please see the       
 output or error file, or issue the CHECK command.                       

 *** NOTE ***                            ELAPSED TIME =      17.220   TIME= 18:55:25
 The model data was checked and warning messages were found.             
  Please review output or errors file (                                  
 Z:\Developer\MIT_Rkt_Team\2026-7\MIT-RT-26_27-Work\simulation_work\soli 
 dprop\phenolic_case_study\tmp3_sim2\verify_controller.err ) for these   
 warning messages.                                                       

 *** MAPDL - ENGINEERING ANALYSIS SYSTEM  RELEASE 2026 R1.02       26.1     ***
 Ansys Mechanical Enterprise Academic Research     
 01196637  VERSION=WINDOWS x64   18:55:25  JUL 16, 2026 Elapsed Time=     17.220

 Simulation 2 controller verification wedge                                    

 Note - This MAPDL version was linked by Licensee

                       S O L U T I O N   O P T I O N S

   PROBLEM DIMENSIONALITY. . . . . . . . . . . . .3-D                  
   DEGREES OF FREEDOM. . . . . . TEMP
   ANALYSIS TYPE . . . . . . . . . . . . . . . . .TRANSIENT            
      SOLUTION METHOD. . . . . . . . . . . . . . .FULL                 
   USER DEFINED THERMAL MATERIAL INCLUDED. . . . .YES
   NEWTON-RAPHSON OPTION . . . . . . . . . . . . .FULL             
   GLOBALLY ASSEMBLED MATRIX . . . . . . . . . . .SYMMETRIC  

 *** WARNING ***                         ELAPSED TIME =      17.221   TIME= 18:55:25
 Ansys, Inc.-supplied version of coding for USERCK has been used.        

 *** NOTE ***                            ELAPSED TIME =      17.222   TIME= 18:55:25
 The step data was checked and warning messages were found.              
  Please review output or errors file (                                  
 Z:\Developer\MIT_Rkt_Team\2026-7\MIT-RT-26_27-Work\simulation_work\soli 
 dprop\phenolic_case_study\tmp3_sim2\verify_controller.err ) for these   
 warning messages.                                                       

 *** NOTE ***                            ELAPSED TIME =      17.222   TIME= 18:55:25
 The conditions for direct assembly have been met.  No .emat or .erot    
 files will be produced.                                                 

                      L O A D   S T E P   O P T I O N S

   LOAD STEP NUMBER. . . . . . . . . . . . . . . .     1
   TIME AT END OF THE LOAD STEP. . . . . . . . . . 0.10000E-02
   AUTOMATIC TIME STEPPING . . . . . . . . . . . .    ON
      STARTING TIME STEP SIZE. . . . . . . . . . . 0.10000E-02
      MINIMUM TIME STEP SIZE . . . . . . . . . . . 0.10000E-02
      MAXIMUM TIME STEP SIZE . . . . . . . . . . . 0.10000E-02
   MAXIMUM NUMBER OF EQUILIBRIUM ITERATIONS. . . .    15
   STEP CHANGE BOUNDARY CONDITIONS . . . . . . . .   YES
   TRANSIENT (INERTIA) EFFECTS
      THERMAL DOFS . . . . . . . . . . . . . . . .    ON
   TRANSIENT INTEGRATION PARAMETERS
      THETA. . . . . . . . . . . . . . . . . . . .  1.0000    
      OSCILLATION LIMIT CRITERION. . . . . . . . . 0.50000    
      TOLERANCE. . . . . . . . . . . . . . . . . .  0.0000    
   TERMINATE ANALYSIS IF NOT CONVERGED . . . . . .YES (EXIT)  
   CONVERGENCE CONTROLS. . . . . . . . . . . . . .USE DEFAULTS
   COPY INTEGRATION POINT VALUES TO NODE . . . . .YES, FOR ELEMENTS WITH
                                                  ACTIVE MAT. NONLINEARITIES
   PRINT OUTPUT CONTROLS . . . . . . . . . . . . .NO PRINTOUT
   DATABASE OUTPUT CONTROLS
      ITEM     FREQUENCY   COMPONENT
       ALL        ALL               
      SVAR        ALL               


 SOLUTION MONITORING INFO IS WRITTEN TO FILE= verify_controller.mntr                                                                                                                                                                                                                                              




            **** CENTER OF MASS, MASS, AND MASS MOMENTS OF INERTIA ****

  CALCULATIONS ASSUME ELEMENT MASS AT ELEMENT CENTROID

  TOTAL MASS =  0.21371E-03

                           MOM. OF INERTIA         MOM. OF INERTIA
  CENTER OF MASS            ABOUT ORIGIN        ABOUT CENTER OF MASS

  XC =  0.13462          IXX =   0.1337E-06      IXX =   0.2154E-14
  YC =  0.25000E-01      IYY =   0.3873E-05      IYY =   0.8617E-10
  ZC =  0.67310E-03      IZZ =   0.4007E-05      IZZ =   0.8617E-10
                         IXY =  -0.7192E-06      IXY =    0.000    
                         IYZ =  -0.3596E-08      IYZ =   0.4136E-24
                         IZX =  -0.1936E-07      IZX =  -0.4308E-12


  *** MASS SUMMARY BY ELEMENT TYPE ***

  TYPE      MASS
     3  0.213706E-03

 Range of element maximum matrix coefficients in global coordinates
 Maximum = 2.068608165E-02 at element 1.                                 
 Minimum = 4.019529897E-03 at element 2.                                 

   *** ELEMENT MATRIX FORMULATION TIMES
     TYPE    NUMBER     ENAME   TOTAL ELAPSED   AVG ELAPSED

        3         2  SOLID278          0.0013   0.000644625
 Elapsed Time at end of element matrix formulation = 17.5344147.         

 ALL CURRENT MAPDL DATA WRITTEN TO FILE NAME= verify_controller.rdb
  FOR POSSIBLE RESUME FROM THIS POINT
     HT FLOW CONVERGENCE VALUE=   41.21      CRITERION=  0.6660E-01

 SPARSE MATRIX DIRECT SOLVER.
  Number of equations =           8,    Maximum wavefront =      8


  Memory allocated on this process
  -------------------------------------------------------------------
  Equation solver memory allocated                     =     0.064 MB
  Equation solver memory required for in-core mode     =     0.061 MB
  Equation solver memory required for out-of-core mode =     0.053 MB
  Total (solver and non-solver) memory allocated       =   373.509 MB

 *** NOTE ***                            ELAPSED TIME =      17.579   TIME= 18:55:25
 The Sparse Matrix Solver is currently running in the in-core memory     
 mode.  This memory mode uses the most amount of memory in order to      
 avoid using the hard drive as much as possible, which most often        
 results in the fastest solution time.  This mode is recommended if      
 enough physical memory is present to accommodate all of the solver      
 data.                                                                   
 Sparse solver maximum pivot= 31.952077 at node 2 TEMP.                  
 Sparse solver minimum pivot= 15.8922621 at node 8 TEMP.                 
 Sparse solver minimum pivot in absolute value= 15.8922621 at node 8     
 TEMP.                                                                   
    EQUIL ITER   1 COMPLETED.  NEW TRIANG MATRIX.  MAX DOF INC=  0.9077    
     HT FLOW CONVERGENCE VALUE=  0.7286E-01  CRITERION=  0.3088E-01
    EQUIL ITER   2 COMPLETED.  NEW TRIANG MATRIX.  MAX DOF INC= -0.1883E-02
     HT FLOW CONVERGENCE VALUE=  0.1416E-03  CRITERION=  0.3094E-01 <<< CONVERGED
    >>> SOLUTION CONVERGED AFTER EQUILIBRIUM ITERATION   2

   *** ELEMENT RESULT CALCULATION TIMES
     TYPE    NUMBER     ENAME   TOTAL ELAPSED   AVG ELAPSED

        3         2  SOLID278          0.0004   0.000220979

   *** NODAL LOAD CALCULATION TIMES
     TYPE    NUMBER     ENAME   TOTAL ELAPSED   AVG ELAPSED

        3         2  SOLID278          0.0002   0.000090146
 *** LOAD STEP     1   SUBSTEP     1  COMPLETED.    CUM ITER =      2
 *** TIME =  0.100000E-02     TIME INC =  0.100000E-02
 *** RESPONSE EIGENVALUE =  1.191       OSCILLATION LIMIT = 0.1191E-02


 *** MAPDL BINARY FILE STATISTICS
  BUFFER SIZE USED= 16384
        0.062 MB WRITTEN ON ELEMENT SAVED DATA FILE: verify_controller.esav
        0.062 MB WRITTEN ON ASSEMBLED MATRIX FILE: verify_controller.full
        0.312 MB WRITTEN ON RESULTS FILE: verify_controller.rth

 FINISH SOLUTION PROCESSING


 ***** ROUTINE COMPLETED *****  ELAPSED TIME =        17.608



 *** MAPDL - ENGINEERING ANALYSIS SYSTEM  RELEASE 2026 R1.02       26.1     ***
 Ansys Mechanical Enterprise Academic Research     
 01196637  VERSION=WINDOWS x64   18:55:25  JUL 16, 2026 Elapsed Time=     17.633

 Simulation 2 controller verification wedge                                    

 Note - This MAPDL version was linked by Licensee

          ***** MAPDL RESULTS INTERPRETATION (POST1) *****

 *** NOTE ***                            ELAPSED TIME =      17.634   TIME= 18:55:25
 Reading results into the database (SET command) will update the current 
 displacement and force boundary conditions in the database with the     
 values from the results file for that load set.  Note that any          
 subsequent solutions will use these values unless action is taken to    
 either SAVE the current values or not overwrite them (/EXIT,NOSAVE).    


 USE LAST SUBSTEP ON RESULT FILE  FOR LOAD CASE 0 

 SET COMMAND GOT LOAD STEP=     1  SUBSTEP=     1  CUMULATIVE ITERATION=     2
   TIME/FREQUENCY= 0.10000E-02
 TITLE= Simulation 2 controller verification wedge                              

 SELECT       FOR ITEM=MAT  COMPONENT=    
  IN RANGE         3 TO          3 STEP          1

          2  ELEMENTS (OF          2  DEFINED) SELECTED BY  ESEL  COMMAND.

 RESELECT     FOR ITEM=LIVE COMPONENT=    
  IN RANGE         1 TO          2 STEP          1

          2  ELEMENTS (OF          2  DEFINED) SELECTED BY  ESEL  COMMAND.

 STORE ERATE    FROM ITEM=SVAR COMP=3     FOR ALL SELECTED ELEMENTS

 STORE EVOL     FROM ITEM=VOLU  FOR ALL SELECTED ELEMENTS

 OPERATION SMUL  RESULT= GMASS     OPERAND1= ERATE     OPERAND2= EVOL    
  FACTOR1=  1.0000       FACTOR2=  1.0000       CONSTANT=  0.0000    

 SUM ALL THE ACTIVE ENTRIES IN THE ELEMENT TABLE 

 TABLE LABEL     TOTAL
 ERATE      594.827    
 EVOL      0.170965E-06
 GMASS     0.508467E-04

 *GET  SIM2_GMDOT  FROM  SSUM  ITEM=ITEM GMASS     VALUE= 0.508467194E-04

 PARAMETER SIM2_RSURF =    0.1333500000    

 PARAMETER SIM2_AREA =    0.4189313804E-01

 PARAMETER SIM2_GFLUX =    0.1213724295E-02

 PARAMETER SIM2_BLOW =    0.1941958872E-02

 PARAMETER SIM2_HFILM =     998.0618050    

 PARAMETER SIM2_HFILM =     998.0618050    

 ACTIVE COORDINATE SYSTEM SET TO          5  (CYLINDRICAL) Y- CYL. AXIS

 SELECT TOLERANCE= 0.63500E-04

 SELECT       FOR ITEM=LOC  COMPONENT=X     BETWEEN 0.13329     AND  0.13341    
   KABS=  0.  TOLERANCE= 0.635000E-04

          4  NODES (OF         12  DEFINED) SELECTED BY  NSEL  COMMAND.

 *GET  SIM2_NHOT  FROM  NODE  ITEM=COUN       VALUE=  4.00000000     

 PARAMETER SIM2_TSMAX =     22.00000000    

 *IF  SIM2_NHOT  ( =   4.00000     )  GT  
      0  ( =   0.00000     )  THEN    

 SORT ON ITEM=TEMP  COMPONENT=      ORDER= 0  KABS= 0  NMAX=      12

 SORT COMPLETED FOR       4 VALUES.

 *GET  SIM2_TSMAX  FROM  SORT  ITEM=MAX        VALUE=  927.755863    

 NODE SORT REMOVED

 *ENDIF

 ACTIVE COORDINATE SYSTEM SET TO          0  (CARTESIAN)  

 PARAMETER SIM2_QNET =     1300568.487    

 PARAMETER SIM2_RECESS =    0.6193183271E-07

 PARAMETER SIM2_RLO =    0.1333500000    

 PARAMETER SIM2_RHI =    0.1346200000    

 ACTIVE COORDINATE SYSTEM SET TO          5  (CYLINDRICAL) Y- CYL. AXIS

 SELECT       FOR ITEM=LOC  COMPONENT=X     BETWEEN 0.13329     AND  0.13468    
   KABS=  0.  TOLERANCE= 0.635000E-04

          8  NODES (OF         12  DEFINED) SELECTED BY  NSEL  COMMAND.

 SELECT      ONLY ELEMENTS COMPLETELY CONTAINED WITHIN NODE SET.

          1 ELEMENTS (OF          2  DEFINED) SELECTED FROM
        8 SELECTED NODES BY  ESLN COMMAND.

 RESELECT     FOR ITEM=MAT  COMPONENT=    
  IN RANGE         3 TO          3 STEP          1

          1  ELEMENTS (OF          2  DEFINED) SELECTED BY  ESEL  COMMAND.

 RESELECT     FOR ITEM=LIVE COMPONENT=    
  IN RANGE         1 TO          2 STEP          1

          1  ELEMENTS (OF          2  DEFINED) SELECTED BY  ESEL  COMMAND.

 *GET  SIM2_NEL  FROM  ELEM  ITEM=COUN           VALUE=  1.00000000    

 PARAMETER SIM2_AAVG =     0.000000000    

 PARAMETER SIM2_AMINL =     0.000000000    

 *IF  SIM2_NEL  ( =   1.00000     )  GT  
      0  ( =   0.00000     )  THEN    

 STORE LALPHA   FROM ITEM=SVAR COMP=1     FOR ALL SELECTED ELEMENTS

 STORE LVOL     FROM ITEM=VOLU  FOR ALL SELECTED ELEMENTS

 OPERATION SMUL  RESULT= ALVOL     OPERAND1= LALPHA    OPERAND2= LVOL    
  FACTOR1=  1.0000       FACTOR2=  1.0000       CONSTANT=  0.0000    

 SUM ALL THE ACTIVE ENTRIES IN THE ELEMENT TABLE 

 TABLE LABEL     TOTAL
 ERATE      297.954    
 EVOL      0.850791E-07
 GMASS     0.253497E-04
 LALPHA    0.541735E-03
 LVOL      0.850791E-07
 ALVOL     0.460903E-10

 *GET  SIM2_ASUM  FROM  SSUM  ITEM=ITEM ALVOL     VALUE= 0.460903387E-10

 *GET  SIM2_VSUM  FROM  SSUM  ITEM=ITEM LVOL      VALUE= 0.850790585E-07

 PARAMETER SIM2_AAVG =    0.5417354114E-03

 SORT ON ITEM=ETAB  COMPONENT=LALP  ORDER= 1  KABS= 0  NMAX=       2

 SORT COMPLETED FOR       1 VALUES.

 *GET  SIM2_AMINL  FROM  SORT  ITEM=MIN        VALUE= 0.541735411E-03

 ELEMENT SORT REMOVED

 *ENDIF

 ACTIVE COORDINATE SYSTEM SET TO          0  (CARTESIAN)  

 EXIT THE MAPDL POST1 DATABASE PROCESSOR


 ***** ROUTINE COMPLETED *****  ELAPSED TIME =        17.655



 *****  MAPDL SOLUTION ROUTINE  *****

 PARAMETER SIM2_KILL =     0.000000000    

 PARAMETER SIM2_DEPTH =    0.1270000000E-02

 *IF  SIM2_ILAY  ( =   0.00000     )  LT  
      SIM2_NLAY  ( =   2.00000     )  THEN    

 *IF  SIM2_AAVG  ( =  0.541735E-03 )  GE  
      SIM2_ACUT  ( =  0.990000     )  THEN    

 *ENDIF

 *ENDIF

 ACTIVE COORDINATE SYSTEM SET TO          5  (CYLINDRICAL) Y- CYL. AXIS

 SELECT       FOR ITEM=LOC  COMPONENT=X     BETWEEN 0.13329     AND  0.13341    
   KABS=  0.  TOLERANCE= 0.635000E-04

          4  NODES (OF         12  DEFINED) SELECTED BY  NSEL  COMMAND.

 DELETE SURFACE LOAD CONV ON SURFACE DEFINED BY ALL SELECTED NODES

 NUMBER OF CONV SURFACE LOADS DELETED=       1

 *IF  SIM2_KILL  ( =   0.00000     )  EQ  
      1  ( =   1.00000     )  THEN    

 *ENDIF

 PARAMETER SIM2_RSURF =    0.1333500000    

 SELECT       FOR ITEM=LOC  COMPONENT=X     BETWEEN 0.13329     AND  0.13341    
   KABS=  0.  TOLERANCE= 0.635000E-04

          4  NODES (OF         12  DEFINED) SELECTED BY  NSEL  COMMAND.

 GENERATE SURFACE LOAD CONV ON SURFACE DEFINED BY ALL SELECTED NODES
 VALUES=  998.061805      2230.85000    

 NUMBER OF CONV ELEMENT FACE LOADS STORED =          1

 ACTIVE COORDINATE SYSTEM SET TO          0  (CARTESIAN)  

 SELECT ALL ENTITIES OF TYPE= ALL  AND BELOW

 *ENDDO  INDEX= SIM2_ISTEP                      

 *****  MAPDL SOLVE    COMMAND  *****

 *** WARNING ***                         ELAPSED TIME =      17.661   TIME= 18:55:25
 Previous testing revealed that 2 of the 2 selected elements violate     
 shape warning limits.  To review warning messages, please see the       
 output or error file, or issue the CHECK command.                       

 *** MAPDL - ENGINEERING ANALYSIS SYSTEM  RELEASE 2026 R1.02       26.1     ***
 Ansys Mechanical Enterprise Academic Research     
 01196637  VERSION=WINDOWS x64   18:55:25  JUL 16, 2026 Elapsed Time=     17.662

 Simulation 2 controller verification wedge                                    

 Note - This MAPDL version was linked by Licensee

 *** WARNING ***                         ELAPSED TIME =      17.664   TIME= 18:55:25
 Ansys, Inc.-supplied version of coding for USERCK has been used.        

 SOLUTION MONITORING INFO IS WRITTEN TO FILE= verify_controller.mntr                                                                                                                                                                                                                                              




            **** CENTER OF MASS, MASS, AND MASS MOMENTS OF INERTIA ****

  CALCULATIONS ASSUME ELEMENT MASS AT ELEMENT CENTROID

  TOTAL MASS =  0.21371E-03

                           MOM. OF INERTIA         MOM. OF INERTIA
  CENTER OF MASS            ABOUT ORIGIN        ABOUT CENTER OF MASS

  XC =  0.13462          IXX =   0.1337E-06      IXX =   0.2154E-14
  YC =  0.25000E-01      IYY =   0.3873E-05      IYY =   0.8617E-10
  ZC =  0.67310E-03      IZZ =   0.4007E-05      IZZ =   0.8617E-10
                         IXY =  -0.7192E-06      IXY =    0.000    
                         IYZ =  -0.3596E-08      IYZ =   0.4136E-24
                         IZX =  -0.1936E-07      IZX =  -0.4308E-12


  *** MASS SUMMARY BY ELEMENT TYPE ***

  TYPE      MASS
     3  0.213706E-03

 Range of element maximum matrix coefficients in global coordinates
 Maximum = 2.065377449E-02 at element 1.                                 
 Minimum = 4.019529897E-03 at element 2.                                 

   *** ELEMENT MATRIX FORMULATION TIMES
     TYPE    NUMBER     ENAME   TOTAL ELAPSED   AVG ELAPSED

        3         2  SOLID278          0.0002   0.000100917
 Elapsed Time at end of element matrix formulation = 17.9779376.         

 ALL CURRENT MAPDL DATA WRITTEN TO FILE NAME= verify_controller.rdb
  FOR POSSIBLE RESUME FROM THIS POINT
     HT FLOW CONVERGENCE VALUE=   41.15      CRITERION=  0.6647E-01

 SPARSE MATRIX DIRECT SOLVER.
  Number of equations =           8,    Maximum wavefront =      8


  Memory allocated on this process
  -------------------------------------------------------------------
  Equation solver memory allocated                     =     0.064 MB
  Equation solver memory required for in-core mode     =     0.061 MB
  Equation solver memory required for out-of-core mode =     0.053 MB
  Total (solver and non-solver) memory allocated       =   381.146 MB

 *** NOTE ***                            ELAPSED TIME =      18.025   TIME= 18:55:26
 The Sparse Matrix Solver is currently running in the in-core memory     
 mode.  This memory mode uses the most amount of memory in order to      
 avoid using the hard drive as much as possible, which most often        
 results in the fastest solution time.  This mode is recommended if      
 enough physical memory is present to accommodate all of the solver      
 data.                                                                   
 Sparse solver maximum pivot= 31.952077 at node 2 TEMP.                  
 Sparse solver minimum pivot= 15.8922298 at node 8 TEMP.                 
 Sparse solver minimum pivot in absolute value= 15.8922298 at node 8     
 TEMP.                                                                   
    EQUIL ITER   1 COMPLETED.  NEW TRIANG MATRIX.  MAX DOF INC=  0.9051    
     HT FLOW CONVERGENCE VALUE=  0.7274E-01  CRITERION=  0.3082E-01
    EQUIL ITER   2 COMPLETED.  NEW TRIANG MATRIX.  MAX DOF INC= -0.1876E-02
     HT FLOW CONVERGENCE VALUE=  0.1411E-03  CRITERION=  0.3088E-01 <<< CONVERGED
    >>> SOLUTION CONVERGED AFTER EQUILIBRIUM ITERATION   2

   *** ELEMENT RESULT CALCULATION TIMES
     TYPE    NUMBER     ENAME   TOTAL ELAPSED   AVG ELAPSED

        3         2  SOLID278          0.0002   0.000094125

   *** NODAL LOAD CALCULATION TIMES
     TYPE    NUMBER     ENAME   TOTAL ELAPSED   AVG ELAPSED

        3         2  SOLID278          0.0000   0.000020146
 *** LOAD STEP     1   SUBSTEP     1  COMPLETED.    CUM ITER =      2
 *** TIME =  0.100000E-02     TIME INC =  0.100000E-02
 *** RESPONSE EIGENVALUE =  1.188       OSCILLATION LIMIT = 0.1188E-02
 *** AUTO STEP TIME:  NEXT TIME INC = 0.10000E-02  UNCHANGED

     HT FLOW CONVERGENCE VALUE=   41.05      CRITERION=  0.6643E-01
    EQUIL ITER   1 COMPLETED.  NEW TRIANG MATRIX.  MAX DOF INC=  0.9029    
     HT FLOW CONVERGENCE VALUE=  0.7261E-01  CRITERION=  0.3087E-01
    EQUIL ITER   2 COMPLETED.  NEW TRIANG MATRIX.  MAX DOF INC= -0.1876E-02
     HT FLOW CONVERGENCE VALUE=  0.1413E-03  CRITERION=  0.3092E-01 <<< CONVERGED
    >>> SOLUTION CONVERGED AFTER EQUILIBRIUM ITERATION   2
 *** LOAD STEP     1   SUBSTEP     2  COMPLETED.    CUM ITER =      4
 *** TIME =  0.200000E-02     TIME INC =  0.100000E-02
 *** RESPONSE EIGENVALUE =  1.189       OSCILLATION LIMIT = 0.1189E-02


 *** MAPDL BINARY FILE STATISTICS
  BUFFER SIZE USED= 16384
        0.062 MB WRITTEN ON ELEMENT SAVED DATA FILE: verify_controller.esav
        0.062 MB WRITTEN ON ASSEMBLED MATRIX FILE: verify_controller.full
        0.312 MB WRITTEN ON RESULTS FILE: verify_controller.rth

 FINISH SOLUTION PROCESSING


 ***** ROUTINE COMPLETED *****  ELAPSED TIME =        18.054



 *** MAPDL - ENGINEERING ANALYSIS SYSTEM  RELEASE 2026 R1.02       26.1     ***
 Ansys Mechanical Enterprise Academic Research     
 01196637  VERSION=WINDOWS x64   18:55:26  JUL 16, 2026 Elapsed Time=     18.073

 Simulation 2 controller verification wedge                                    

 Note - This MAPDL version was linked by Licensee

          ***** MAPDL RESULTS INTERPRETATION (POST1) *****

 SUM ALL THE ACTIVE ENTRIES IN THE ELEMENT TABLE 

 TABLE LABEL     TOTAL
 ERATE      594.492    
 EVOL      0.170965E-06
 GMASS     0.508178E-04
 LALPHA    0.541735E-03
 LVOL      0.850791E-07
 ALVOL     0.460903E-10

 SUM ALL THE ACTIVE ENTRIES IN THE ELEMENT TABLE 

 TABLE LABEL     TOTAL
 ERATE      298.144    
 EVOL      0.850791E-07
 GMASS     0.253658E-04
 LALPHA    0.108381E-02
 LVOL      0.850791E-07
 ALVOL     0.922095E-10

 EXIT THE MAPDL POST1 DATABASE PROCESSOR


 ***** ROUTINE COMPLETED *****  ELAPSED TIME =        18.080



 *****  MAPDL SOLUTION ROUTINE  *****

  COMMAND FILE CLOSED 


 FINISH SOLUTION PROCESSING


 ***** ROUTINE COMPLETED *****  ELAPSED TIME =        18.082


 SIM2 controller completed

 EXIT MAPDL WITHOUT SAVING DATABASE


 NUMBER OF WARNING MESSAGES ENCOUNTERED=          7
 NUMBER OF ERROR   MESSAGES ENCOUNTERED=          0

+--------------------- M A P D L   S T A T I S T I C S ------------------------+

Release: 2026 R1.02         Build: 26.1       Update: UP20260202   Platform: WINDOWS x64 
Date Run: 07/16/2026   Time: 18:55     Process ID: 8580
Operating System: Windows 11  (Build: 26200)

Processor Model:                           Virtual CPU @ 3.07GHz

Compiler: Intel(R) Fortran Compiler Classic Version 2021.9  (Build: 20230302)
          Intel(R) C/C++ Compiler Classic Version 2021.9  (Build: 20230302)
          AOCL-BLAS 5.1.1 Build 20251008
          Intel(R) oneAPI Math Kernel Library Version 2024.2.3-Product Build 20250403

Number of machines requested            :    1
Total number of cores available         :   14
Number of physical cores available      :   14
Number of processes requested           :    1
Number of threads per process requested :    1
Total number of cores requested         :    1 (Shared Memory Parallel)                    

GPU Acceleration: Not Requested

Job Name: verify_controller
Input File: verify_controller_sim2.dat
Working Directory: Z:\Developer\MIT_Rkt_Team\2026-7\MIT-RT-26_27-Work\simulation_work\solidprop\phenolic_case_study\tmp3_sim2

Total CPU time for main thread                    :        1.0 seconds
Total CPU time summed for all threads             :        0.8 seconds

Elapsed time spent obtaining a license            :       12.5 seconds
Elapsed time spent pre-processing model (/PREP7)  :        0.0 seconds
Elapsed time spent solution - preprocessing       :        0.0 seconds
Elapsed time spent computing solution             :        0.7 seconds
   Elapsed time in element formation & assembly   :        0.0 seconds
   Elapsed time in equation solver                :        0.0 seconds
   Elapsed time in element result calculations    :        0.0 seconds
Elapsed time spent solution - postprocessing      :        0.0 seconds
Elapsed time spent post-processing model (/POST1) :        0.0 seconds
 
Equation solver used                              :            Sparse (symmetric)

Sum of disk space used on all processes           :        0.4 MB

Sum of memory used on all processes               :       42.0 MB
Sum of memory allocated on all processes          :     2304.0 MB
Physical memory available                         :        112 GB
Total amount of I/O written to disk               :        0.0 GB
Total amount of I/O read from disk                :        0.0 GB

+------------------ E N D   M A P D L   S T A T I S T I C S -------------------+


 *-----------------------------------------------------------------------------*
 |                                                                             |
 |                               RUN COMPLETED                                 |
 |                                                                             |
 |-----------------------------------------------------------------------------|
 |                                                                             |
 |  Ansys MAPDL 2026 R1.02      Build 26.1         UP20260202    WINDOWS x64   |
 |                                                                             |
 |-----------------------------------------------------------------------------|
 |                                                                             |
 |  Database Requested(-db)     1024 MB     Scratch Memory Requested   1024 MB |
 |  Max Database Used(Master)      1 MB     Max Scratch Used(Master)     41 MB |
 |  Max Database Used(Workers)     0 MB     Max Scratch Used(Workers)     0 MB |
 |  Sum Database Used(All)         1 MB     Sum Scratch Used(All)        41 MB |
 |                                                                             |
 |-----------------------------------------------------------------------------|
 |                                                                             |
 |        CP Time      (sec) =          0.781       Time  =  18:55:37          |
 |        Elapsed Time (sec) =         29.402       Date  =  07/16/2026        |
 |                                                                             |
 *-----------------------------------------------------------------------------*
