/COM,ANSYS RELEASE 2026 R1.02        BUILD 26.1      UP20260202       19:12:52

 *** WARNING ***                         ELAPSED TIME =      18.939   TIME= 19:12:52
 Brick element 1 has an aspect ratio of 39.37, which exceeds the         
 warning limit of 20.                                                    

 *** WARNING ***                         ELAPSED TIME =      18.939   TIME= 19:12:52
 Brick element 2 has an aspect ratio of 39.37, which exceeds the         
 warning limit of 20.                                                    

 *** WARNING ***                         ELAPSED TIME =      18.949   TIME= 19:12:53
 Entity 11 is undefined.  The ESEL command is ignored.                   

 *** WARNING ***                         ELAPSED TIME =      18.973   TIME= 19:12:53
 Previous testing revealed that 2 of the 2 selected elements violate     
 shape warning limits.  To review warning messages, please see the       
 output or error file, or issue the CHECK command.                       

 *** WARNING ***                         ELAPSED TIME =      18.976   TIME= 19:12:53
 Ansys, Inc.-supplied version of coding for USERCK has been used.        

 *** WARNING ***                         ELAPSED TIME =      20.170   TIME= 19:12:54
 Previous testing revealed that 2 of the 2 selected elements violate     
 shape warning limits.  To review warning messages, please see the       
 output or error file, or issue the CHECK command.                       

 *** WARNING ***                         ELAPSED TIME =      20.172   TIME= 19:12:54
 Ansys, Inc.-supplied version of coding for USERCK has been used.        
