/COM,ANSYS RELEASE 2026 R1.02        BUILD 26.1      UP20260202       13:39:20

 *** WARNING ***                         ELAPSED TIME =      26.753   TIME= 13:39:42
 Element shape checking is currently inactive.  Issue SHPP,ON or         
 SHPP,WARN to reactivate, if desired.                                    

 *** WARNING ***                         ELAPSED TIME =      50.125   TIME= 13:40:06
 Ansys, Inc.-supplied version of coding for USERCK has been used.        

 *** WARNING ***                         ELAPSED TIME =      56.309   TIME= 13:40:12
 Material property DENS of material 3 of element 360433 is evaluated at  
 a temperature of 22, which is below the supplied temperature range.     
 Temperature range checking terminates.                                  

 *** WARNING ***                         ELAPSED TIME =     137.584   TIME= 13:41:33
 Material property DENS of material 3 of element 346627 is evaluated at  
 a temperature of 22, which is below the supplied temperature range.     
 Temperature range checking terminates.                                  

 *** WARNING ***                         ELAPSED TIME =     137.585   TIME= 13:41:33
 Material property DENS of material 3 of element 364591 is evaluated at  
 a temperature of 22, which is below the supplied temperature range.     
 Temperature range checking terminates.                                  

 *** WARNING ***                         ELAPSED TIME =     137.586   TIME= 13:41:33
 Material property DENS of material 3 of element 359168 is evaluated at  
 a temperature of 22, which is below the supplied temperature range.     
 Temperature range checking terminates.                                  

 *** WARNING ***                         ELAPSED TIME =     137.587   TIME= 13:41:33
 Material property DENS of material 3 of element 371072 is evaluated at  
 a temperature of 22, which is below the supplied temperature range.     
 Temperature range checking terminates.                                  

 *** WARNING ***                         ELAPSED TIME =     137.588   TIME= 13:41:33
 Material property DENS of material 4 of element 470241 is evaluated at  
 a temperature of 22, which is below the supplied temperature range.     
 Temperature range checking terminates.                                  

 *** WARNING ***                         ELAPSED TIME =     137.589   TIME= 13:41:33
 Material property KXX of material 1 of element 1956 is evaluated at a   
 temperature of 22, which is below the supplied temperature range.       
 Temperature range checking terminates.                                  

 *** WARNING ***                         ELAPSED TIME =     137.589   TIME= 13:41:33
 Material property DENS of material 3 of element 369233 is evaluated at  
 a temperature of 22, which is below the supplied temperature range.     
 Temperature range checking terminates.                                  
/COM,ANSYS RELEASE 2026 R1.02        BUILD 26.1      UP20260202       17:54:33

 *** ERROR ***                           ELAPSED TIME =      22.589   TIME= 17:54:52
 Load set not found on result file file.rth.                             
/COM,ANSYS RELEASE 2026 R1.02        BUILD 26.1      UP20260202       17:56:34

 *** WARNING ***                         ELAPSED TIME =     450.623   TIME= 18:04:00
 During this session the elapsed time exceeds the CPU time by 253%.      
 This often indicates either a lack of physical memory (RAM) required    
 to efficiently handle this simulation or a particularly slow hard       
 drive configuration.  This simulation can be expected to run faster on  
 identical hardware if additional RAM or a faster hard drive             
 configuration is made available.  For more details, please see the      
 Mechanical APDL Performance Guide which is part of the Ansys Help       
 system.                                                                 
/COM,ANSYS RELEASE 2026 R1.02        BUILD 26.1      UP20260202       18:04:20
