
 Ansys Mechanical Enterprise                       


 *------------------------------------------------------------------*
 |                                                                  |
 |   W E L C O M E   T O   T H E   A N S Y S (R)  P R O G R A M     |
 |                                                                  |
 *------------------------------------------------------------------*




 ***************************************************************
 *         ANSYS MAPDL 2026 R1.02       LEGAL NOTICES          *
 ***************************************************************
 *                                                             *
 * Copyright (c) 2026 Synopsys, Inc. and ANSYS, Inc.           *
 * All rights reserved.                                        *
 * Unauthorized use, distribution or duplication is            *
 * prohibited.                                                 *
 *                                                             *
 * Ansys is a registered trademark of Ansys, Inc. or its       *
 * subsidiaries in the United States or other countries.       *
 * See the Ansys, Inc. online documentation or the Ansys, Inc. *
 * documentation CD or online help for the complete Legal      *
 * Notice.                                                     *
 *                                                             *
 ***************************************************************
 *                                                             *
 * THIS ANSYS SOFTWARE PRODUCT AND PROGRAM DOCUMENTATION       *
 * INCLUDE TRADE SECRETS AND CONFIDENTIAL AND PROPRIETARY      *
 * PRODUCTS OF ANSYS, INC., ITS SUBSIDIARIES, OR LICENSORS.    *
 * The software products and documentation are furnished by    *
 * Ansys, Inc. or its subsidiaries under a software license    *
 * agreement that contains provisions concerning               *
 * non-disclosure, copying, length and nature of use,          *
 * compliance with exporting laws, warranties, disclaimers,    *
 * limitations of liability, and remedies, and other           *
 * provisions.  The software products and documentation may be *
 * used, disclosed, transferred, or copied only in accordance  *
 * with the terms and conditions of that software license      *
 * agreement.                                                  *
 *                                                             *
 * Ansys, Inc. is a UL registered                              *
 * ISO 9001:2015 company.                                      *
 *                                                             *
 ***************************************************************
 *                                                             *
 * This product is subject to U.S. laws governing export and   *
 * re-export.                                                  *
 *                                                             *
 * For U.S. Government users, except as specifically granted   *
 * by the Ansys, Inc. software license agreement, the use,     *
 * duplication, or disclosure by the United States Government  *
 * is subject to restrictions stated in the Ansys, Inc.        *
 * software license agreement and FAR 12.212 (for non-DOD      *
 * licenses).                                                  *
 *                                                             *
 ***************************************************************

 2026 R1.02  
     
 Point Releases and Patches installed:   
     
 Ansys Service Pack 2026 R1.01   
 Ansys Service Pack 2026 R1.02   
 Ansys, Inc. License Manager 2026 R1 
 Ansys, Inc. License Manager 2026 R1.01  
 Ansys, Inc. License Manager 2026 R1.02  
 Discovery (reduced install) 2026 R1 
 Discovery (reduced install) 2026 R1.01  
 Discovery (reduced install) 2026 R1.02  
 Core WB Files 2026 R1   
 Core WB Files 2026 R1.01
 Core WB Files 2026 R1.02
 BladeModeler 2026 R1
 BladeModeler 2026 R1.01 
 BladeModeler 2026 R1.02 
 CFX (includes CFD-Post) 2026 R1 
 CFX (includes CFD-Post) 2026 R1.01  
 CFX (includes CFD-Post) 2026 R1.02  
 CFD-Post only 2026 R1   
 CFD-Post only 2026 R1.01
 CFD-Post only 2026 R1.02
 Chemkin 2026 R1 
 Chemkin 2026 R1.01  
 Chemkin 2026 R1.02  
 EnSight 2026 R1 
 EnSight 2026 R1.01  
 EnSight 2026 R1.02  
 FENSAP-ICE 2026 R1  
 FENSAP-ICE 2026 R1.01   
 FENSAP-ICE 2026 R1.02   
 Fluent (includes CFD-Post) 2026 R1  
 Fluent (includes CFD-Post) 2026 R1.01   
 Fluent (includes CFD-Post) 2026 R1.02   
 Polyflow (includes CFD-Post) 2026 R1
 Polyflow (includes CFD-Post) 2026 R1.01 
 Polyflow (includes CFD-Post) 2026 R1.02 
 Forte (includes EnSight) 2026 R1
 Forte (includes EnSight) 2026 R1.01 
 Forte (includes EnSight) 2026 R1.02 
 ICEM CFD 2026 R1
 ICEM CFD 2026 R1.01 
 ICEM CFD 2026 R1.02 
 RBF Morph Fluids UDF 2026 R1
 RBF Morph Fluids UDF 2026 R1.01 
 RBF Morph Fluids UDF 2026 R1.02 
 RBF Morph Libraries 2026 R1 
 RBF Morph Libraries 2026 R1.01  
 RBF Morph Libraries 2026 R1.02  
 Rocky 2026 R1   
 Rocky 2026 R1.01
 Rocky 2026 R1.02
 Thermal Desktop: AutoCAD 2026 R1
 Thermal Desktop: AutoCAD 2026 R1.01 
 Thermal Desktop: AutoCAD 2026 R1.02 
 Thermal Desktop: Thermal Desktop and TD Designer  2026 R1   
 Thermal Desktop: Thermal Desktop and TD Designer  2026 R1.01
 Thermal Desktop: Thermal Desktop and TD Designer  2026 R1.02
 Thermal Desktop: Sinda Solver 2026 R1   
 Thermal Desktop: Sinda Solver 2026 R1.01
 Thermal Desktop: Sinda Solver 2026 R1.02
 TurboGrid 2026 R1   
 TurboGrid 2026 R1.01
 TurboGrid 2026 R1.02
 Granta EduPack 2026 R1  
 Granta EduPack 2026 R1.01   
 Granta EduPack 2026 R1.02   
 Granta Selector 2026 R1 
 Granta Selector 2026 R1.01  
 Granta Selector 2026 R1.02  
 Dynamic Reporting 2026 R1   
 Dynamic Reporting 2026 R1.01
 Dynamic Reporting 2026 R1.02
 Remote Solve Manager Standalone Services 2026 R1
 Remote Solve Manager Standalone Services 2026 R1.01 
 Remote Solve Manager Standalone Services 2026 R1.02 
 Aqwa 2026 R1
 Aqwa 2026 R1.01 
 Aqwa 2026 R1.02 
 Autodyn 2026 R1 
 Autodyn 2026 R1.01  
 Autodyn 2026 R1.02  
 Customization Files for User Programmable Features 2026 R1  
 Customization Files for User Programmable Features 2026 R1.01   
 Customization Files for User Programmable Features 2026 R1.02   
 LS-DYNA 2026 R1 
 LS-DYNA 2026 R1.01  
 LS-DYNA 2026 R1.02  
 Material Calibration App 2026 R1
 Material Calibration App 2026 R1.01 
 Material Calibration App 2026 R1.02 
 Material Designer 2026 R1   
 Material Designer 2026 R1.01
 Material Designer 2026 R1.02
 Mechanical Products 2026 R1 
 Mechanical Products 2026 R1.01  
 Mechanical Products 2026 R1.02  
 Motion 2026 R1  
 Motion 2026 R1.01   
 Motion 2026 R1.02   
 RBF Morph 2026 R1   
 RBF Morph 2026 R1.01
 RBF Morph 2026 R1.02
 Sherlock 2026 R1
 Sherlock 2026 R1.01 
 Sherlock 2026 R1.02 
 Sound - SAS 2026 R1 
 Sound - SAS 2026 R1.01  
 Sound - SAS 2026 R1.02  
 ACIS Geometry Interface 2026 R1 
 ACIS Geometry Interface 2026 R1.01  
 ACIS Geometry Interface 2026 R1.02  
 AutoCAD Geometry Interface 2026 R1  
 AutoCAD Geometry Interface 2026 R1.01   
 AutoCAD Geometry Interface 2026 R1.02   
 Catia, Version 4 Geometry Interface 2026 R1 
 Catia, Version 4 Geometry Interface 2026 R1.01  
 Catia, Version 4 Geometry Interface 2026 R1.02  
 Catia, Version 5 Geometry Interface 2026 R1 
 Catia, Version 5 Geometry Interface 2026 R1.01  
 Catia, Version 5 Geometry Interface 2026 R1.02  
 Catia, Version 6 Geometry Interface 2026 R1 
 Catia, Version 6 Geometry Interface 2026 R1.01  
 Catia, Version 6 Geometry Interface 2026 R1.02  
 Creo Elements/Direct Modeling Geometry Interface 2026 R1
 Creo Elements/Direct Modeling Geometry Interface 2026 R1.01 
 Creo Elements/Direct Modeling Geometry Interface 2026 R1.02 
 Creo Parametric Geometry Interface 2026 R1  
 Creo Parametric Geometry Interface 2026 R1.01   
 Creo Parametric Geometry Interface 2026 R1.02   
 Inventor Geometry Interface 2026 R1 
 Inventor Geometry Interface 2026 R1.01  
 Inventor Geometry Interface 2026 R1.02  
 JTOpen Geometry Interface 2026 R1   
 JTOpen Geometry Interface 2026 R1.01
 JTOpen Geometry Interface 2026 R1.02
 NX Geometry Interface 2026 R1   
 NX Geometry Interface 2026 R1.01
 NX Geometry Interface 2026 R1.02
 Parasolid Geometry Interface  2026 R1   
 Parasolid Geometry Interface  2026 R1.01
 Parasolid Geometry Interface  2026 R1.02
 Solid Edge Geometry Interface 2026 R1   
 Solid Edge Geometry Interface 2026 R1.01
 Solid Edge Geometry Interface 2026 R1.02
 SOLIDWORKS Geometry Interface 2026 R1   
 SOLIDWORKS Geometry Interface 2026 R1.01
 SOLIDWORKS Geometry Interface 2026 R1.02


          *****  MAPDL COMMAND LINE ARGUMENTS  *****
  INITIAL JOBNAME              = file                                                                                                                                                                                                                                                    
  BATCH MODE REQUESTED (-b)    = NOLIST
  INPUT FILE COPY MODE (-c)    = COPY
  DISTRIBUTED MEMORY PARALLEL REQUESTED
      10 PARALLEL PROCESSES REQUESTED WITH SINGLE THREAD PER PROCESS
    TOTAL OF    10 CORES REQUESTED
  MPI OPTION                   = INTELMPI
  INPUT FILE NAME              = CONIN$
  OUTPUT FILE NAME             = Z:\Developer\MIT_Rkt_Team\2026-7\MIT-RT-26_27-Work\simulation_work\solidprop\phenolic_case_study\tmp3_sim2\resume_runs\ScrResume_step16_v2_20260719\file2.out
  START-UP FILE MODE           = NOREAD
  STOP FILE MODE               = NOREAD
  INITIAL DIRECTORY = Z:\Developer\MIT_Rkt_Team\2026-7\MIT-RT-26_27-Work\simulation_work\solidprop\phenolic_case_study\tmp3_sim2\resume_runs\ScrResume_step16_v2_20260719

 User Link path (ANS_USER_PATH): Z:\Developer\MIT_Rkt_Team\2026-7\MIT-RT-26_27-Work\simulation_work\solidprop\phenolic_case_study\tmp3_sim2                                                                                                                                              

 RELEASE= 2026 R1.02           BUILD= 26.1      UP20260202   VERSION=WINDOWS x64 
 CURRENT JOBNAME=file2  18:08:15  JUL 19, 2026  Elapsed Time=       4.328
 Note - This MAPDL version was linked by Licensee

 *****  MAPDL SOLUTION ROUTINE  *****

 FINISH SOLUTION PROCESSING


 ***** ROUTINE COMPLETED *****  ELAPSED TIME =        21.102



 *****  MAPDL SOLUTION ROUTINE  *****

 *** MAPDL - ENGINEERING ANALYSIS SYSTEM  RELEASE 2026 R1.02       26.1     ***
 Ansys Mechanical Enterprise                       
 00000000  VERSION=WINDOWS x64   18:09:06  JUL 19, 2026 Elapsed Time=     57.200

                                                                               

 Note - This MAPDL version was linked by Licensee

 *** WARNING ***                         ELAPSED TIME =      69.938   TIME= 18:09:19
 Material property DENS of material 3 of element 418192 is evaluated at  
 a temperature of 988.056055, which is above the supplied temperature    
 range.  Temperature range checking terminates.                          

     HT FLOW CONVERGENCE VALUE=   136.7      CRITERION=  0.5024    
    EQUIL ITER   1 COMPLETED.  NEW TRIANG MATRIX.  MAX DOF INC=   22.32    
     HT FLOW CONVERGENCE VALUE=   9.527      CRITERION=  0.5032    
    EQUIL ITER   2 COMPLETED.  NEW TRIANG MATRIX.  MAX DOF INC=  -4.278    
     HT FLOW CONVERGENCE VALUE=   1.348      CRITERION=  0.5053    
    EQUIL ITER   3 COMPLETED.  NEW TRIANG MATRIX.  MAX DOF INC=  0.9252    
     HT FLOW CONVERGENCE VALUE=  0.2194      CRITERION=  0.5048     <<< CONVERGED
    >>> SOLUTION CONVERGED AFTER EQUILIBRIUM ITERATION   3
 *** LOAD STEP    17   SUBSTEP     1  COMPLETED.    CUM ITER =     68
 *** TIME =  0.850000         TIME INC =  0.500000E-01
 *** RESPONSE EIGENVALUE = 0.7909       OSCILLATION LIMIT = 0.3955E-01

 *** NOTE ***                            ELAPSED TIME =     789.689   TIME= 18:21:19
 The number of multiframe restart files exceeds 4, a user specified      
 limit.  The .Rnnn file numbering will be reset to 1.                    

 *** NOTE ***                            ELAPSED TIME =     798.560   TIME= 18:21:28
 During this loadstep the PCG iterative solver took more than 1000       
 iterations to solve the system of equations.  In the future it may be   
 more efficient to choose a direct solver, such as the SPARSE solver,    
 for this analysis.                                                      

 FINISH SOLUTION PROCESSING


 ***** ROUTINE COMPLETED *****  ELAPSED TIME =      1172.502



 *****  MAPDL SOLUTION ROUTINE  *****

 *** MAPDL - ENGINEERING ANALYSIS SYSTEM  RELEASE 2026 R1.02       26.1     ***
 Ansys Mechanical Enterprise                       
 00000000  VERSION=WINDOWS x64   18:28:55  JUL 19, 2026 Elapsed Time=   1246.424

                                                                               

 Note - This MAPDL version was linked by Licensee

     HT FLOW CONVERGENCE VALUE=   131.5      CRITERION=  0.5016    
    EQUIL ITER   1 COMPLETED.  NEW TRIANG MATRIX.  MAX DOF INC=   21.06    
     HT FLOW CONVERGENCE VALUE=   9.209      CRITERION=  0.5029    
    EQUIL ITER   2 COMPLETED.  NEW TRIANG MATRIX.  MAX DOF INC=  -4.065    
     HT FLOW CONVERGENCE VALUE=   1.289      CRITERION=  0.5048    
    EQUIL ITER   3 COMPLETED.  NEW TRIANG MATRIX.  MAX DOF INC=  0.8724    
     HT FLOW CONVERGENCE VALUE=  0.2065      CRITERION=  0.5043     <<< CONVERGED
    >>> SOLUTION CONVERGED AFTER EQUILIBRIUM ITERATION   3
 *** LOAD STEP    18   SUBSTEP     1  COMPLETED.    CUM ITER =     72
 *** TIME =  0.900000         TIME INC =  0.500000E-01
 *** RESPONSE EIGENVALUE = 0.7546       OSCILLATION LIMIT = 0.3773E-01

 *** NOTE ***                            ELAPSED TIME =    2075.509   TIME= 18:42:44
 The number of multiframe restart files exceeds 4, a user specified      
 limit.  The .Rnnn file numbering will be reset to 1.                    

 *** NOTE ***                            ELAPSED TIME =    2085.405   TIME= 18:42:54
 During this loadstep the PCG iterative solver took more than 1000       
 iterations to solve the system of equations.  In the future it may be   
 more efficient to choose a direct solver, such as the SPARSE solver,    
 for this analysis.                                                      

 FINISH SOLUTION PROCESSING


 ***** ROUTINE COMPLETED *****  ELAPSED TIME =      2478.441



 *****  MAPDL SOLUTION ROUTINE  *****

 *** MAPDL - ENGINEERING ANALYSIS SYSTEM  RELEASE 2026 R1.02       26.1     ***
 Ansys Mechanical Enterprise                       
 00000000  VERSION=WINDOWS x64   18:50:41  JUL 19, 2026 Elapsed Time=   2552.205

                                                                               

 Note - This MAPDL version was linked by Licensee

     HT FLOW CONVERGENCE VALUE=   126.9      CRITERION=  0.5010    
    EQUIL ITER   1 COMPLETED.  NEW TRIANG MATRIX.  MAX DOF INC=   19.95    
     HT FLOW CONVERGENCE VALUE=   8.900      CRITERION=  0.5028    
    EQUIL ITER   2 COMPLETED.  NEW TRIANG MATRIX.  MAX DOF INC=  -3.845    
     HT FLOW CONVERGENCE VALUE=   1.229      CRITERION=  0.5045    
    EQUIL ITER   3 COMPLETED.  NEW TRIANG MATRIX.  MAX DOF INC=  0.8109    
     HT FLOW CONVERGENCE VALUE=  0.1935      CRITERION=  0.5041     <<< CONVERGED
    >>> SOLUTION CONVERGED AFTER EQUILIBRIUM ITERATION   3
 *** LOAD STEP    19   SUBSTEP     1  COMPLETED.    CUM ITER =     76
 *** TIME =  0.950000         TIME INC =  0.500000E-01
 *** RESPONSE EIGENVALUE = 0.7216       OSCILLATION LIMIT = 0.3608E-01

 *** NOTE ***                            ELAPSED TIME =    3378.743   TIME= 19:04:28
 The number of multiframe restart files exceeds 4, a user specified      
 limit.  The .Rnnn file numbering will be reset to 1.                    

 *** NOTE ***                            ELAPSED TIME =    3386.457   TIME= 19:04:35
 During this loadstep the PCG iterative solver took more than 1000       
 iterations to solve the system of equations.  In the future it may be   
 more efficient to choose a direct solver, such as the SPARSE solver,    
 for this analysis.                                                      

 FINISH SOLUTION PROCESSING


 ***** ROUTINE COMPLETED *****  ELAPSED TIME =      3753.873



 *****  MAPDL SOLUTION ROUTINE  *****

 *** MAPDL - ENGINEERING ANALYSIS SYSTEM  RELEASE 2026 R1.02       26.1     ***
 Ansys Mechanical Enterprise                       
 00000000  VERSION=WINDOWS x64   19:11:54  JUL 19, 2026 Elapsed Time=   3825.439

                                                                               

 Note - This MAPDL version was linked by Licensee

     HT FLOW CONVERGENCE VALUE=   122.7      CRITERION=  0.5008    
    EQUIL ITER   1 COMPLETED.  NEW TRIANG MATRIX.  MAX DOF INC=   18.98    
     HT FLOW CONVERGENCE VALUE=   8.602      CRITERION=  0.5029    
    EQUIL ITER   2 COMPLETED.  NEW TRIANG MATRIX.  MAX DOF INC=  -3.670    
     HT FLOW CONVERGENCE VALUE=   1.169      CRITERION=  0.5045    
    EQUIL ITER   3 COMPLETED.  NEW TRIANG MATRIX.  MAX DOF INC=  0.7614    
     HT FLOW CONVERGENCE VALUE=  0.1805      CRITERION=  0.5041     <<< CONVERGED
    >>> SOLUTION CONVERGED AFTER EQUILIBRIUM ITERATION   3
 *** LOAD STEP    20   SUBSTEP     1  COMPLETED.    CUM ITER =     80
 *** TIME =   1.00000         TIME INC =  0.500000E-01
 *** RESPONSE EIGENVALUE = 0.6916       OSCILLATION LIMIT = 0.3458E-01

 *** NOTE ***                            ELAPSED TIME =    4652.789   TIME= 19:25:42
 The number of multiframe restart files exceeds 4, a user specified      
 limit.  The .Rnnn file numbering will be reset to 1.                    

 *** NOTE ***                            ELAPSED TIME =    4661.286   TIME= 19:25:50
 During this loadstep the PCG iterative solver took more than 1000       
 iterations to solve the system of equations.  In the future it may be   
 more efficient to choose a direct solver, such as the SPARSE solver,    
 for this analysis.                                                      

 FINISH SOLUTION PROCESSING


 ***** ROUTINE COMPLETED *****  ELAPSED TIME =      5100.680



 *****  MAPDL SOLUTION ROUTINE  *****

 *** MAPDL - ENGINEERING ANALYSIS SYSTEM  RELEASE 2026 R1.02       26.1     ***
 Ansys Mechanical Enterprise                       
 00000000  VERSION=WINDOWS x64   19:34:26  JUL 19, 2026 Elapsed Time=   5177.162

                                                                               

 Note - This MAPDL version was linked by Licensee

     HT FLOW CONVERGENCE VALUE=   118.9      CRITERION=  0.5008    
    EQUIL ITER   1 COMPLETED.  NEW TRIANG MATRIX.  MAX DOF INC=   18.16    
     HT FLOW CONVERGENCE VALUE=   8.312      CRITERION=  0.5031    
    EQUIL ITER   2 COMPLETED.  NEW TRIANG MATRIX.  MAX DOF INC=  -3.497    
     HT FLOW CONVERGENCE VALUE=   1.109      CRITERION=  0.5047    
    EQUIL ITER   3 COMPLETED.  NEW TRIANG MATRIX.  MAX DOF INC=  0.7185    
     HT FLOW CONVERGENCE VALUE=  0.1673      CRITERION=  0.5043     <<< CONVERGED
    >>> SOLUTION CONVERGED AFTER EQUILIBRIUM ITERATION   3
 *** LOAD STEP    21   SUBSTEP     1  COMPLETED.    CUM ITER =     84
 *** TIME =   1.05000         TIME INC =  0.500000E-01
 *** RESPONSE EIGENVALUE = 0.6646       OSCILLATION LIMIT = 0.3323E-01

 *** NOTE ***                            ELAPSED TIME =    6072.980   TIME= 19:49:22
 The number of multiframe restart files exceeds 4, a user specified      
 limit.  The .Rnnn file numbering will be reset to 1.                    

 *** NOTE ***                            ELAPSED TIME =    6086.365   TIME= 19:49:35
 During this loadstep the PCG iterative solver took more than 1000       
 iterations to solve the system of equations.  In the future it may be   
 more efficient to choose a direct solver, such as the SPARSE solver,    
 for this analysis.                                                      

 FINISH SOLUTION PROCESSING


 ***** ROUTINE COMPLETED *****  ELAPSED TIME =      6590.598



 *****  MAPDL SOLUTION ROUTINE  *****

 *** MAPDL - ENGINEERING ANALYSIS SYSTEM  RELEASE 2026 R1.02       26.1     ***
 Ansys Mechanical Enterprise                       
 00000000  VERSION=WINDOWS x64   19:59:36  JUL 19, 2026 Elapsed Time=   6686.863

                                                                               

 Note - This MAPDL version was linked by Licensee

     HT FLOW CONVERGENCE VALUE=   115.4      CRITERION=  0.5010    
    EQUIL ITER   1 COMPLETED.  NEW TRIANG MATRIX.  MAX DOF INC=   17.43    
     HT FLOW CONVERGENCE VALUE=   8.035      CRITERION=  0.5036    
    EQUIL ITER   2 COMPLETED.  NEW TRIANG MATRIX.  MAX DOF INC=  -3.357    
     HT FLOW CONVERGENCE VALUE=   1.050      CRITERION=  0.5050    
    EQUIL ITER   3 COMPLETED.  NEW TRIANG MATRIX.  MAX DOF INC=  0.6830    
     HT FLOW CONVERGENCE VALUE=  0.1546      CRITERION=  0.5046     <<< CONVERGED
    >>> SOLUTION CONVERGED AFTER EQUILIBRIUM ITERATION   3
 *** LOAD STEP    22   SUBSTEP     1  COMPLETED.    CUM ITER =     88
 *** TIME =   1.10000         TIME INC =  0.500000E-01
 *** RESPONSE EIGENVALUE = 0.6402       OSCILLATION LIMIT = 0.3201E-01

 *** NOTE ***                            ELAPSED TIME =    7559.214   TIME= 20:14:08
 The number of multiframe restart files exceeds 4, a user specified      
 limit.  The .Rnnn file numbering will be reset to 1.                    

 *** NOTE ***                            ELAPSED TIME =    7570.897   TIME= 20:14:20
 During this loadstep the PCG iterative solver took more than 1000       
 iterations to solve the system of equations.  In the future it may be   
 more efficient to choose a direct solver, such as the SPARSE solver,    
 for this analysis.                                                      

 FINISH SOLUTION PROCESSING


 ***** ROUTINE COMPLETED *****  ELAPSED TIME =      8067.483



 *****  MAPDL SOLUTION ROUTINE  *****

 *** MAPDL - ENGINEERING ANALYSIS SYSTEM  RELEASE 2026 R1.02       26.1     ***
 Ansys Mechanical Enterprise                       
 00000000  VERSION=WINDOWS x64   20:23:44  JUL 19, 2026 Elapsed Time=   8134.593

                                                                               

 Note - This MAPDL version was linked by Licensee

     HT FLOW CONVERGENCE VALUE=   112.3      CRITERION=  0.5013    
    EQUIL ITER   1 COMPLETED.  NEW TRIANG MATRIX.  MAX DOF INC=   16.74    
     HT FLOW CONVERGENCE VALUE=   7.775      CRITERION=  0.5041    
    EQUIL ITER   2 COMPLETED.  NEW TRIANG MATRIX.  MAX DOF INC=  -3.222    
     HT FLOW CONVERGENCE VALUE=  0.9942      CRITERION=  0.5054    
    EQUIL ITER   3 COMPLETED.  NEW TRIANG MATRIX.  MAX DOF INC=  0.6461    
     HT FLOW CONVERGENCE VALUE=  0.1426      CRITERION=  0.5051     <<< CONVERGED
    >>> SOLUTION CONVERGED AFTER EQUILIBRIUM ITERATION   3
 *** LOAD STEP    23   SUBSTEP     1  COMPLETED.    CUM ITER =     92
 *** TIME =   1.15000         TIME INC =  0.500000E-01
 *** RESPONSE EIGENVALUE = 0.6182       OSCILLATION LIMIT = 0.3091E-01

 *** NOTE ***                            ELAPSED TIME =    9113.513   TIME= 20:40:02
 The number of multiframe restart files exceeds 4, a user specified      
 limit.  The .Rnnn file numbering will be reset to 1.                    

 *** NOTE ***                            ELAPSED TIME =    9127.784   TIME= 20:40:17
 During this loadstep the PCG iterative solver took more than 1000       
 iterations to solve the system of equations.  In the future it may be   
 more efficient to choose a direct solver, such as the SPARSE solver,    
 for this analysis.                                                      

 FINISH SOLUTION PROCESSING


 ***** ROUTINE COMPLETED *****  ELAPSED TIME =      9664.986



 *****  MAPDL SOLUTION ROUTINE  *****

 *** MAPDL - ENGINEERING ANALYSIS SYSTEM  RELEASE 2026 R1.02       26.1     ***
 Ansys Mechanical Enterprise                       
 00000000  VERSION=WINDOWS x64   20:50:35  JUL 19, 2026 Elapsed Time=   9745.892

                                                                               

 Note - This MAPDL version was linked by Licensee

     HT FLOW CONVERGENCE VALUE=   109.3      CRITERION=  0.5018    
    EQUIL ITER   1 COMPLETED.  NEW TRIANG MATRIX.  MAX DOF INC=   16.18    
     HT FLOW CONVERGENCE VALUE=   7.541      CRITERION=  0.5047    
    EQUIL ITER   2 COMPLETED.  NEW TRIANG MATRIX.  MAX DOF INC=  -3.074    
     HT FLOW CONVERGENCE VALUE=  0.9452      CRITERION=  0.5059    
    EQUIL ITER   3 COMPLETED.  NEW TRIANG MATRIX.  MAX DOF INC=  0.6075    
     HT FLOW CONVERGENCE VALUE=  0.1321      CRITERION=  0.5056     <<< CONVERGED
    >>> SOLUTION CONVERGED AFTER EQUILIBRIUM ITERATION   3
 *** LOAD STEP    24   SUBSTEP     1  COMPLETED.    CUM ITER =     96
 *** TIME =   1.20000         TIME INC =  0.500000E-01
 *** RESPONSE EIGENVALUE = 0.5981       OSCILLATION LIMIT = 0.2990E-01

 *** NOTE ***                            ELAPSED TIME =   10593.003   TIME= 21:04:42
 The number of multiframe restart files exceeds 4, a user specified      
 limit.  The .Rnnn file numbering will be reset to 1.                    

 *** NOTE ***                            ELAPSED TIME =   10602.866   TIME= 21:04:52
 During this loadstep the PCG iterative solver took more than 1000       
 iterations to solve the system of equations.  In the future it may be   
 more efficient to choose a direct solver, such as the SPARSE solver,    
 for this analysis.                                                      

 FINISH SOLUTION PROCESSING


 ***** ROUTINE COMPLETED *****  ELAPSED TIME =     11126.503



 *****  MAPDL SOLUTION ROUTINE  *****

 *** MAPDL - ENGINEERING ANALYSIS SYSTEM  RELEASE 2026 R1.02       26.1     ***
 Ansys Mechanical Enterprise                       
 00000000  VERSION=WINDOWS x64   21:15:00  JUL 19, 2026 Elapsed Time=  11211.226

                                                                               

 Note - This MAPDL version was linked by Licensee

     HT FLOW CONVERGENCE VALUE=   106.7      CRITERION=  0.5023    
    EQUIL ITER   1 COMPLETED.  NEW TRIANG MATRIX.  MAX DOF INC=   15.66    
     HT FLOW CONVERGENCE VALUE=   7.335      CRITERION=  0.5054    
    EQUIL ITER   2 COMPLETED.  NEW TRIANG MATRIX.  MAX DOF INC=  -2.913    
     HT FLOW CONVERGENCE VALUE=  0.9017      CRITERION=  0.5066    
    EQUIL ITER   3 COMPLETED.  NEW TRIANG MATRIX.  MAX DOF INC=  0.5676    
     HT FLOW CONVERGENCE VALUE=  0.1228      CRITERION=  0.5063     <<< CONVERGED
    >>> SOLUTION CONVERGED AFTER EQUILIBRIUM ITERATION   3
 *** LOAD STEP    25   SUBSTEP     1  COMPLETED.    CUM ITER =    100
 *** TIME =   1.25000         TIME INC =  0.500000E-01
 *** RESPONSE EIGENVALUE = 0.5794       OSCILLATION LIMIT = 0.2897E-01

 *** NOTE ***                            ELAPSED TIME =   12167.083   TIME= 21:30:56
 The number of multiframe restart files exceeds 4, a user specified      
 limit.  The .Rnnn file numbering will be reset to 1.                    

 *** NOTE ***                            ELAPSED TIME =   12179.103   TIME= 21:31:08
 During this loadstep the PCG iterative solver took more than 1000       
 iterations to solve the system of equations.  In the future it may be   
 more efficient to choose a direct solver, such as the SPARSE solver,    
 for this analysis.                                                      

 FINISH SOLUTION PROCESSING


 ***** ROUTINE COMPLETED *****  ELAPSED TIME =     12744.712



 *****  MAPDL SOLUTION ROUTINE  *****

 *** MAPDL - ENGINEERING ANALYSIS SYSTEM  RELEASE 2026 R1.02       26.1     ***
 Ansys Mechanical Enterprise                       
 00000000  VERSION=WINDOWS x64   21:41:55  JUL 19, 2026 Elapsed Time=  12825.601

                                                                               

 Note - This MAPDL version was linked by Licensee

     HT FLOW CONVERGENCE VALUE=   104.2      CRITERION=  0.5029    
    EQUIL ITER   1 COMPLETED.  NEW TRIANG MATRIX.  MAX DOF INC=   15.18    
     HT FLOW CONVERGENCE VALUE=   7.139      CRITERION=  0.5062    
    EQUIL ITER   2 COMPLETED.  NEW TRIANG MATRIX.  MAX DOF INC=  -2.800    
     HT FLOW CONVERGENCE VALUE=  0.8609      CRITERION=  0.5072    
    EQUIL ITER   3 COMPLETED.  NEW TRIANG MATRIX.  MAX DOF INC=  0.5356    
     HT FLOW CONVERGENCE VALUE=  0.1141      CRITERION=  0.5070     <<< CONVERGED
    >>> SOLUTION CONVERGED AFTER EQUILIBRIUM ITERATION   3
 *** LOAD STEP    26   SUBSTEP     1  COMPLETED.    CUM ITER =    104
 *** TIME =   1.30000         TIME INC =  0.500000E-01
 *** RESPONSE EIGENVALUE = 0.5621       OSCILLATION LIMIT = 0.2811E-01

 *** NOTE ***                            ELAPSED TIME =   13742.830   TIME= 21:57:12
 The number of multiframe restart files exceeds 4, a user specified      
 limit.  The .Rnnn file numbering will be reset to 1.                    

 *** NOTE ***                            ELAPSED TIME =   13754.977   TIME= 21:57:24
 During this loadstep the PCG iterative solver took more than 1000       
 iterations to solve the system of equations.  In the future it may be   
 more efficient to choose a direct solver, such as the SPARSE solver,    
 for this analysis.                                                      

 FINISH SOLUTION PROCESSING


 ***** ROUTINE COMPLETED *****  ELAPSED TIME =     14365.128



 *****  MAPDL SOLUTION ROUTINE  *****

 *** MAPDL - ENGINEERING ANALYSIS SYSTEM  RELEASE 2026 R1.02       26.1     ***
 Ansys Mechanical Enterprise                       
 00000000  VERSION=WINDOWS x64   22:09:07  JUL 19, 2026 Elapsed Time=  14457.583

                                                                               

 Note - This MAPDL version was linked by Licensee

     HT FLOW CONVERGENCE VALUE=   101.9      CRITERION=  0.5036    
    EQUIL ITER   1 COMPLETED.  NEW TRIANG MATRIX.  MAX DOF INC=   14.74    
     HT FLOW CONVERGENCE VALUE=   6.951      CRITERION=  0.5070    
    EQUIL ITER   2 COMPLETED.  NEW TRIANG MATRIX.  MAX DOF INC=  -2.693    
     HT FLOW CONVERGENCE VALUE=  0.8221      CRITERION=  0.5080    
    EQUIL ITER   3 COMPLETED.  NEW TRIANG MATRIX.  MAX DOF INC=  0.5083    
     HT FLOW CONVERGENCE VALUE=  0.1060      CRITERION=  0.5077     <<< CONVERGED
    >>> SOLUTION CONVERGED AFTER EQUILIBRIUM ITERATION   3
 *** LOAD STEP    27   SUBSTEP     1  COMPLETED.    CUM ITER =    108
 *** TIME =   1.35000         TIME INC =  0.500000E-01
 *** RESPONSE EIGENVALUE = 0.5462       OSCILLATION LIMIT = 0.2731E-01

 *** NOTE ***                            ELAPSED TIME =   15370.748   TIME= 22:24:20
 The number of multiframe restart files exceeds 4, a user specified      
 limit.  The .Rnnn file numbering will be reset to 1.                    

 *** NOTE ***                            ELAPSED TIME =   15380.590   TIME= 22:24:30
 During this loadstep the PCG iterative solver took more than 1000       
 iterations to solve the system of equations.  In the future it may be   
 more efficient to choose a direct solver, such as the SPARSE solver,    
 for this analysis.                                                      

 FINISH SOLUTION PROCESSING


 ***** ROUTINE COMPLETED *****  ELAPSED TIME =     15966.187



 *****  MAPDL SOLUTION ROUTINE  *****

 *** MAPDL - ENGINEERING ANALYSIS SYSTEM  RELEASE 2026 R1.02       26.1     ***
 Ansys Mechanical Enterprise                       
 00000000  VERSION=WINDOWS x64   22:35:39  JUL 19, 2026 Elapsed Time=  16049.619

                                                                               

 Note - This MAPDL version was linked by Licensee

     HT FLOW CONVERGENCE VALUE=   99.75      CRITERION=  0.5044    
    EQUIL ITER   1 COMPLETED.  NEW TRIANG MATRIX.  MAX DOF INC=   14.32    
     HT FLOW CONVERGENCE VALUE=   6.761      CRITERION=  0.5078    
    EQUIL ITER   2 COMPLETED.  NEW TRIANG MATRIX.  MAX DOF INC=  -2.567    
     HT FLOW CONVERGENCE VALUE=  0.7838      CRITERION=  0.5088    
    EQUIL ITER   3 COMPLETED.  NEW TRIANG MATRIX.  MAX DOF INC=  0.4766    
     HT FLOW CONVERGENCE VALUE=  0.9836E-01  CRITERION=  0.5085     <<< CONVERGED
    >>> SOLUTION CONVERGED AFTER EQUILIBRIUM ITERATION   3
 *** LOAD STEP    28   SUBSTEP     1  COMPLETED.    CUM ITER =    112
 *** TIME =   1.40000         TIME INC =  0.500000E-01
 *** RESPONSE EIGENVALUE = 0.5315       OSCILLATION LIMIT = 0.2658E-01

 *** NOTE ***                            ELAPSED TIME =   17016.408   TIME= 22:51:45
 The number of multiframe restart files exceeds 4, a user specified      
 limit.  The .Rnnn file numbering will be reset to 1.                    

 *** NOTE ***                            ELAPSED TIME =   17027.617   TIME= 22:51:57
 During this loadstep the PCG iterative solver took more than 1000       
 iterations to solve the system of equations.  In the future it may be   
 more efficient to choose a direct solver, such as the SPARSE solver,    
 for this analysis.                                                      

 FINISH SOLUTION PROCESSING


 ***** ROUTINE COMPLETED *****  ELAPSED TIME =     17639.799



 *****  MAPDL SOLUTION ROUTINE  *****

 *** MAPDL - ENGINEERING ANALYSIS SYSTEM  RELEASE 2026 R1.02       26.1     ***
 Ansys Mechanical Enterprise                       
 00000000  VERSION=WINDOWS x64   23:03:32  JUL 19, 2026 Elapsed Time=  17722.969

                                                                               

 Note - This MAPDL version was linked by Licensee

     HT FLOW CONVERGENCE VALUE=   97.77      CRITERION=  0.5052    
    EQUIL ITER   1 COMPLETED.  NEW TRIANG MATRIX.  MAX DOF INC=   13.92    
     HT FLOW CONVERGENCE VALUE=   6.572      CRITERION=  0.5087    
    EQUIL ITER   2 COMPLETED.  NEW TRIANG MATRIX.  MAX DOF INC=  -2.462    
     HT FLOW CONVERGENCE VALUE=  0.7466      CRITERION=  0.5096    
    EQUIL ITER   3 COMPLETED.  NEW TRIANG MATRIX.  MAX DOF INC=  0.4483    
     HT FLOW CONVERGENCE VALUE=  0.9110E-01  CRITERION=  0.5094     <<< CONVERGED
    >>> SOLUTION CONVERGED AFTER EQUILIBRIUM ITERATION   3
 *** LOAD STEP    29   SUBSTEP     1  COMPLETED.    CUM ITER =    116
 *** TIME =   1.45000         TIME INC =  0.500000E-01
 *** RESPONSE EIGENVALUE = 0.5181       OSCILLATION LIMIT = 0.2590E-01

 *** NOTE ***                            ELAPSED TIME =   18649.218   TIME= 23:18:58
 The number of multiframe restart files exceeds 4, a user specified      
 limit.  The .Rnnn file numbering will be reset to 1.                    

 *** NOTE ***                            ELAPSED TIME =   18659.281   TIME= 23:19:08
 During this loadstep the PCG iterative solver took more than 1000       
 iterations to solve the system of equations.  In the future it may be   
 more efficient to choose a direct solver, such as the SPARSE solver,    
 for this analysis.                                                      

 FINISH SOLUTION PROCESSING


 ***** ROUTINE COMPLETED *****  ELAPSED TIME =     19280.239



 *****  MAPDL SOLUTION ROUTINE  *****

 *** MAPDL - ENGINEERING ANALYSIS SYSTEM  RELEASE 2026 R1.02       26.1     ***
 Ansys Mechanical Enterprise                       
 00000000  VERSION=WINDOWS x64   23:31:00  JUL 19, 2026 Elapsed Time=  19370.735

                                                                               

 Note - This MAPDL version was linked by Licensee

     HT FLOW CONVERGENCE VALUE=   95.93      CRITERION=  0.5060    
    EQUIL ITER   1 COMPLETED.  NEW TRIANG MATRIX.  MAX DOF INC=   13.60    
     HT FLOW CONVERGENCE VALUE=   6.390      CRITERION=  0.5096    
    EQUIL ITER   2 COMPLETED.  NEW TRIANG MATRIX.  MAX DOF INC=  -2.366    
     HT FLOW CONVERGENCE VALUE=  0.7108      CRITERION=  0.5104    
    EQUIL ITER   3 COMPLETED.  NEW TRIANG MATRIX.  MAX DOF INC=  0.4219    
     HT FLOW CONVERGENCE VALUE=  0.8434E-01  CRITERION=  0.5102     <<< CONVERGED
    >>> SOLUTION CONVERGED AFTER EQUILIBRIUM ITERATION   3
 *** LOAD STEP    30   SUBSTEP     1  COMPLETED.    CUM ITER =    120
 *** TIME =   1.50000         TIME INC =  0.500000E-01
 *** RESPONSE EIGENVALUE = 0.5057       OSCILLATION LIMIT = 0.2528E-01

 *** NOTE ***                            ELAPSED TIME =   20363.175   TIME= 23:47:32
 The number of multiframe restart files exceeds 4, a user specified      
 limit.  The .Rnnn file numbering will be reset to 1.                    

 *** NOTE ***                            ELAPSED TIME =   20373.396   TIME= 23:47:42
 During this loadstep the PCG iterative solver took more than 1000       
 iterations to solve the system of equations.  In the future it may be   
 more efficient to choose a direct solver, such as the SPARSE solver,    
 for this analysis.                                                      

 FINISH SOLUTION PROCESSING


 ***** ROUTINE COMPLETED *****  ELAPSED TIME =     21008.787



 *****  MAPDL SOLUTION ROUTINE  *****

 *** MAPDL - ENGINEERING ANALYSIS SYSTEM  RELEASE 2026 R1.02       26.1     ***
 Ansys Mechanical Enterprise                       
 00000000  VERSION=WINDOWS x64   23:59:42  JUL 19, 2026 Elapsed Time=  21093.470

                                                                               

 Note - This MAPDL version was linked by Licensee

     HT FLOW CONVERGENCE VALUE=   94.21      CRITERION=  0.5068    
    EQUIL ITER   1 COMPLETED.  NEW TRIANG MATRIX.  MAX DOF INC=   13.32    
     HT FLOW CONVERGENCE VALUE=   6.212      CRITERION=  0.5106    
    EQUIL ITER   2 COMPLETED.  NEW TRIANG MATRIX.  MAX DOF INC=  -2.272    
     HT FLOW CONVERGENCE VALUE=  0.6764      CRITERION=  0.5113    
    EQUIL ITER   3 COMPLETED.  NEW TRIANG MATRIX.  MAX DOF INC=  0.3982    
     HT FLOW CONVERGENCE VALUE=  0.7804E-01  CRITERION=  0.5111     <<< CONVERGED
    >>> SOLUTION CONVERGED AFTER EQUILIBRIUM ITERATION   3
 *** LOAD STEP    31   SUBSTEP     1  COMPLETED.    CUM ITER =    124
 *** TIME =   1.55000         TIME INC =  0.500000E-01
 *** RESPONSE EIGENVALUE = 0.4942       OSCILLATION LIMIT = 0.2471E-01

 *** NOTE ***                            ELAPSED TIME =   22036.194   TIME= 09:30:41
 The number of multiframe restart files exceeds 4, a user specified      
 limit.  The .Rnnn file numbering will be reset to 1.                    

 *** NOTE ***                            ELAPSED TIME =   22044.419   TIME= 09:30:49
 During this loadstep the PCG iterative solver took more than 1000       
 iterations to solve the system of equations.  In the future it may be   
 more efficient to choose a direct solver, such as the SPARSE solver,    
 for this analysis.                                                      

 FINISH SOLUTION PROCESSING


 ***** ROUTINE COMPLETED *****  ELAPSED TIME =     22544.035



 *****  MAPDL SOLUTION ROUTINE  *****

 *** MAPDL - ENGINEERING ANALYSIS SYSTEM  RELEASE 2026 R1.02       26.1     ***
 Ansys Mechanical Enterprise                       
 00000000  VERSION=WINDOWS x64   09:41:23  JUL 20, 2026 Elapsed Time=  22678.302

                                                                               

 Note - This MAPDL version was linked by Licensee

     HT FLOW CONVERGENCE VALUE=   92.60      CRITERION=  0.5077    
    EQUIL ITER   1 COMPLETED.  NEW TRIANG MATRIX.  MAX DOF INC=   13.05    
     HT FLOW CONVERGENCE VALUE=   6.040      CRITERION=  0.5115    
    EQUIL ITER   2 COMPLETED.  NEW TRIANG MATRIX.  MAX DOF INC=  -2.182    
     HT FLOW CONVERGENCE VALUE=  0.6436      CRITERION=  0.5122    
    EQUIL ITER   3 COMPLETED.  NEW TRIANG MATRIX.  MAX DOF INC=  0.3759    
     HT FLOW CONVERGENCE VALUE=  0.7226E-01  CRITERION=  0.5120     <<< CONVERGED
    >>> SOLUTION CONVERGED AFTER EQUILIBRIUM ITERATION   3
 *** LOAD STEP    32   SUBSTEP     1  COMPLETED.    CUM ITER =    128
 *** TIME =   1.60000         TIME INC =  0.500000E-01
 *** RESPONSE EIGENVALUE = 0.4836       OSCILLATION LIMIT = 0.2418E-01

 *** NOTE ***                            ELAPSED TIME =   23590.552   TIME= 09:56:36
 The number of multiframe restart files exceeds 4, a user specified      
 limit.  The .Rnnn file numbering will be reset to 1.                    

 *** NOTE ***                            ELAPSED TIME =   23599.064   TIME= 09:56:44
 During this loadstep the PCG iterative solver took more than 1000       
 iterations to solve the system of equations.  In the future it may be   
 more efficient to choose a direct solver, such as the SPARSE solver,    
 for this analysis.                                                      

 FINISH SOLUTION PROCESSING


 ***** ROUTINE COMPLETED *****  ELAPSED TIME =     24165.754



 *****  MAPDL SOLUTION ROUTINE  *****

 *** MAPDL - ENGINEERING ANALYSIS SYSTEM  RELEASE 2026 R1.02       26.1     ***
 Ansys Mechanical Enterprise                       
 00000000  VERSION=WINDOWS x64   10:07:38  JUL 20, 2026 Elapsed Time=  24252.641

                                                                               

 Note - This MAPDL version was linked by Licensee

     HT FLOW CONVERGENCE VALUE=   91.08      CRITERION=  0.5086    
    EQUIL ITER   1 COMPLETED.  NEW TRIANG MATRIX.  MAX DOF INC=   12.82    
     HT FLOW CONVERGENCE VALUE=   5.880      CRITERION=  0.5125    
    EQUIL ITER   2 COMPLETED.  NEW TRIANG MATRIX.  MAX DOF INC=  -2.093    
     HT FLOW CONVERGENCE VALUE=  0.6135      CRITERION=  0.5131    
    EQUIL ITER   3 COMPLETED.  NEW TRIANG MATRIX.  MAX DOF INC=  0.3536    
     HT FLOW CONVERGENCE VALUE=  0.6700E-01  CRITERION=  0.5130     <<< CONVERGED
    >>> SOLUTION CONVERGED AFTER EQUILIBRIUM ITERATION   3
 *** LOAD STEP    33   SUBSTEP     1  COMPLETED.    CUM ITER =    132
 *** TIME =   1.65000         TIME INC =  0.500000E-01
 *** RESPONSE EIGENVALUE = 0.4738       OSCILLATION LIMIT = 0.2369E-01

 *** NOTE ***                            ELAPSED TIME =   25229.359   TIME= 10:23:54
 The number of multiframe restart files exceeds 4, a user specified      
 limit.  The .Rnnn file numbering will be reset to 1.                    

 *** NOTE ***                            ELAPSED TIME =   25237.398   TIME= 10:24:03
 During this loadstep the PCG iterative solver took more than 1000       
 iterations to solve the system of equations.  In the future it may be   
 more efficient to choose a direct solver, such as the SPARSE solver,    
 for this analysis.                                                      

 FINISH SOLUTION PROCESSING


 ***** ROUTINE COMPLETED *****  ELAPSED TIME =     25883.125



 *****  MAPDL SOLUTION ROUTINE  *****

 *** MAPDL - ENGINEERING ANALYSIS SYSTEM  RELEASE 2026 R1.02       26.1     ***
 Ansys Mechanical Enterprise                       
 00000000  VERSION=WINDOWS x64   10:36:11  JUL 20, 2026 Elapsed Time=  25965.709

                                                                               

 Note - This MAPDL version was linked by Licensee

     HT FLOW CONVERGENCE VALUE=   89.66      CRITERION=  0.5095    
    EQUIL ITER   1 COMPLETED.  NEW TRIANG MATRIX.  MAX DOF INC=   12.61    
     HT FLOW CONVERGENCE VALUE=   5.743      CRITERION=  0.5135    
    EQUIL ITER   2 COMPLETED.  NEW TRIANG MATRIX.  MAX DOF INC=  -2.023    
     HT FLOW CONVERGENCE VALUE=  0.5862      CRITERION=  0.5140    
    EQUIL ITER   3 COMPLETED.  NEW TRIANG MATRIX.  MAX DOF INC=  0.3328    
     HT FLOW CONVERGENCE VALUE=  0.6231E-01  CRITERION=  0.5139     <<< CONVERGED
    >>> SOLUTION CONVERGED AFTER EQUILIBRIUM ITERATION   3
 *** LOAD STEP    34   SUBSTEP     1  COMPLETED.    CUM ITER =    136
 *** TIME =   1.70000         TIME INC =  0.500000E-01
 *** RESPONSE EIGENVALUE = 0.4647       OSCILLATION LIMIT = 0.2324E-01

 *** NOTE ***                            ELAPSED TIME =   26940.990   TIME= 10:52:26
 The number of multiframe restart files exceeds 4, a user specified      
 limit.  The .Rnnn file numbering will be reset to 1.                    

 *** NOTE ***                            ELAPSED TIME =   26949.064   TIME= 10:52:34
 During this loadstep the PCG iterative solver took more than 1000       
 iterations to solve the system of equations.  In the future it may be   
 more efficient to choose a direct solver, such as the SPARSE solver,    
 for this analysis.                                                      

 FINISH SOLUTION PROCESSING


 ***** ROUTINE COMPLETED *****  ELAPSED TIME =     27889.609



 *****  MAPDL SOLUTION ROUTINE  *****

 *** MAPDL - ENGINEERING ANALYSIS SYSTEM  RELEASE 2026 R1.02       26.1     ***
 Ansys Mechanical Enterprise                       
 00000000  VERSION=WINDOWS x64   11:09:46  JUL 20, 2026 Elapsed Time=  27981.060

                                                                               

 Note - This MAPDL version was linked by Licensee

     HT FLOW CONVERGENCE VALUE=   88.31      CRITERION=  0.5105    
    EQUIL ITER   1 COMPLETED.  NEW TRIANG MATRIX.  MAX DOF INC=   12.40    
     HT FLOW CONVERGENCE VALUE=   5.614      CRITERION=  0.5145    
    EQUIL ITER   2 COMPLETED.  NEW TRIANG MATRIX.  MAX DOF INC=  -1.947    
     HT FLOW CONVERGENCE VALUE=  0.5608      CRITERION=  0.5150    
    EQUIL ITER   3 COMPLETED.  NEW TRIANG MATRIX.  MAX DOF INC=  0.3131    
     HT FLOW CONVERGENCE VALUE=  0.5807E-01  CRITERION=  0.5148     <<< CONVERGED
    >>> SOLUTION CONVERGED AFTER EQUILIBRIUM ITERATION   3
 *** LOAD STEP    35   SUBSTEP     1  COMPLETED.    CUM ITER =    140
 *** TIME =   1.75000         TIME INC =  0.500000E-01
 *** RESPONSE EIGENVALUE = 0.4562       OSCILLATION LIMIT = 0.2281E-01

 *** NOTE ***                            ELAPSED TIME =   28981.666   TIME= 11:26:27
 The number of multiframe restart files exceeds 4, a user specified      
 limit.  The .Rnnn file numbering will be reset to 1.                    

 *** NOTE ***                            ELAPSED TIME =   28991.273   TIME= 11:26:36
 During this loadstep the PCG iterative solver took more than 1000       
 iterations to solve the system of equations.  In the future it may be   
 more efficient to choose a direct solver, such as the SPARSE solver,    
 for this analysis.                                                      

 FINISH SOLUTION PROCESSING


 ***** ROUTINE COMPLETED *****  ELAPSED TIME =     29674.238



 *****  MAPDL SOLUTION ROUTINE  *****

 *** MAPDL - ENGINEERING ANALYSIS SYSTEM  RELEASE 2026 R1.02       26.1     ***
 Ansys Mechanical Enterprise                       
 00000000  VERSION=WINDOWS x64   11:39:48  JUL 20, 2026 Elapsed Time=  29782.715

                                                                               

 Note - This MAPDL version was linked by Licensee

     HT FLOW CONVERGENCE VALUE=   87.05      CRITERION=  0.5114    
    EQUIL ITER   1 COMPLETED.  NEW TRIANG MATRIX.  MAX DOF INC=   12.23    
     HT FLOW CONVERGENCE VALUE=   5.490      CRITERION=  0.5155    
    EQUIL ITER   2 COMPLETED.  NEW TRIANG MATRIX.  MAX DOF INC=  -1.867    
     HT FLOW CONVERGENCE VALUE=  0.5371      CRITERION=  0.5159    
    EQUIL ITER   3 COMPLETED.  NEW TRIANG MATRIX.  MAX DOF INC=  0.2945    
     HT FLOW CONVERGENCE VALUE=  0.5418E-01  CRITERION=  0.5158     <<< CONVERGED
    >>> SOLUTION CONVERGED AFTER EQUILIBRIUM ITERATION   3
 *** LOAD STEP    36   SUBSTEP     1  COMPLETED.    CUM ITER =    144
 *** TIME =   1.80000         TIME INC =  0.500000E-01
 *** RESPONSE EIGENVALUE = 0.4481       OSCILLATION LIMIT = 0.2241E-01

 *** NOTE ***                            ELAPSED TIME =   30892.150   TIME= 11:58:17
 The number of multiframe restart files exceeds 4, a user specified      
 limit.  The .Rnnn file numbering will be reset to 1.                    

 *** NOTE ***                            ELAPSED TIME =   30903.306   TIME= 11:58:28
 During this loadstep the PCG iterative solver took more than 1000       
 iterations to solve the system of equations.  In the future it may be   
 more efficient to choose a direct solver, such as the SPARSE solver,    
 for this analysis.                                                      

 FINISH SOLUTION PROCESSING


 ***** ROUTINE COMPLETED *****  ELAPSED TIME =     31761.808



 *****  MAPDL SOLUTION ROUTINE  *****

 *** MAPDL - ENGINEERING ANALYSIS SYSTEM  RELEASE 2026 R1.02       26.1     ***
 Ansys Mechanical Enterprise                       
 00000000  VERSION=WINDOWS x64   12:14:24  JUL 20, 2026 Elapsed Time=  31859.274

                                                                               

 Note - This MAPDL version was linked by Licensee

     HT FLOW CONVERGENCE VALUE=   85.85      CRITERION=  0.5124    
    EQUIL ITER   1 COMPLETED.  NEW TRIANG MATRIX.  MAX DOF INC=   12.06    
     HT FLOW CONVERGENCE VALUE=   5.375      CRITERION=  0.5165    
    EQUIL ITER   2 COMPLETED.  NEW TRIANG MATRIX.  MAX DOF INC=  -1.790    
     HT FLOW CONVERGENCE VALUE=  0.5149      CRITERION=  0.5169     <<< CONVERGED
    >>> SOLUTION CONVERGED AFTER EQUILIBRIUM ITERATION   2
 *** LOAD STEP    37   SUBSTEP     1  COMPLETED.    CUM ITER =    147
 *** TIME =   1.85000         TIME INC =  0.500000E-01
 *** RESPONSE EIGENVALUE = 0.4480       OSCILLATION LIMIT = 0.2240E-01

 *** NOTE ***                            ELAPSED TIME =   32702.670   TIME= 12:28:28
 The number of multiframe restart files exceeds 4, a user specified      
 limit.  The .Rnnn file numbering will be reset to 1.                    

 *** NOTE ***                            ELAPSED TIME =   32714.157   TIME= 12:28:39
 During this loadstep the PCG iterative solver took more than 1000       
 iterations to solve the system of equations.  In the future it may be   
 more efficient to choose a direct solver, such as the SPARSE solver,    
 for this analysis.                                                      

 FINISH SOLUTION PROCESSING


 ***** ROUTINE COMPLETED *****  ELAPSED TIME =     33566.949



 *****  MAPDL SOLUTION ROUTINE  *****

 *** MAPDL - ENGINEERING ANALYSIS SYSTEM  RELEASE 2026 R1.02       26.1     ***
 Ansys Mechanical Enterprise                       
 00000000  VERSION=WINDOWS x64   12:44:27  JUL 20, 2026 Elapsed Time=  33661.360

                                                                               

 Note - This MAPDL version was linked by Licensee

     HT FLOW CONVERGENCE VALUE=   84.66      CRITERION=  0.5134    
    EQUIL ITER   1 COMPLETED.  NEW TRIANG MATRIX.  MAX DOF INC=   11.89    
     HT FLOW CONVERGENCE VALUE=   5.261      CRITERION=  0.5175    
    EQUIL ITER   2 COMPLETED.  NEW TRIANG MATRIX.  MAX DOF INC=  -1.723    
     HT FLOW CONVERGENCE VALUE=  0.4936      CRITERION=  0.5178     <<< CONVERGED
    >>> SOLUTION CONVERGED AFTER EQUILIBRIUM ITERATION   2
 *** LOAD STEP    38   SUBSTEP     1  COMPLETED.    CUM ITER =    150
 *** TIME =   1.90000         TIME INC =  0.500000E-01
 *** RESPONSE EIGENVALUE = 0.4318       OSCILLATION LIMIT = 0.2159E-01

 *** NOTE ***                            ELAPSED TIME =   34487.294   TIME= 12:58:12
 The number of multiframe restart files exceeds 4, a user specified      
 limit.  The .Rnnn file numbering will be reset to 1.                    

 *** NOTE ***                            ELAPSED TIME =   34498.539   TIME= 12:58:24
 During this loadstep the PCG iterative solver took more than 1000       
 iterations to solve the system of equations.  In the future it may be   
 more efficient to choose a direct solver, such as the SPARSE solver,    
 for this analysis.                                                      

 FINISH SOLUTION PROCESSING


 ***** ROUTINE COMPLETED *****  ELAPSED TIME =     35363.436



 *****  MAPDL SOLUTION ROUTINE  *****

 *** MAPDL - ENGINEERING ANALYSIS SYSTEM  RELEASE 2026 R1.02       26.1     ***
 Ansys Mechanical Enterprise                       
 00000000  VERSION=WINDOWS x64   13:14:29  JUL 20, 2026 Elapsed Time=  35463.599

                                                                               

 Note - This MAPDL version was linked by Licensee

     HT FLOW CONVERGENCE VALUE=   83.60      CRITERION=  0.5144    
    EQUIL ITER   1 COMPLETED.  NEW TRIANG MATRIX.  MAX DOF INC=   11.73    
     HT FLOW CONVERGENCE VALUE=   5.161      CRITERION=  0.5185    
    EQUIL ITER   2 COMPLETED.  NEW TRIANG MATRIX.  MAX DOF INC=  -1.659    
     HT FLOW CONVERGENCE VALUE=  0.4745      CRITERION=  0.5188     <<< CONVERGED
    >>> SOLUTION CONVERGED AFTER EQUILIBRIUM ITERATION   2
 *** LOAD STEP    39   SUBSTEP     1  COMPLETED.    CUM ITER =    153
 *** TIME =   1.95000         TIME INC =  0.500000E-01
 *** RESPONSE EIGENVALUE = 0.4245       OSCILLATION LIMIT = 0.2123E-01

 *** NOTE ***                            ELAPSED TIME =   36322.000   TIME= 13:28:47
 The number of multiframe restart files exceeds 4, a user specified      
 limit.  The .Rnnn file numbering will be reset to 1.                    

 *** NOTE ***                            ELAPSED TIME =   36332.577   TIME= 13:28:58
 During this loadstep the PCG iterative solver took more than 1000       
 iterations to solve the system of equations.  In the future it may be   
 more efficient to choose a direct solver, such as the SPARSE solver,    
 for this analysis.                                                      

 FINISH SOLUTION PROCESSING


 ***** ROUTINE COMPLETED *****  ELAPSED TIME =     37201.537



 *****  MAPDL SOLUTION ROUTINE  *****

 *** MAPDL - ENGINEERING ANALYSIS SYSTEM  RELEASE 2026 R1.02       26.1     ***
 Ansys Mechanical Enterprise                       
 00000000  VERSION=WINDOWS x64   13:45:09  JUL 20, 2026 Elapsed Time=  37303.473

                                                                               

 Note - This MAPDL version was linked by Licensee

     HT FLOW CONVERGENCE VALUE=   82.61      CRITERION=  0.5154    
    EQUIL ITER   1 COMPLETED.  NEW TRIANG MATRIX.  MAX DOF INC=   11.57    
     HT FLOW CONVERGENCE VALUE=   5.065      CRITERION=  0.5195    
    EQUIL ITER   2 COMPLETED.  NEW TRIANG MATRIX.  MAX DOF INC=  -1.601    
     HT FLOW CONVERGENCE VALUE=  0.4571      CRITERION=  0.5198     <<< CONVERGED
    >>> SOLUTION CONVERGED AFTER EQUILIBRIUM ITERATION   2
 *** LOAD STEP    40   SUBSTEP     1  COMPLETED.    CUM ITER =    156
 *** TIME =   2.00000         TIME INC =  0.500000E-01
 *** RESPONSE EIGENVALUE = 0.4188       OSCILLATION LIMIT = 0.2094E-01

 *** NOTE ***                            ELAPSED TIME =   38123.705   TIME= 13:58:49
 The number of multiframe restart files exceeds 4, a user specified      
 limit.  The .Rnnn file numbering will be reset to 1.                    

 *** NOTE ***                            ELAPSED TIME =   38134.138   TIME= 13:58:59
 During this loadstep the PCG iterative solver took more than 1000       
 iterations to solve the system of equations.  In the future it may be   
 more efficient to choose a direct solver, such as the SPARSE solver,    
 for this analysis.                                                      

 FINISH SOLUTION PROCESSING


 ***** ROUTINE COMPLETED *****  ELAPSED TIME =     38950.680



 *****  MAPDL SOLUTION ROUTINE  *****

 *** MAPDL - ENGINEERING ANALYSIS SYSTEM  RELEASE 2026 R1.02       26.1     ***
 Ansys Mechanical Enterprise                       
 00000000  VERSION=WINDOWS x64   14:14:17  JUL 20, 2026 Elapsed Time=  39051.740

                                                                               

 Note - This MAPDL version was linked by Licensee

     HT FLOW CONVERGENCE VALUE=   81.65      CRITERION=  0.5164    
    EQUIL ITER   1 COMPLETED.  NEW TRIANG MATRIX.  MAX DOF INC=   11.41    
     HT FLOW CONVERGENCE VALUE=   4.973      CRITERION=  0.5205    
    EQUIL ITER   2 COMPLETED.  NEW TRIANG MATRIX.  MAX DOF INC=  -1.540    
     HT FLOW CONVERGENCE VALUE=  0.4411      CRITERION=  0.5207     <<< CONVERGED
    >>> SOLUTION CONVERGED AFTER EQUILIBRIUM ITERATION   2
 *** LOAD STEP    41   SUBSTEP     1  COMPLETED.    CUM ITER =    159
 *** TIME =   2.05000         TIME INC =  0.500000E-01
 *** RESPONSE EIGENVALUE = 0.4137       OSCILLATION LIMIT = 0.2069E-01

 *** NOTE ***                            ELAPSED TIME =   39865.192   TIME= 14:27:50
 The number of multiframe restart files exceeds 4, a user specified      
 limit.  The .Rnnn file numbering will be reset to 1.                    

 *** NOTE ***                            ELAPSED TIME =   39874.732   TIME= 14:28:00
 During this loadstep the PCG iterative solver took more than 1000       
 iterations to solve the system of equations.  In the future it may be   
 more efficient to choose a direct solver, such as the SPARSE solver,    
 for this analysis.                                                      

 FINISH SOLUTION PROCESSING


 ***** ROUTINE COMPLETED *****  ELAPSED TIME =     40906.185



 *****  MAPDL SOLUTION ROUTINE  *****

 *** MAPDL - ENGINEERING ANALYSIS SYSTEM  RELEASE 2026 R1.02       26.1     ***
 Ansys Mechanical Enterprise                       
 00000000  VERSION=WINDOWS x64   14:47:56  JUL 20, 2026 Elapsed Time=  41071.010

                                                                               

 Note - This MAPDL version was linked by Licensee

     HT FLOW CONVERGENCE VALUE=   80.74      CRITERION=  0.5174    
    EQUIL ITER   1 COMPLETED.  NEW TRIANG MATRIX.  MAX DOF INC=   11.24    
     HT FLOW CONVERGENCE VALUE=   4.886      CRITERION=  0.5215    
    EQUIL ITER   2 COMPLETED.  NEW TRIANG MATRIX.  MAX DOF INC=  -1.482    
     HT FLOW CONVERGENCE VALUE=  0.4262      CRITERION=  0.5217     <<< CONVERGED
    >>> SOLUTION CONVERGED AFTER EQUILIBRIUM ITERATION   2
 *** LOAD STEP    42   SUBSTEP     1  COMPLETED.    CUM ITER =    162
 *** TIME =   2.10000         TIME INC =  0.500000E-01
 *** RESPONSE EIGENVALUE = 0.4090       OSCILLATION LIMIT = 0.2045E-01

 *** NOTE ***                            ELAPSED TIME =   41962.602   TIME= 15:02:48
 The number of multiframe restart files exceeds 4, a user specified      
 limit.  The .Rnnn file numbering will be reset to 1.                    

 *** NOTE ***                            ELAPSED TIME =   41974.886   TIME= 15:03:00
 During this loadstep the PCG iterative solver took more than 1000       
 iterations to solve the system of equations.  In the future it may be   
 more efficient to choose a direct solver, such as the SPARSE solver,    
 for this analysis.                                                      

 FINISH SOLUTION PROCESSING


 ***** ROUTINE COMPLETED *****  ELAPSED TIME =     43004.400



 *****  MAPDL SOLUTION ROUTINE  *****

 *** MAPDL - ENGINEERING ANALYSIS SYSTEM  RELEASE 2026 R1.02       26.1     ***
 Ansys Mechanical Enterprise                       
 00000000  VERSION=WINDOWS x64   15:23:06  JUL 20, 2026 Elapsed Time=  43181.041

                                                                               

 Note - This MAPDL version was linked by Licensee

     HT FLOW CONVERGENCE VALUE=   79.87      CRITERION=  0.5184    
    EQUIL ITER   1 COMPLETED.  NEW TRIANG MATRIX.  MAX DOF INC=   11.09    
     HT FLOW CONVERGENCE VALUE=   4.802      CRITERION=  0.5225    
    EQUIL ITER   2 COMPLETED.  NEW TRIANG MATRIX.  MAX DOF INC=  -1.424    
     HT FLOW CONVERGENCE VALUE=  0.4122      CRITERION=  0.5227     <<< CONVERGED
    >>> SOLUTION CONVERGED AFTER EQUILIBRIUM ITERATION   2
 *** LOAD STEP    43   SUBSTEP     1  COMPLETED.    CUM ITER =    165
 *** TIME =   2.15000         TIME INC =  0.500000E-01
 *** RESPONSE EIGENVALUE = 0.4046       OSCILLATION LIMIT = 0.2023E-01

 *** NOTE ***                            ELAPSED TIME =   43971.680   TIME= 15:36:17
 The number of multiframe restart files exceeds 4, a user specified      
 limit.  The .Rnnn file numbering will be reset to 1.                    

 *** NOTE ***                            ELAPSED TIME =   43984.116   TIME= 15:36:29
 During this loadstep the PCG iterative solver took more than 1000       
 iterations to solve the system of equations.  In the future it may be   
 more efficient to choose a direct solver, such as the SPARSE solver,    
 for this analysis.                                                      

 FINISH SOLUTION PROCESSING


 ***** ROUTINE COMPLETED *****  ELAPSED TIME =     44977.669



 *****  MAPDL SOLUTION ROUTINE  *****

 *** MAPDL - ENGINEERING ANALYSIS SYSTEM  RELEASE 2026 R1.02       26.1     ***
 Ansys Mechanical Enterprise                       
 00000000  VERSION=WINDOWS x64   15:55:03  JUL 20, 2026 Elapsed Time=  45098.027

                                                                               

 Note - This MAPDL version was linked by Licensee

     HT FLOW CONVERGENCE VALUE=   79.03      CRITERION=  0.5194    
    EQUIL ITER   1 COMPLETED.  NEW TRIANG MATRIX.  MAX DOF INC=   10.95    
     HT FLOW CONVERGENCE VALUE=   4.723      CRITERION=  0.5234    
    EQUIL ITER   2 COMPLETED.  NEW TRIANG MATRIX.  MAX DOF INC=  -1.368    
     HT FLOW CONVERGENCE VALUE=  0.3997      CRITERION=  0.5236     <<< CONVERGED
    >>> SOLUTION CONVERGED AFTER EQUILIBRIUM ITERATION   2
 *** LOAD STEP    44   SUBSTEP     1  COMPLETED.    CUM ITER =    168
 *** TIME =   2.20000         TIME INC =  0.500000E-01
 *** RESPONSE EIGENVALUE = 0.4004       OSCILLATION LIMIT = 0.2002E-01

 *** NOTE ***                            ELAPSED TIME =   46021.835   TIME= 16:10:27
 The number of multiframe restart files exceeds 4, a user specified      
 limit.  The .Rnnn file numbering will be reset to 1.                    

 *** NOTE ***                            ELAPSED TIME =   46033.116   TIME= 16:10:38
 During this loadstep the PCG iterative solver took more than 1000       
 iterations to solve the system of equations.  In the future it may be   
 more efficient to choose a direct solver, such as the SPARSE solver,    
 for this analysis.                                                      

 FINISH SOLUTION PROCESSING


 ***** ROUTINE COMPLETED *****  ELAPSED TIME =     47161.035



 *****  MAPDL SOLUTION ROUTINE  *****

 *** MAPDL - ENGINEERING ANALYSIS SYSTEM  RELEASE 2026 R1.02       26.1     ***
 Ansys Mechanical Enterprise                       
 00000000  VERSION=WINDOWS x64   16:31:18  JUL 20, 2026 Elapsed Time=  47273.001

                                                                               

 Note - This MAPDL version was linked by Licensee

     HT FLOW CONVERGENCE VALUE=   78.22      CRITERION=  0.5203    
    EQUIL ITER   1 COMPLETED.  NEW TRIANG MATRIX.  MAX DOF INC=   10.82    
     HT FLOW CONVERGENCE VALUE=   4.650      CRITERION=  0.5244    
    EQUIL ITER   2 COMPLETED.  NEW TRIANG MATRIX.  MAX DOF INC=  -1.316    
     HT FLOW CONVERGENCE VALUE=  0.3883      CRITERION=  0.5246     <<< CONVERGED
    >>> SOLUTION CONVERGED AFTER EQUILIBRIUM ITERATION   2
 *** LOAD STEP    45   SUBSTEP     1  COMPLETED.    CUM ITER =    171
 *** TIME =   2.25000         TIME INC =  0.500000E-01
 *** RESPONSE EIGENVALUE = 0.3964       OSCILLATION LIMIT = 0.1982E-01

 *** NOTE ***                            ELAPSED TIME =   48198.169   TIME= 16:46:43
 The number of multiframe restart files exceeds 4, a user specified      
 limit.  The .Rnnn file numbering will be reset to 1.                    

 *** NOTE ***                            ELAPSED TIME =   48210.651   TIME= 16:46:56
 During this loadstep the PCG iterative solver took more than 1000       
 iterations to solve the system of equations.  In the future it may be   
 more efficient to choose a direct solver, such as the SPARSE solver,    
 for this analysis.                                                      

 FINISH SOLUTION PROCESSING


 ***** ROUTINE COMPLETED *****  ELAPSED TIME =     49262.773



 *****  MAPDL SOLUTION ROUTINE  *****

 *** MAPDL - ENGINEERING ANALYSIS SYSTEM  RELEASE 2026 R1.02       26.1     ***
 Ansys Mechanical Enterprise                       
 00000000  VERSION=WINDOWS x64   17:06:24  JUL 20, 2026 Elapsed Time=  49378.874

                                                                               

 Note - This MAPDL version was linked by Licensee

     HT FLOW CONVERGENCE VALUE=   77.45      CRITERION=  0.5213    
    EQUIL ITER   1 COMPLETED.  NEW TRIANG MATRIX.  MAX DOF INC=   10.68    
     HT FLOW CONVERGENCE VALUE=   4.579      CRITERION=  0.5254    
    EQUIL ITER   2 COMPLETED.  NEW TRIANG MATRIX.  MAX DOF INC=  -1.264    
     HT FLOW CONVERGENCE VALUE=  0.3779      CRITERION=  0.5255     <<< CONVERGED
    >>> SOLUTION CONVERGED AFTER EQUILIBRIUM ITERATION   2
 *** LOAD STEP    46   SUBSTEP     1  COMPLETED.    CUM ITER =    174
 *** TIME =   2.30000         TIME INC =  0.500000E-01
 *** RESPONSE EIGENVALUE = 0.3926       OSCILLATION LIMIT = 0.1963E-01

 *** NOTE ***                            ELAPSED TIME =   50282.584   TIME= 17:21:28
 The number of multiframe restart files exceeds 4, a user specified      
 limit.  The .Rnnn file numbering will be reset to 1.                    

 *** NOTE ***                            ELAPSED TIME =   50294.468   TIME= 17:21:40
 During this loadstep the PCG iterative solver took more than 1000       
 iterations to solve the system of equations.  In the future it may be   
 more efficient to choose a direct solver, such as the SPARSE solver,    
 for this analysis.                                                      

 FINISH SOLUTION PROCESSING


 ***** ROUTINE COMPLETED *****  ELAPSED TIME =     51353.470



 *****  MAPDL SOLUTION ROUTINE  *****

 *** MAPDL - ENGINEERING ANALYSIS SYSTEM  RELEASE 2026 R1.02       26.1     ***
 Ansys Mechanical Enterprise                       
 00000000  VERSION=WINDOWS x64   17:41:32  JUL 20, 2026 Elapsed Time=  51486.972

                                                                               

 Note - This MAPDL version was linked by Licensee

     HT FLOW CONVERGENCE VALUE=   76.70      CRITERION=  0.5222    
    EQUIL ITER   1 COMPLETED.  NEW TRIANG MATRIX.  MAX DOF INC=   10.54    
     HT FLOW CONVERGENCE VALUE=   4.511      CRITERION=  0.5263    
    EQUIL ITER   2 COMPLETED.  NEW TRIANG MATRIX.  MAX DOF INC=  -1.215    
     HT FLOW CONVERGENCE VALUE=  0.3680      CRITERION=  0.5264     <<< CONVERGED
    >>> SOLUTION CONVERGED AFTER EQUILIBRIUM ITERATION   2
 *** LOAD STEP    47   SUBSTEP     1  COMPLETED.    CUM ITER =    177
 *** TIME =   2.35000         TIME INC =  0.500000E-01
 *** RESPONSE EIGENVALUE = 0.3889       OSCILLATION LIMIT = 0.1944E-01

 *** NOTE ***                            ELAPSED TIME =   52456.828   TIME= 17:57:42
 The number of multiframe restart files exceeds 4, a user specified      
 limit.  The .Rnnn file numbering will be reset to 1.                    

 *** NOTE ***                            ELAPSED TIME =   52469.766   TIME= 17:57:55
 During this loadstep the PCG iterative solver took more than 1000       
 iterations to solve the system of equations.  In the future it may be   
 more efficient to choose a direct solver, such as the SPARSE solver,    
 for this analysis.                                                      

 FINISH SOLUTION PROCESSING


 ***** ROUTINE COMPLETED *****  ELAPSED TIME =     53603.248



 *****  MAPDL SOLUTION ROUTINE  *****

 *** MAPDL - ENGINEERING ANALYSIS SYSTEM  RELEASE 2026 R1.02       26.1     ***
 Ansys Mechanical Enterprise                       
 00000000  VERSION=WINDOWS x64   18:19:12  JUL 20, 2026 Elapsed Time=  53746.397

                                                                               

 Note - This MAPDL version was linked by Licensee

     HT FLOW CONVERGENCE VALUE=   75.98      CRITERION=  0.5231    
    EQUIL ITER   1 COMPLETED.  NEW TRIANG MATRIX.  MAX DOF INC=   10.40    
     HT FLOW CONVERGENCE VALUE=   4.443      CRITERION=  0.5272    
    EQUIL ITER   2 COMPLETED.  NEW TRIANG MATRIX.  MAX DOF INC=  -1.172    
     HT FLOW CONVERGENCE VALUE=  0.3586      CRITERION=  0.5273     <<< CONVERGED
    >>> SOLUTION CONVERGED AFTER EQUILIBRIUM ITERATION   2
 *** LOAD STEP    48   SUBSTEP     1  COMPLETED.    CUM ITER =    180
 *** TIME =   2.40000         TIME INC =  0.500000E-01
 *** RESPONSE EIGENVALUE = 0.3854       OSCILLATION LIMIT = 0.1927E-01

 *** NOTE ***                            ELAPSED TIME =   54670.107   TIME= 18:34:35
 The number of multiframe restart files exceeds 4, a user specified      
 limit.  The .Rnnn file numbering will be reset to 1.                    

 *** NOTE ***                            ELAPSED TIME =   54684.146   TIME= 18:34:49
 During this loadstep the PCG iterative solver took more than 1000       
 iterations to solve the system of equations.  In the future it may be   
 more efficient to choose a direct solver, such as the SPARSE solver,    
 for this analysis.                                                      

 FINISH SOLUTION PROCESSING


 ***** ROUTINE COMPLETED *****  ELAPSED TIME =     56110.428



 *****  MAPDL SOLUTION ROUTINE  *****

 *** MAPDL - ENGINEERING ANALYSIS SYSTEM  RELEASE 2026 R1.02       26.1     ***
 Ansys Mechanical Enterprise                       
 00000000  VERSION=WINDOWS x64   19:00:32  JUL 20, 2026 Elapsed Time=  56227.205

                                                                               

 Note - This MAPDL version was linked by Licensee

     HT FLOW CONVERGENCE VALUE=   75.28      CRITERION=  0.5240    
    EQUIL ITER   1 COMPLETED.  NEW TRIANG MATRIX.  MAX DOF INC=   10.25    
     HT FLOW CONVERGENCE VALUE=   4.375      CRITERION=  0.5280    
    EQUIL ITER   2 COMPLETED.  NEW TRIANG MATRIX.  MAX DOF INC=  -1.128    
     HT FLOW CONVERGENCE VALUE=  0.3496      CRITERION=  0.5281     <<< CONVERGED
    >>> SOLUTION CONVERGED AFTER EQUILIBRIUM ITERATION   2
 *** LOAD STEP    49   SUBSTEP     1  COMPLETED.    CUM ITER =    183
 *** TIME =   2.45000         TIME INC =  0.500000E-01
 *** RESPONSE EIGENVALUE = 0.3820       OSCILLATION LIMIT = 0.1910E-01

 *** NOTE ***                            ELAPSED TIME =   57142.616   TIME= 19:15:48
 The number of multiframe restart files exceeds 4, a user specified      
 limit.  The .Rnnn file numbering will be reset to 1.                    

 *** NOTE ***                            ELAPSED TIME =   57152.953   TIME= 19:15:58
 During this loadstep the PCG iterative solver took more than 1000       
 iterations to solve the system of equations.  In the future it may be   
 more efficient to choose a direct solver, such as the SPARSE solver,    
 for this analysis.                                                      

 FINISH SOLUTION PROCESSING
