/COM,ANSYS RELEASE 2026 R1.02        BUILD 26.1      UP20260202       13:39:20

 *** WARNING ***                         ELAPSED TIME =      26.753   TIME= 13:39:42
 Element shape checking is currently inactive.  Issue SHPP,ON or         
 SHPP,WARN to reactivate, if desired.                                    

 *** WARNING ***                         ELAPSED TIME =      50.125   TIME= 13:40:06
 Ansys, Inc.-supplied version of coding for USERCK has been used.        

 *** WARNING ***                         ELAPSED TIME =      56.309   TIME= 13:40:12
 Material property DENS of material 3 of element 360433 is evaluated at  
 a temperature of 22, which is below the supplied temperature range.     
 Temperature range checking terminates.                                  

 *** WARNING ***                         ELAPSED TIME =     137.584   TIME= 13:41:33
 Material property DENS of material 3 of element 346627 is evaluated at  
 a temperature of 22, which is below the supplied temperature range.     
 Temperature range checking terminates.                                  

 *** WARNING ***                         ELAPSED TIME =     137.585   TIME= 13:41:33
 Material property DENS of material 3 of element 364591 is evaluated at  
 a temperature of 22, which is below the supplied temperature range.     
 Temperature range checking terminates.                                  

 *** WARNING ***                         ELAPSED TIME =     137.586   TIME= 13:41:33
 Material property DENS of material 3 of element 359168 is evaluated at  
 a temperature of 22, which is below the supplied temperature range.     
 Temperature range checking terminates.                                  

 *** WARNING ***                         ELAPSED TIME =     137.587   TIME= 13:41:33
 Material property DENS of material 3 of element 371072 is evaluated at  
 a temperature of 22, which is below the supplied temperature range.     
 Temperature range checking terminates.                                  

 *** WARNING ***                         ELAPSED TIME =     137.588   TIME= 13:41:33
 Material property DENS of material 4 of element 470241 is evaluated at  
 a temperature of 22, which is below the supplied temperature range.     
 Temperature range checking terminates.                                  

 *** WARNING ***                         ELAPSED TIME =     137.589   TIME= 13:41:33
 Material property KXX of material 1 of element 1956 is evaluated at a   
 temperature of 22, which is below the supplied temperature range.       
 Temperature range checking terminates.                                  

 *** WARNING ***                         ELAPSED TIME =     137.589   TIME= 13:41:33
 Material property DENS of material 3 of element 369233 is evaluated at  
 a temperature of 22, which is below the supplied temperature range.     
 Temperature range checking terminates.                                  
/COM,ANSYS RELEASE 2026 R1.02        BUILD 26.1      UP20260202       18:08:13

 *** WARNING ***                         ELAPSED TIME =      42.257   TIME= 18:08:51
 The RESCONTROL command is invalid with action = DEFINE when restarting  
 an analysis.  The RESCONTROL command is ignored.                        

 *** WARNING ***                         ELAPSED TIME =      69.897   TIME= 18:09:19
 Material property DENS of material 3 of element 376496 is evaluated at  
 a temperature of 22.2494785, which is below the supplied temperature    
 range.  Temperature range checking terminates.                          

 *** WARNING ***                         ELAPSED TIME =      81.330   TIME= 18:09:30
 Material property DENS of material 3 of element 390924 is evaluated at  
 a temperature of 1025.34905, which is above the supplied temperature    
 range.  Temperature range checking terminates.                          

 *** WARNING ***                         ELAPSED TIME =      81.334   TIME= 18:09:30
 Material property KXX of material 1 of element 1956 is evaluated at a   
 temperature of 22.013804, which is below the supplied temperature       
 range.  Temperature range checking terminates.                          

 *** WARNING ***                         ELAPSED TIME =      81.342   TIME= 18:09:30
 Material property DENS of material 3 of element 418192 is evaluated at  
 a temperature of 988.056055, which is above the supplied temperature    
 range.  Temperature range checking terminates.                          

 *** WARNING ***                         ELAPSED TIME =      81.348   TIME= 18:09:30
 Material property DENS of material 4 of element 470241 is evaluated at  
 a temperature of 21.9999999, which is below the supplied temperature    
 range.  Temperature range checking terminates.                          

 *** WARNING ***                         ELAPSED TIME =      81.350   TIME= 18:09:30
 Material property DENS of material 3 of element 369233 is evaluated at  
 a temperature of 22.2094554, which is below the supplied temperature    
 range.  Temperature range checking terminates.                          

 *** WARNING ***                         ELAPSED TIME =      81.356   TIME= 18:09:30
 Material property DENS of material 3 of element 371072 is evaluated at  
 a temperature of 22.2140106, which is below the supplied temperature    
 range.  Temperature range checking terminates.                          

 *** WARNING ***                         ELAPSED TIME =      81.362   TIME= 18:09:30
 Material property DENS of material 3 of element 364591 is evaluated at  
 a temperature of 22.2280675, which is below the supplied temperature    
 range.  Temperature range checking terminates.                          

 *** WARNING ***                         ELAPSED TIME =    1198.100   TIME= 18:28:07
 The RESCONTROL command is invalid with action = DEFINE when restarting  
 an analysis.  The RESCONTROL command is ignored.                        

 *** WARNING ***                         ELAPSED TIME =    2503.926   TIME= 18:49:53
 The RESCONTROL command is invalid with action = DEFINE when restarting  
 an analysis.  The RESCONTROL command is ignored.                        

 *** WARNING ***                         ELAPSED TIME =    3779.383   TIME= 19:11:08
 The RESCONTROL command is invalid with action = DEFINE when restarting  
 an analysis.  The RESCONTROL command is ignored.                        

 *** WARNING ***                         ELAPSED TIME =    5125.882   TIME= 19:33:35
 The RESCONTROL command is invalid with action = DEFINE when restarting  
 an analysis.  The RESCONTROL command is ignored.                        

 *** WARNING ***                         ELAPSED TIME =    6618.342   TIME= 19:58:27
 The RESCONTROL command is invalid with action = DEFINE when restarting  
 an analysis.  The RESCONTROL command is ignored.                        

 *** WARNING ***                         ELAPSED TIME =    8092.453   TIME= 20:23:01
 The RESCONTROL command is invalid with action = DEFINE when restarting  
 an analysis.  The RESCONTROL command is ignored.                        

 *** WARNING ***                         ELAPSED TIME =    9690.860   TIME= 20:49:40
 The RESCONTROL command is invalid with action = DEFINE when restarting  
 an analysis.  The RESCONTROL command is ignored.                        

 *** WARNING ***                         ELAPSED TIME =   11152.509   TIME= 21:14:01
 The RESCONTROL command is invalid with action = DEFINE when restarting  
 an analysis.  The RESCONTROL command is ignored.                        

 *** WARNING ***                         ELAPSED TIME =   12770.941   TIME= 21:41:00
 The RESCONTROL command is invalid with action = DEFINE when restarting  
 an analysis.  The RESCONTROL command is ignored.                        

 *** WARNING ***                         ELAPSED TIME =   14397.487   TIME= 22:08:06
 The RESCONTROL command is invalid with action = DEFINE when restarting  
 an analysis.  The RESCONTROL command is ignored.                        

 *** WARNING ***                         ELAPSED TIME =   15993.793   TIME= 22:34:43
 The RESCONTROL command is invalid with action = DEFINE when restarting  
 an analysis.  The RESCONTROL command is ignored.                        

 *** WARNING ***                         ELAPSED TIME =   17666.968   TIME= 23:02:36
 The RESCONTROL command is invalid with action = DEFINE when restarting  
 an analysis.  The RESCONTROL command is ignored.                        

 *** WARNING ***                         ELAPSED TIME =   19308.261   TIME= 23:29:57
 The RESCONTROL command is invalid with action = DEFINE when restarting  
 an analysis.  The RESCONTROL command is ignored.                        

 *** WARNING ***                         ELAPSED TIME =   21036.504   TIME= 23:58:45
 The RESCONTROL command is invalid with action = DEFINE when restarting  
 an analysis.  The RESCONTROL command is ignored.                        

 *** WARNING ***                         ELAPSED TIME =   22606.212   TIME= 09:40:11
 The RESCONTROL command is invalid with action = DEFINE when restarting  
 an analysis.  The RESCONTROL command is ignored.                        

 *** WARNING ***                         ELAPSED TIME =   24193.485   TIME= 10:06:39
 The RESCONTROL command is invalid with action = DEFINE when restarting  
 an analysis.  The RESCONTROL command is ignored.                        

 *** WARNING ***                         ELAPSED TIME =   25910.978   TIME= 10:35:16
 The RESCONTROL command is invalid with action = DEFINE when restarting  
 an analysis.  The RESCONTROL command is ignored.                        

 *** WARNING ***                         ELAPSED TIME =   27923.361   TIME= 11:08:48
 The RESCONTROL command is invalid with action = DEFINE when restarting  
 an analysis.  The RESCONTROL command is ignored.                        

 *** WARNING ***                         ELAPSED TIME =   29704.211   TIME= 11:38:29
 The RESCONTROL command is invalid with action = DEFINE when restarting  
 an analysis.  The RESCONTROL command is ignored.                        

 *** WARNING ***                         ELAPSED TIME =   31795.292   TIME= 12:13:20
 The RESCONTROL command is invalid with action = DEFINE when restarting  
 an analysis.  The RESCONTROL command is ignored.                        

 *** WARNING ***                         ELAPSED TIME =   33601.232   TIME= 12:43:26
 The RESCONTROL command is invalid with action = DEFINE when restarting  
 an analysis.  The RESCONTROL command is ignored.                        

 *** WARNING ***                         ELAPSED TIME =   35396.879   TIME= 13:13:22
 The RESCONTROL command is invalid with action = DEFINE when restarting  
 an analysis.  The RESCONTROL command is ignored.                        

 *** WARNING ***                         ELAPSED TIME =   37236.481   TIME= 13:44:02
 The RESCONTROL command is invalid with action = DEFINE when restarting  
 an analysis.  The RESCONTROL command is ignored.                        

 *** WARNING ***                         ELAPSED TIME =   38985.880   TIME= 14:13:11
 The RESCONTROL command is invalid with action = DEFINE when restarting  
 an analysis.  The RESCONTROL command is ignored.                        

 *** WARNING ***                         ELAPSED TIME =   40946.233   TIME= 14:45:51
 The RESCONTROL command is invalid with action = DEFINE when restarting  
 an analysis.  The RESCONTROL command is ignored.                        

 *** WARNING ***                         ELAPSED TIME =   43091.573   TIME= 15:21:37
 The RESCONTROL command is invalid with action = DEFINE when restarting  
 an analysis.  The RESCONTROL command is ignored.                        

 *** WARNING ***                         ELAPSED TIME =   45016.808   TIME= 15:53:42
 The RESCONTROL command is invalid with action = DEFINE when restarting  
 an analysis.  The RESCONTROL command is ignored.                        

 *** WARNING ***                         ELAPSED TIME =   47204.368   TIME= 16:30:10
 The RESCONTROL command is invalid with action = DEFINE when restarting  
 an analysis.  The RESCONTROL command is ignored.                        

 *** WARNING ***                         ELAPSED TIME =   49302.099   TIME= 17:05:07
 The RESCONTROL command is invalid with action = DEFINE when restarting  
 an analysis.  The RESCONTROL command is ignored.                        

 *** WARNING ***                         ELAPSED TIME =   51405.170   TIME= 17:40:10
 The RESCONTROL command is invalid with action = DEFINE when restarting  
 an analysis.  The RESCONTROL command is ignored.                        

 *** WARNING ***                         ELAPSED TIME =   53645.365   TIME= 18:17:31
 The RESCONTROL command is invalid with action = DEFINE when restarting  
 an analysis.  The RESCONTROL command is ignored.                        

 *** WARNING ***                         ELAPSED TIME =   56149.823   TIME= 18:59:15
 The RESCONTROL command is invalid with action = DEFINE when restarting  
 an analysis.  The RESCONTROL command is ignored.                        
