
 Ansys Mechanical Enterprise Academic Research     


 *------------------------------------------------------------------*
 |                                                                  |
 |   W E L C O M E   T O   T H E   A N S Y S (R)  P R O G R A M     |
 |                                                                  |
 *------------------------------------------------------------------*




 ***************************************************************
 *         ANSYS MAPDL 2026 R1.02       LEGAL NOTICES          *
 ***************************************************************
 *                                                             *
 * Copyright (c) 2026 Synopsys, Inc. and ANSYS, Inc.           *
 * All rights reserved.                                        *
 * Unauthorized use, distribution or duplication is            *
 * prohibited.                                                 *
 *                                                             *
 * Ansys is a registered trademark of Ansys, Inc. or its       *
 * subsidiaries in the United States or other countries.       *
 * See the Ansys, Inc. online documentation or the Ansys, Inc. *
 * documentation CD or online help for the complete Legal      *
 * Notice.                                                     *
 *                                                             *
 ***************************************************************
 *                                                             *
 * THIS ANSYS SOFTWARE PRODUCT AND PROGRAM DOCUMENTATION       *
 * INCLUDE TRADE SECRETS AND CONFIDENTIAL AND PROPRIETARY      *
 * PRODUCTS OF ANSYS, INC., ITS SUBSIDIARIES, OR LICENSORS.    *
 * The software products and documentation are furnished by    *
 * Ansys, Inc. or its subsidiaries under a software license    *
 * agreement that contains provisions concerning               *
 * non-disclosure, copying, length and nature of use,          *
 * compliance with exporting laws, warranties, disclaimers,    *
 * limitations of liability, and remedies, and other           *
 * provisions.  The software products and documentation may be *
 * used, disclosed, transferred, or copied only in accordance  *
 * with the terms and conditions of that software license      *
 * agreement.                                                  *
 *                                                             *
 * Ansys, Inc. is a UL registered                              *
 * ISO 9001:2015 company.                                      *
 *                                                             *
 ***************************************************************
 *                                                             *
 * This product is subject to U.S. laws governing export and   *
 * re-export.                                                  *
 *                                                             *
 * For U.S. Government users, except as specifically granted   *
 * by the Ansys, Inc. software license agreement, the use,     *
 * duplication, or disclosure by the United States Government  *
 * is subject to restrictions stated in the Ansys, Inc.        *
 * software license agreement and FAR 12.212 (for non-DOD      *
 * licenses).                                                  *
 *                                                             *
 ***************************************************************

 2026 R1.02  
     
 Point Releases and Patches installed:   
     
 Ansys Service Pack 2026 R1.01   
 Ansys Service Pack 2026 R1.02   
 Ansys, Inc. License Manager 2026 R1 
 Ansys, Inc. License Manager 2026 R1.01  
 Ansys, Inc. License Manager 2026 R1.02  
 Discovery (reduced install) 2026 R1 
 Discovery (reduced install) 2026 R1.01  
 Discovery (reduced install) 2026 R1.02  
 Core WB Files 2026 R1   
 Core WB Files 2026 R1.01
 Core WB Files 2026 R1.02
 BladeModeler 2026 R1
 BladeModeler 2026 R1.01 
 BladeModeler 2026 R1.02 
 CFX (includes CFD-Post) 2026 R1 
 CFX (includes CFD-Post) 2026 R1.01  
 CFX (includes CFD-Post) 2026 R1.02  
 CFD-Post only 2026 R1   
 CFD-Post only 2026 R1.01
 CFD-Post only 2026 R1.02
 Chemkin 2026 R1 
 Chemkin 2026 R1.01  
 Chemkin 2026 R1.02  
 EnSight 2026 R1 
 EnSight 2026 R1.01  
 EnSight 2026 R1.02  
 FENSAP-ICE 2026 R1  
 FENSAP-ICE 2026 R1.01   
 FENSAP-ICE 2026 R1.02   
 Fluent (includes CFD-Post) 2026 R1  
 Fluent (includes CFD-Post) 2026 R1.01   
 Fluent (includes CFD-Post) 2026 R1.02   
 Polyflow (includes CFD-Post) 2026 R1
 Polyflow (includes CFD-Post) 2026 R1.01 
 Polyflow (includes CFD-Post) 2026 R1.02 
 Forte (includes EnSight) 2026 R1
 Forte (includes EnSight) 2026 R1.01 
 Forte (includes EnSight) 2026 R1.02 
 ICEM CFD 2026 R1
 ICEM CFD 2026 R1.01 
 ICEM CFD 2026 R1.02 
 RBF Morph Fluids UDF 2026 R1
 RBF Morph Fluids UDF 2026 R1.01 
 RBF Morph Fluids UDF 2026 R1.02 
 RBF Morph Libraries 2026 R1 
 RBF Morph Libraries 2026 R1.01  
 RBF Morph Libraries 2026 R1.02  
 Rocky 2026 R1   
 Rocky 2026 R1.01
 Rocky 2026 R1.02
 Thermal Desktop: AutoCAD 2026 R1
 Thermal Desktop: AutoCAD 2026 R1.01 
 Thermal Desktop: AutoCAD 2026 R1.02 
 Thermal Desktop: Thermal Desktop and TD Designer  2026 R1   
 Thermal Desktop: Thermal Desktop and TD Designer  2026 R1.01
 Thermal Desktop: Thermal Desktop and TD Designer  2026 R1.02
 Thermal Desktop: Sinda Solver 2026 R1   
 Thermal Desktop: Sinda Solver 2026 R1.01
 Thermal Desktop: Sinda Solver 2026 R1.02
 TurboGrid 2026 R1   
 TurboGrid 2026 R1.01
 TurboGrid 2026 R1.02
 Granta EduPack 2026 R1  
 Granta EduPack 2026 R1.01   
 Granta EduPack 2026 R1.02   
 Granta Selector 2026 R1 
 Granta Selector 2026 R1.01  
 Granta Selector 2026 R1.02  
 Dynamic Reporting 2026 R1   
 Dynamic Reporting 2026 R1.01
 Dynamic Reporting 2026 R1.02
 Remote Solve Manager Standalone Services 2026 R1
 Remote Solve Manager Standalone Services 2026 R1.01 
 Remote Solve Manager Standalone Services 2026 R1.02 
 Aqwa 2026 R1
 Aqwa 2026 R1.01 
 Aqwa 2026 R1.02 
 Autodyn 2026 R1 
 Autodyn 2026 R1.01  
 Autodyn 2026 R1.02  
 Customization Files for User Programmable Features 2026 R1  
 Customization Files for User Programmable Features 2026 R1.01   
 Customization Files for User Programmable Features 2026 R1.02   
 LS-DYNA 2026 R1 
 LS-DYNA 2026 R1.01  
 LS-DYNA 2026 R1.02  
 Material Calibration App 2026 R1
 Material Calibration App 2026 R1.01 
 Material Calibration App 2026 R1.02 
 Material Designer 2026 R1   
 Material Designer 2026 R1.01
 Material Designer 2026 R1.02
 Mechanical Products 2026 R1 
 Mechanical Products 2026 R1.01  
 Mechanical Products 2026 R1.02  
 Motion 2026 R1  
 Motion 2026 R1.01   
 Motion 2026 R1.02   
 RBF Morph 2026 R1   
 RBF Morph 2026 R1.01
 RBF Morph 2026 R1.02
 Sherlock 2026 R1
 Sherlock 2026 R1.01 
 Sherlock 2026 R1.02 
 Sound - SAS 2026 R1 
 Sound - SAS 2026 R1.01  
 Sound - SAS 2026 R1.02  
 ACIS Geometry Interface 2026 R1 
 ACIS Geometry Interface 2026 R1.01  
 ACIS Geometry Interface 2026 R1.02  
 AutoCAD Geometry Interface 2026 R1  
 AutoCAD Geometry Interface 2026 R1.01   
 AutoCAD Geometry Interface 2026 R1.02   
 Catia, Version 4 Geometry Interface 2026 R1 
 Catia, Version 4 Geometry Interface 2026 R1.01  
 Catia, Version 4 Geometry Interface 2026 R1.02  
 Catia, Version 5 Geometry Interface 2026 R1 
 Catia, Version 5 Geometry Interface 2026 R1.01  
 Catia, Version 5 Geometry Interface 2026 R1.02  
 Catia, Version 6 Geometry Interface 2026 R1 
 Catia, Version 6 Geometry Interface 2026 R1.01  
 Catia, Version 6 Geometry Interface 2026 R1.02  
 Creo Elements/Direct Modeling Geometry Interface 2026 R1
 Creo Elements/Direct Modeling Geometry Interface 2026 R1.01 
 Creo Elements/Direct Modeling Geometry Interface 2026 R1.02 
 Creo Parametric Geometry Interface 2026 R1  
 Creo Parametric Geometry Interface 2026 R1.01   
 Creo Parametric Geometry Interface 2026 R1.02   
 Inventor Geometry Interface 2026 R1 
 Inventor Geometry Interface 2026 R1.01  
 Inventor Geometry Interface 2026 R1.02  
 JTOpen Geometry Interface 2026 R1   
 JTOpen Geometry Interface 2026 R1.01
 JTOpen Geometry Interface 2026 R1.02
 NX Geometry Interface 2026 R1   
 NX Geometry Interface 2026 R1.01
 NX Geometry Interface 2026 R1.02
 Parasolid Geometry Interface  2026 R1   
 Parasolid Geometry Interface  2026 R1.01
 Parasolid Geometry Interface  2026 R1.02
 Solid Edge Geometry Interface 2026 R1   
 Solid Edge Geometry Interface 2026 R1.01
 Solid Edge Geometry Interface 2026 R1.02
 SOLIDWORKS Geometry Interface 2026 R1   
 SOLIDWORKS Geometry Interface 2026 R1.01
 SOLIDWORKS Geometry Interface 2026 R1.02


          *****  MAPDL COMMAND LINE ARGUMENTS  *****
  INITIAL JOBNAME              = file                                                                                                                                                                                                                                                    
  BATCH MODE REQUESTED (-b)    = NOLIST
  INPUT FILE COPY MODE (-c)    = COPY
  DISTRIBUTED MEMORY PARALLEL REQUESTED
      10 PARALLEL PROCESSES REQUESTED WITH SINGLE THREAD PER PROCESS
    TOTAL OF    10 CORES REQUESTED
  MPI OPTION                   = INTELMPI
  INPUT FILE NAME              = Z:\Developer\MIT_Rkt_Team\2026-7\MIT-RT-26_27-Work\simulation_work\solidprop\phenolic_case_study\tmp3_sim2\resume_runs\ScrResume_step16_20260719\simulation2_resume_step16.apdl
  OUTPUT FILE NAME             = Z:\Developer\MIT_Rkt_Team\2026-7\MIT-RT-26_27-Work\simulation_work\solidprop\phenolic_case_study\tmp3_sim2\resume_runs\ScrResume_step16_20260719\resume_solve.out
  START-UP FILE MODE           = NOREAD
  STOP FILE MODE               = NOREAD
  INITIAL DIRECTORY = Z:\Developer\MIT_Rkt_Team\2026-7\MIT-RT-26_27-Work\simulation_work\solidprop\phenolic_case_study\tmp3_sim2\resume_runs\ScrResume_step16_20260719

 User Link path (ANS_USER_PATH): Z:\Developer\MIT_Rkt_Team\2026-7\MIT-RT-26_27-Work\simulation_work\solidprop\phenolic_case_study\tmp3_sim2                                                                                                                                              

 RELEASE= 2026 R1.02           BUILD= 26.1      UP20260202   VERSION=WINDOWS x64 
 CURRENT JOBNAME=file0  18:06:05  JUL 19, 2026  Elapsed Time=       0.203
 Note - This MAPDL version was linked by Licensee
 SIM2 recovery driver started

 *****  MAPDL SOLUTION ROUTINE  *****

 DO NOT COMBINE RESTART FILES (.Rnnn) AFTER DISTRIBUTED PARALLEL SOLUTION


 PERFORM A TRANSIENT ANALYSIS
  RESTART PREVIOUSLY RUN ANALYSIS FROM LOADSTEP    16
   AND FROM SUBSTEP      1
  RESTART WILL BE CONTINUED WITH EXISTING LOADSTEP
  RESTART WILL BE PERFORMED BASED ON INFO FROM- FILENAME: file0.r001                                                                                                                                                                                                                                                          
   PREVIOUS LOADSTEP =     16 SUBSTEP =      1

 RESUME ANSYS DATA FROM FILE NAME=file.rdb                                                                                                                                                                                                                                                            
     DO NOT PLOT ANYTHING

 *** NOTE ***                            ELAPSED TIME =      11.457   TIME= 18:06:11
 The initial memory allocation (-m) has been exceeded.                   
  Supplemental memory allocations are being used.                        

 Memory resident data base increased from      1024 MB to      2048 MB.

 *** MAPDL GLOBAL STATUS *** 

 TITLE = testbed2--Thermique transitoire (B5)                                  
 ANALYSIS TYPE =  TRANSIENT            
        13 ELEM TYPES DEFINED    MAX ELEM TYPE NUMBER =            13
    630881 ELEMENTS DEFINED      MAX ELEMENT NUMBER =          935624
   2242327 NODES DEFINED         MAX NODE NUMBER =            2242327
         5 MATERIALS DEFINED     MAX MATERIAL NUMBER =             13
         9 REAL CONSTS DEFINED   MAX REAL CONST NUMBER =           15
         0 SECTIONS DEFINED      MAX SECTION NUMBER =               0
         0 COORD SYS DEFINED     MAX COORD SYS NUMBER =             0
 
 ACTIVE COORDINATE SYSTEM             =          0  (CARTESIAN)
 NUMBER OF DEFINED NODAL CONSTRAINTS  =          1
 NUMBER OF DEFINED NODAL LOADS        =          0
 NUMBER OF DEFINED COMPONENTS         =          9
 NUMBER OF DEFINED ELEM SURFACE LOADS =      97224
 NUMBER OF DEFINED ELEM BODY LOADS    =          0
 NUMBER OF DEFINED NODE BODY FORCES   =          0
 CURRENT LOAD CASE =      0 OF      0
 LOAD SET   =       1
 SUBSTEP    =       1
 TIME/FREQ  =   0.50000E-01

 INITIAL JOBNAME = file0
 CURRENT JOBNAME = file0

 RESTART PROCEDURE RE-BUILDS BOUNDARY CONDITIONS
 AND LOADING INFO UPTO THE CURRENT LOADSTEP 

 READ ANSYS LOADS DATA FROM FILE= file.ldhi                                                                                                                                                                                                                                                           

 DELETE SOLID MODEL BOUNDARY CONDITIONS
 
 NUMBER OF NODAL CONSTRAINTS DELETED                       =         1
 NUMBER OF ELEMENT CONVECTIONS/HEAT FLUXES DELETED         =     97224

 *** NOTE ***                            ELAPSED TIME =      20.796   TIME= 18:06:20
 The number of results set on the restart command is the last set on the 
 RTH file.  No updating for the RTH file is required.                    

 *** NOTE ***                            ELAPSED TIME =      20.908   TIME= 18:06:20
 Restore MAPDL parameters from file= simulation2_state.parm.             

 /INPUT FILE= simulation2_state.parm  LINE=       0

 PARAMETER SIM2_ISTEP =     16.00000000    

 PARAMETER SIM2_TIME =    0.8000000000    

 FINISH SOLUTION PROCESSING


 ***** ROUTINE COMPLETED *****  ELAPSED TIME =        20.916



 *** MAPDL - ENGINEERING ANALYSIS SYSTEM  RELEASE 2026 R1.02       26.1     ***
 Ansys Mechanical Enterprise Academic Research     
 01196637  VERSION=WINDOWS x64   18:06:20  JUL 19, 2026 Elapsed Time=     20.946

 testbed2--Thermique transitoire (B5)                                          

 Note - This MAPDL version was linked by Licensee

          ***** MAPDL RESULTS INTERPRETATION (POST1) *****

 *** NOTE ***                            ELAPSED TIME =      20.947   TIME= 18:06:20
 Reading results into the database (SET command) will update the current 
 displacement and force boundary conditions in the database with the     
 values from the results file for that load set.  Note that any          
 subsequent solutions will use these values unless action is taken to    
 either SAVE the current values or not overwrite them (/EXIT,NOSAVE).    


 USE LAST SUBSTEP ON RESULT FILE  FOR LOAD CASE 0 

 Memory resident data base increased from      2048 MB to      4096 MB.

 SET COMMAND GOT LOAD STEP=    16  SUBSTEP=     1  CUMULATIVE ITERATION=    64
   TIME/FREQUENCY= 0.80000    
 TITLE= testbed2--Thermique transitoire (B5)                                    

 *GET  SIM2_SOLVED_TIME  FROM  ACTI  ITEM=SET  TIME  VALUE= 0.800000000    

 PARAMETER SIM2_TERR =     0.000000000    

 *IF  SIM2_TERR  ( =   0.00000     )  GT  
      1.0E-8  ( =  0.100000E-07 )  THEN    

 *ENDIF

 SELECT       FOR ITEM=MAT  COMPONENT=    
  IN RANGE         3 TO          3 STEP          1

     315536  ELEMENTS (OF     630881  DEFINED) SELECTED BY  ESEL  COMMAND.

 RESELECT     FOR ITEM=LIVE COMPONENT=    
  IN RANGE         1 TO     935624 STEP          1

     315536  ELEMENTS (OF     630881  DEFINED) SELECTED BY  ESEL  COMMAND.

 STORE ERATE    FROM ITEM=SVAR COMP=3     FOR ALL SELECTED ELEMENTS

 STORE EVOL     FROM ITEM=VOLU  FOR ALL SELECTED ELEMENTS

 OPERATION SMUL  RESULT= GMASS     OPERAND1= ERATE     OPERAND2= EVOL    
  FACTOR1=  1.0000       FACTOR2=  1.0000       CONSTANT=  0.0000    

 SUM ALL THE ACTIVE ENTRIES IN THE ELEMENT TABLE 

 TABLE LABEL     TOTAL
 ERATE     0.153401E+08
 EVOL      0.107422E-03
 GMASS     0.413851E-02

 *GET  SIM2_GMDOT  FROM  SSUM  ITEM=ITEM GMASS     VALUE= 0.413851191E-02

 PARAMETER SIM2_RSURF =    0.1333500000    

 PARAMETER SIM2_AREA =    0.4189313804E-01

 PARAMETER SIM2_GFLUX =    0.9878734572E-01

 PARAMETER SIM2_BLOW =    0.1580597532    

 PARAMETER SIM2_HFILM =     863.5133008    

 PARAMETER SIM2_HFILM =     863.5133008    

 ACTIVE COORDINATE SYSTEM SET TO          5  (CYLINDRICAL) Y- CYL. AXIS

 SELECT TOLERANCE= 0.15875E-04

 SELECT       FOR ITEM=LOC  COMPONENT=X     BETWEEN 0.13333     AND  0.13337    
   KABS=  0.  TOLERANCE= 0.158750E-04

     135900  NODES (OF    2242327  DEFINED) SELECTED BY  NSEL  COMMAND.

 *GET  SIM2_NHOT  FROM  NODE  ITEM=COUN       VALUE=  135900.000     

 PARAMETER SIM2_TSMAX =     22.00000000    

 *IF  SIM2_NHOT  ( =   135900.     )  GT  
      0  ( =   0.00000     )  THEN    

 SORT ON ITEM=TEMP  COMPONENT=      ORDER= 0  KABS= 0  NMAX= 2242327

 SORT COMPLETED FOR  135900 VALUES.

 *GET  SIM2_TSMAX  FROM  SORT  ITEM=MAX        VALUE=  1229.17091    

 NODE SORT REMOVED

 *ENDIF

 ACTIVE COORDINATE SYSTEM SET TO          0  (CARTESIAN)  

 PARAMETER SIM2_QNET =     864963.2207    

 PARAMETER SIM2_RECESS =    0.4053945273E-04

 PARAMETER SIM2_RLO =    0.1333500000    

 PARAMETER SIM2_RHI =    0.1336675000    

 ACTIVE COORDINATE SYSTEM SET TO          5  (CYLINDRICAL) Y- CYL. AXIS

 SELECT       FOR ITEM=LOC  COMPONENT=X     BETWEEN 0.13333     AND  0.13368    
   KABS=  0.  TOLERANCE= 0.158750E-04

     315073  NODES (OF    2242327  DEFINED) SELECTED BY  NSEL  COMMAND.

 SELECT      ONLY ELEMENTS COMPLETELY CONTAINED WITHIN NODE SET.

      83296 ELEMENTS (OF     630881  DEFINED) SELECTED FROM
   315073 SELECTED NODES BY  ESLN COMMAND.

 RESELECT     FOR ITEM=MAT  COMPONENT=    
  IN RANGE         3 TO          3 STEP          1

      39808  ELEMENTS (OF     630881  DEFINED) SELECTED BY  ESEL  COMMAND.

 RESELECT     FOR ITEM=LIVE COMPONENT=    
  IN RANGE         1 TO     935624 STEP          1

      39808  ELEMENTS (OF     630881  DEFINED) SELECTED BY  ESEL  COMMAND.

 *GET  SIM2_NEL  FROM  ELEM  ITEM=COUN           VALUE=  39808.0000    

 PARAMETER SIM2_AAVG =     0.000000000    

 PARAMETER SIM2_AMINL =     0.000000000    

 *IF  SIM2_NEL  ( =   39808.0     )  GT  
      0  ( =   0.00000     )  THEN    

 STORE LALPHA   FROM ITEM=SVAR COMP=1     FOR ALL SELECTED ELEMENTS

 STORE LVOL     FROM ITEM=VOLU  FOR ALL SELECTED ELEMENTS

 OPERATION SMUL  RESULT= ALVOL     OPERAND1= LALPHA    OPERAND2= LVOL    
  FACTOR1=  1.0000       FACTOR2=  1.0000       CONSTANT=  0.0000    

 SUM ALL THE ACTIVE ENTRIES IN THE ELEMENT TABLE 

 TABLE LABEL     TOTAL
 ERATE     0.121235E+08
 EVOL      0.106147E-04
 GMASS     0.318885E-02
 LALPHA     12457.2    
 LVOL      0.106147E-04
 ALVOL     0.327636E-05

 *GET  SIM2_ASUM  FROM  SSUM  ITEM=ITEM ALVOL     VALUE= 0.327636194E-05

 *GET  SIM2_VSUM  FROM  SSUM  ITEM=ITEM LVOL      VALUE= 0.106146855E-04

 PARAMETER SIM2_AAVG =    0.3086631185    

 SORT ON ITEM=ETAB  COMPONENT=LALP  ORDER= 1  KABS= 0  NMAX=  935624

 SORT COMPLETED FOR   39808 VALUES.

 *GET  SIM2_AMINL  FROM  SORT  ITEM=MIN        VALUE= 0.554180567E-01

 ELEMENT SORT REMOVED

 *ENDIF

 ACTIVE COORDINATE SYSTEM SET TO          0  (CARTESIAN)  

 PARAMETER SIM2_KILL =     0.000000000    

 PARAMETER SIM2_OLDILAY =     0.000000000    

 PARAMETER SIM2_DEPTH =    0.3175000000E-03

 *IF  SIM2_ILAY  ( =   0.00000     )  LT  
      SIM2_NLAY  ( =   8.00000     )  THEN    

 *IF  SIM2_AAVG  ( =  0.308663     )  GE  
      SIM2_ACUT  ( =  0.990000     )  THEN    

 *ENDIF

 *ENDIF

 OPENED FILE= simulation2_history.csv FOR COMMAND FILE DATA 

  FILE OPENED FOR APPEND

  COMMAND FILE CLOSED 


 PARAMETER SIM2_PREVT =    0.8000000000    

 *** NOTE ***                            ELAPSED TIME =      28.946   TIME= 18:06:28
 Write parameters to file= simulation2_state.parm.                       

 *** NOTE ***                            ELAPSED TIME =      28.947   TIME= 18:06:28
 Parameters written.  Lines= 76.                                         

 EXIT THE MAPDL POST1 DATABASE PROCESSOR


 ***** ROUTINE COMPLETED *****  ELAPSED TIME =        28.948


 SIM2 step 16 controller state reconstructed

 *DO LOOP ON PARAMETER= SIM2_ISTEP FROM  17.000     TO  140.00     BY  1.0000    

 *** ERROR ***                           ELAPSED TIME =      29.342   TIME= 18:06:29
 *INQ Command : Matrix/Vector SIM2_STOP_REQUEST cannot be found.         


 NUMBER OF WARNING MESSAGES ENCOUNTERED=          0
 NUMBER OF ERROR   MESSAGES ENCOUNTERED=          1

+--------------------- M A P D L   S T A T I S T I C S ------------------------+

Release: 2026 R1.02         Build: 26.1       Update: UP20260202   Platform: WINDOWS x64 
Date Run: 07/19/2026   Time: 18:06     Process ID: 16236
Operating System: Windows 11  (Build: 26200)

Processor Model:                           Virtual CPU @ 3.07GHz

Compiler: Intel(R) Fortran Compiler Classic Version 2021.9  (Build: 20230302)
          Intel(R) C/C++ Compiler Classic Version 2021.9  (Build: 20230302)
          AOCL-BLAS 5.1.1 Build 20251008
          Intel(R) oneAPI Math Kernel Library Version 2024.2.3-Product Build 20250403

Number of machines requested            :    1
Total number of cores available         :   14
Number of physical cores available      :   14
Number of processes requested           :   10
Number of threads per process requested :    1
Total number of cores requested         :   10 (Distributed Memory Parallel)               
MPI Type: INTELMPI
MPI Version: Intel(R) MPI Library 2021.16 for Windows* OS


GPU Acceleration: Not Requested

Job Name: file0
Input File: simulation2_resume_step16.apdl

  Core                Machine Name   Working Directory
 -----------------------------------------------------
     0             MARCDNICHITBF25   Z:\Developer\MIT_Rkt_Team\2026-7\MIT-RT-26_27-Work\simulation_work\solidprop\phenolic_case_study\tmp3_sim2\resume_runs\ScrResume_step16_20260719
     1             MARCDNICHITBF25   Z:\Developer\MIT_Rkt_Team\2026-7\MIT-RT-26_27-Work\simulation_work\solidprop\phenolic_case_study\tmp3_sim2\resume_runs\ScrResume_step16_20260719
     2             MARCDNICHITBF25   Z:\Developer\MIT_Rkt_Team\2026-7\MIT-RT-26_27-Work\simulation_work\solidprop\phenolic_case_study\tmp3_sim2\resume_runs\ScrResume_step16_20260719
     3             MARCDNICHITBF25   Z:\Developer\MIT_Rkt_Team\2026-7\MIT-RT-26_27-Work\simulation_work\solidprop\phenolic_case_study\tmp3_sim2\resume_runs\ScrResume_step16_20260719
     4             MARCDNICHITBF25   Z:\Developer\MIT_Rkt_Team\2026-7\MIT-RT-26_27-Work\simulation_work\solidprop\phenolic_case_study\tmp3_sim2\resume_runs\ScrResume_step16_20260719
     5             MARCDNICHITBF25   Z:\Developer\MIT_Rkt_Team\2026-7\MIT-RT-26_27-Work\simulation_work\solidprop\phenolic_case_study\tmp3_sim2\resume_runs\ScrResume_step16_20260719
     6             MARCDNICHITBF25   Z:\Developer\MIT_Rkt_Team\2026-7\MIT-RT-26_27-Work\simulation_work\solidprop\phenolic_case_study\tmp3_sim2\resume_runs\ScrResume_step16_20260719
     7             MARCDNICHITBF25   Z:\Developer\MIT_Rkt_Team\2026-7\MIT-RT-26_27-Work\simulation_work\solidprop\phenolic_case_study\tmp3_sim2\resume_runs\ScrResume_step16_20260719
     8             MARCDNICHITBF25   Z:\Developer\MIT_Rkt_Team\2026-7\MIT-RT-26_27-Work\simulation_work\solidprop\phenolic_case_study\tmp3_sim2\resume_runs\ScrResume_step16_20260719
     9             MARCDNICHITBF25   Z:\Developer\MIT_Rkt_Team\2026-7\MIT-RT-26_27-Work\simulation_work\solidprop\phenolic_case_study\tmp3_sim2\resume_runs\ScrResume_step16_20260719
 
Latency time from master to core     1 =   29.341 microseconds
Latency time from master to core     2 =   43.007 microseconds
Latency time from master to core     3 =  340.130 microseconds
Latency time from master to core     4 =   64.594 microseconds
Latency time from master to core     5 =   28.660 microseconds
Latency time from master to core     6 =   28.089 microseconds
Latency time from master to core     7 =   53.795 microseconds
Latency time from master to core     8 =  104.902 microseconds
Latency time from master to core     9 =  206.134 microseconds
 
Communication speed from master to core     1 =  2178.26 MB/sec
Communication speed from master to core     2 =  2000.07 MB/sec
Communication speed from master to core     3 =  2189.66 MB/sec
Communication speed from master to core     4 =   778.09 MB/sec
Communication speed from master to core     5 =   883.85 MB/sec
Communication speed from master to core     6 =   433.34 MB/sec
Communication speed from master to core     7 =   861.67 MB/sec
Communication speed from master to core     8 =   720.12 MB/sec
Communication speed from master to core     9 =   693.95 MB/sec

Total CPU time for main thread                    :       23.8 seconds
Total CPU time summed for all threads             :       38.3 seconds

Elapsed time spent obtaining a license            :        1.4 seconds
Elapsed time spent pre-processing model (/PREP7)  :        0.0 seconds
Elapsed time spent solution - preprocessing       :        0.0 seconds
Elapsed time spent computing solution             :        0.0 seconds
   Elapsed time in element formation & assembly   :        0.0 seconds
   Elapsed time in equation solver                :        0.0 seconds
   Elapsed time in element result calculations    :        0.0 seconds
Elapsed time spent solution - postprocessing      :        0.0 seconds
Elapsed time spent post-processing model (/POST1) :        8.0 seconds
 

Sum of disk space used on all processes           :        0.0 MB

Sum of memory used on all processes               :     4694.0 MB
Sum of memory allocated on all processes          :    10176.0 MB
Physical memory available                         :        112 GB
Total amount of I/O written to disk               :        0.0 GB
Total amount of I/O read from disk                :        1.1 GB

+------------------ E N D   M A P D L   S T A T I S T I C S -------------------+


 *-----------------------------------------------------------------------------*
 |                                                                             |
 |                               RUN COMPLETED                                 |
 |                                                                             |
 |-----------------------------------------------------------------------------|
 |                                                                             |
 |  Ansys MAPDL 2026 R1.02      Build 26.1         UP20260202    WINDOWS x64   |
 |                                                                             |
 |-----------------------------------------------------------------------------|
 |                                                                             |
 |  Database Requested(-db)     1024 MB     Scratch Memory Requested   1024 MB |
 |  Max Database Used(Master)   2537 MB     Max Scratch Used(Master)   2085 MB |
 |  Max Database Used(Workers)     1 MB     Max Scratch Used(Workers)     7 MB |
 |  Sum Database Used(All)      2546 MB     Sum Scratch Used(All)      2148 MB |
 |                                                                             |
 |-----------------------------------------------------------------------------|
 |                                                                             |
 |        CP Time      (sec) =         38.297       Time  =  18:06:41          |
 |        Elapsed Time (sec) =         41.816       Date  =  07/19/2026        |
 |                                                                             |
 *-----------------------------------------------------------------------------*
