/COM,ANSYS RELEASE 2026 R1.02        BUILD 26.1      UP20260202       18:48:59

 *** WARNING ***                         ELAPSED TIME =      17.681   TIME= 18:49:12
 Element shape checking is currently inactive.  Issue SHPP,ON or         
 SHPP,WARN to reactivate, if desired.                                    

 *** WARNING ***                         ELAPSED TIME =      29.188   TIME= 18:49:24
 Ansys, Inc.-supplied version of coding for USERCK has been used.        

 *** WARNING ***                         ELAPSED TIME =      32.201   TIME= 18:49:27
 Material property DENS of material 3 of element 360433 is evaluated at  
 a temperature of 22, which is below the supplied temperature range.     
 Temperature range checking terminates.                                  

 *** WARNING ***                         ELAPSED TIME =      99.834   TIME= 18:50:34
 Material property DENS of material 3 of element 360462 is evaluated at  
 a temperature of 22, which is below the supplied temperature range.     
 Temperature range checking terminates.                                  

 *** WARNING ***                         ELAPSED TIME =      99.838   TIME= 18:50:34
 Material property DENS of material 3 of element 346914 is evaluated at  
 a temperature of 22, which is below the supplied temperature range.     
 Temperature range checking terminates.                                  

 *** WARNING ***                         ELAPSED TIME =      99.843   TIME= 18:50:34
 Material property KXX of material 1 of element 1956 is evaluated at a   
 temperature of 22, which is below the supplied temperature range.       
 Temperature range checking terminates.                                  

 *** WARNING ***                         ELAPSED TIME =      99.852   TIME= 18:50:34
 Material property DENS of material 4 of element 466743 is evaluated at  
 a temperature of 22, which is below the supplied temperature range.     
 Temperature range checking terminates.                                  

 *** WARNING ***                         ELAPSED TIME =      99.853   TIME= 18:50:34
 Material property DENS of material 4 of element 467838 is evaluated at  
 a temperature of 22, which is below the supplied temperature range.     
 Temperature range checking terminates.                                  

 *** WARNING ***                         ELAPSED TIME =      99.854   TIME= 18:50:35
 Material property DENS of material 3 of element 369776 is evaluated at  
 a temperature of 22, which is below the supplied temperature range.     
 Temperature range checking terminates.                                  
