
 Ansys Mechanical Enterprise Academic Research     


 *------------------------------------------------------------------*
 |                                                                  |
 |   W E L C O M E   T O   T H E   A N S Y S (R)  P R O G R A M     |
 |                                                                  |
 *------------------------------------------------------------------*




 ***************************************************************
 *         ANSYS MAPDL 2026 R1.02       LEGAL NOTICES          *
 ***************************************************************
 *                                                             *
 * Copyright (c) 2026 Synopsys, Inc. and ANSYS, Inc.           *
 * All rights reserved.                                        *
 * Unauthorized use, distribution or duplication is            *
 * prohibited.                                                 *
 *                                                             *
 * Ansys is a registered trademark of Ansys, Inc. or its       *
 * subsidiaries in the United States or other countries.       *
 * See the Ansys, Inc. online documentation or the Ansys, Inc. *
 * documentation CD or online help for the complete Legal      *
 * Notice.                                                     *
 *                                                             *
 ***************************************************************
 *                                                             *
 * THIS ANSYS SOFTWARE PRODUCT AND PROGRAM DOCUMENTATION       *
 * INCLUDE TRADE SECRETS AND CONFIDENTIAL AND PROPRIETARY      *
 * PRODUCTS OF ANSYS, INC., ITS SUBSIDIARIES, OR LICENSORS.    *
 * The software products and documentation are furnished by    *
 * Ansys, Inc. or its subsidiaries under a software license    *
 * agreement that contains provisions concerning               *
 * non-disclosure, copying, length and nature of use,          *
 * compliance with exporting laws, warranties, disclaimers,    *
 * limitations of liability, and remedies, and other           *
 * provisions.  The software products and documentation may be *
 * used, disclosed, transferred, or copied only in accordance  *
 * with the terms and conditions of that software license      *
 * agreement.                                                  *
 *                                                             *
 * Ansys, Inc. is a UL registered                              *
 * ISO 9001:2015 company.                                      *
 *                                                             *
 ***************************************************************
 *                                                             *
 * This product is subject to U.S. laws governing export and   *
 * re-export.                                                  *
 *                                                             *
 * For U.S. Government users, except as specifically granted   *
 * by the Ansys, Inc. software license agreement, the use,     *
 * duplication, or disclosure by the United States Government  *
 * is subject to restrictions stated in the Ansys, Inc.        *
 * software license agreement and FAR 12.212 (for non-DOD      *
 * licenses).                                                  *
 *                                                             *
 ***************************************************************

 2026 R1.02  
     
 Point Releases and Patches installed:   
     
 Ansys Service Pack 2026 R1.01   
 Ansys Service Pack 2026 R1.02   
 Ansys, Inc. License Manager 2026 R1 
 Ansys, Inc. License Manager 2026 R1.01  
 Ansys, Inc. License Manager 2026 R1.02  
 Discovery (reduced install) 2026 R1 
 Discovery (reduced install) 2026 R1.01  
 Discovery (reduced install) 2026 R1.02  
 Core WB Files 2026 R1   
 Core WB Files 2026 R1.01
 Core WB Files 2026 R1.02
 BladeModeler 2026 R1
 BladeModeler 2026 R1.01 
 BladeModeler 2026 R1.02 
 CFX (includes CFD-Post) 2026 R1 
 CFX (includes CFD-Post) 2026 R1.01  
 CFX (includes CFD-Post) 2026 R1.02  
 CFD-Post only 2026 R1   
 CFD-Post only 2026 R1.01
 CFD-Post only 2026 R1.02
 Chemkin 2026 R1 
 Chemkin 2026 R1.01  
 Chemkin 2026 R1.02  
 EnSight 2026 R1 
 EnSight 2026 R1.01  
 EnSight 2026 R1.02  
 FENSAP-ICE 2026 R1  
 FENSAP-ICE 2026 R1.01   
 FENSAP-ICE 2026 R1.02   
 Fluent (includes CFD-Post) 2026 R1  
 Fluent (includes CFD-Post) 2026 R1.01   
 Fluent (includes CFD-Post) 2026 R1.02   
 Polyflow (includes CFD-Post) 2026 R1
 Polyflow (includes CFD-Post) 2026 R1.01 
 Polyflow (includes CFD-Post) 2026 R1.02 
 Forte (includes EnSight) 2026 R1
 Forte (includes EnSight) 2026 R1.01 
 Forte (includes EnSight) 2026 R1.02 
 ICEM CFD 2026 R1
 ICEM CFD 2026 R1.01 
 ICEM CFD 2026 R1.02 
 RBF Morph Fluids UDF 2026 R1
 RBF Morph Fluids UDF 2026 R1.01 
 RBF Morph Fluids UDF 2026 R1.02 
 RBF Morph Libraries 2026 R1 
 RBF Morph Libraries 2026 R1.01  
 RBF Morph Libraries 2026 R1.02  
 Rocky 2026 R1   
 Rocky 2026 R1.01
 Rocky 2026 R1.02
 Thermal Desktop: AutoCAD 2026 R1
 Thermal Desktop: AutoCAD 2026 R1.01 
 Thermal Desktop: AutoCAD 2026 R1.02 
 Thermal Desktop: Thermal Desktop and TD Designer  2026 R1   
 Thermal Desktop: Thermal Desktop and TD Designer  2026 R1.01
 Thermal Desktop: Thermal Desktop and TD Designer  2026 R1.02
 Thermal Desktop: Sinda Solver 2026 R1   
 Thermal Desktop: Sinda Solver 2026 R1.01
 Thermal Desktop: Sinda Solver 2026 R1.02
 TurboGrid 2026 R1   
 TurboGrid 2026 R1.01
 TurboGrid 2026 R1.02
 Granta EduPack 2026 R1  
 Granta EduPack 2026 R1.01   
 Granta EduPack 2026 R1.02   
 Granta Selector 2026 R1 
 Granta Selector 2026 R1.01  
 Granta Selector 2026 R1.02  
 Dynamic Reporting 2026 R1   
 Dynamic Reporting 2026 R1.01
 Dynamic Reporting 2026 R1.02
 Remote Solve Manager Standalone Services 2026 R1
 Remote Solve Manager Standalone Services 2026 R1.01 
 Remote Solve Manager Standalone Services 2026 R1.02 
 Aqwa 2026 R1
 Aqwa 2026 R1.01 
 Aqwa 2026 R1.02 
 Autodyn 2026 R1 
 Autodyn 2026 R1.01  
 Autodyn 2026 R1.02  
 Customization Files for User Programmable Features 2026 R1  
 Customization Files for User Programmable Features 2026 R1.01   
 Customization Files for User Programmable Features 2026 R1.02   
 LS-DYNA 2026 R1 
 LS-DYNA 2026 R1.01  
 LS-DYNA 2026 R1.02  
 Material Calibration App 2026 R1
 Material Calibration App 2026 R1.01 
 Material Calibration App 2026 R1.02 
 Material Designer 2026 R1   
 Material Designer 2026 R1.01
 Material Designer 2026 R1.02
 Mechanical Products 2026 R1 
 Mechanical Products 2026 R1.01  
 Mechanical Products 2026 R1.02  
 Motion 2026 R1  
 Motion 2026 R1.01   
 Motion 2026 R1.02   
 RBF Morph 2026 R1   
 RBF Morph 2026 R1.01
 RBF Morph 2026 R1.02
 Sherlock 2026 R1
 Sherlock 2026 R1.01 
 Sherlock 2026 R1.02 
 Sound - SAS 2026 R1 
 Sound - SAS 2026 R1.01  
 Sound - SAS 2026 R1.02  
 ACIS Geometry Interface 2026 R1 
 ACIS Geometry Interface 2026 R1.01  
 ACIS Geometry Interface 2026 R1.02  
 AutoCAD Geometry Interface 2026 R1  
 AutoCAD Geometry Interface 2026 R1.01   
 AutoCAD Geometry Interface 2026 R1.02   
 Catia, Version 4 Geometry Interface 2026 R1 
 Catia, Version 4 Geometry Interface 2026 R1.01  
 Catia, Version 4 Geometry Interface 2026 R1.02  
 Catia, Version 5 Geometry Interface 2026 R1 
 Catia, Version 5 Geometry Interface 2026 R1.01  
 Catia, Version 5 Geometry Interface 2026 R1.02  
 Catia, Version 6 Geometry Interface 2026 R1 
 Catia, Version 6 Geometry Interface 2026 R1.01  
 Catia, Version 6 Geometry Interface 2026 R1.02  
 Creo Elements/Direct Modeling Geometry Interface 2026 R1
 Creo Elements/Direct Modeling Geometry Interface 2026 R1.01 
 Creo Elements/Direct Modeling Geometry Interface 2026 R1.02 
 Creo Parametric Geometry Interface 2026 R1  
 Creo Parametric Geometry Interface 2026 R1.01   
 Creo Parametric Geometry Interface 2026 R1.02   
 Inventor Geometry Interface 2026 R1 
 Inventor Geometry Interface 2026 R1.01  
 Inventor Geometry Interface 2026 R1.02  
 JTOpen Geometry Interface 2026 R1   
 JTOpen Geometry Interface 2026 R1.01
 JTOpen Geometry Interface 2026 R1.02
 NX Geometry Interface 2026 R1   
 NX Geometry Interface 2026 R1.01
 NX Geometry Interface 2026 R1.02
 Parasolid Geometry Interface  2026 R1   
 Parasolid Geometry Interface  2026 R1.01
 Parasolid Geometry Interface  2026 R1.02
 Solid Edge Geometry Interface 2026 R1   
 Solid Edge Geometry Interface 2026 R1.01
 Solid Edge Geometry Interface 2026 R1.02
 SOLIDWORKS Geometry Interface 2026 R1   
 SOLIDWORKS Geometry Interface 2026 R1.01
 SOLIDWORKS Geometry Interface 2026 R1.02


          *****  MAPDL COMMAND LINE ARGUMENTS  *****
  BATCH MODE REQUESTED (-b)    = NOLIST
  INPUT FILE COPY MODE (-c)    = COPY
  DISTRIBUTED MEMORY PARALLEL REQUESTED
       8 PARALLEL PROCESSES REQUESTED WITH SINGLE THREAD PER PROCESS
    TOTAL OF     8 CORES REQUESTED
  INPUT FILE NAME              = Z:\Developer\MIT_Rkt_Team\2026-7\MIT-RT-26_27-Work\simulation_work\solidprop\phenolic_case_study\tmp3\_ProjectScratch\Scr640F\dummy.dat
  OUTPUT FILE NAME             = Z:\Developer\MIT_Rkt_Team\2026-7\MIT-RT-26_27-Work\simulation_work\solidprop\phenolic_case_study\tmp3\_ProjectScratch\Scr640F\solve.out
  START-UP FILE MODE           = NOREAD
  STOP FILE MODE               = NOREAD

 User Link path (ANS_USER_PATH): Z:\Developer\MIT_Rkt_Team\2026-7\MIT-RT-26_27-Work\simulation_work\solidprop\phenolic_case_study\tmp3\                                                                                                                                                  

 RELEASE= 2026 R1.02           BUILD= 26.1      UP20260202   VERSION=WINDOWS x64 
 CURRENT JOBNAME=file0  18:49:00  JUL 14, 2026  Elapsed Time=       0.125
 Note - This MAPDL version was linked by Licensee

 PARAMETER _DS_PROGRESS =     999.0000000    

 /INPUT FILE= ds.dat  LINE=       0



 *** NOTE ***                            ELAPSED TIME =       5.776   TIME= 18:49:00
 The /CONFIG,NOELDB command is not valid in a distributed memory         
 parallel solution.  Command is ignored.                                 

 *GET  _WALLSTRT  FROM  ACTI  ITEM=TIME WALL  VALUE= 0.161086853E-02

 TITLE= 
 testbed2--Thermique transitoire (B5)                                          

  ACT Extensions:
      LSDYNA, 2026.1
      5f463412-bd3e-484b-87e7-cbc0a665e474, wbex
      ANSYSMotion, 2026.1
      20180725-3f81-49eb-9f31-41364844c769, wbex

 SET PARAMETER DIMENSIONS ON  _WB_PROJECTSCRATCH_DIR
  TYPE=STRI  DIMENSIONS=      248        1        1

 PARAMETER _WB_PROJECTSCRATCH_DIR(1) = Z:\Developer\MIT_Rkt_Team\2026-7\MIT-RT-26_27-Work\simulation_work\solidprop\phenolic_case_study\tmp3\_ProjectScratch\Scr640F\

 SET PARAMETER DIMENSIONS ON  _WB_SOLVERFILES_DIR
  TYPE=STRI  DIMENSIONS=      248        1        1

 PARAMETER _WB_SOLVERFILES_DIR(1) = Z:\Developer\MIT_Rkt_Team\2026-7\MIT-RT-26_27-Work\simulation_work\solidprop\phenolic_case_study\tmp3\testbed2_files\dp0\SYS-3\MECH\

 SET PARAMETER DIMENSIONS ON  _WB_USERFILES_DIR
  TYPE=STRI  DIMENSIONS=      248        1        1

 PARAMETER _WB_USERFILES_DIR(1) = Z:\Developer\MIT_Rkt_Team\2026-7\MIT-RT-26_27-Work\simulation_work\solidprop\phenolic_case_study\tmp3\testbed2_files\user_files\
 --- Data in consistent MKS units. See Solving Units in the help system for more

 MKS UNITS SPECIFIED FOR INTERNAL    
  LENGTH        (l)  = METER (M)
  MASS          (M)  = KILOGRAM (KG)
  TIME          (t)  = SECOND (SEC)
  TEMPERATURE   (T)  = CELSIUS (C)
  TOFFSET            = 273.0
  CHARGE        (Q)  = COULOMB
  FORCE         (f)  = NEWTON (N) (KG-M/SEC2)
  HEAT               = JOULE (N-M)

  PRESSURE           = PASCAL (NEWTON/M**2)
  ENERGY        (W)  = JOULE (N-M)
  POWER         (P)  = WATT (N-M/SEC)
  CURRENT       (i)  = AMPERE (COULOMBS/SEC)
  CAPACITANCE   (C)  = FARAD
  INDUCTANCE    (L)  = HENRY
  MAGNETIC FLUX      = WEBER
  RESISTANCE    (R)  = OHM
  ELECTRIC POTENTIAL = VOLT

 INPUT  UNITS ARE ALSO SET TO MKS 

 *** MAPDL - ENGINEERING ANALYSIS SYSTEM  RELEASE 2026 R1.02       26.1     ***
 Ansys Mechanical Enterprise Academic Research     
 01196637  VERSION=WINDOWS x64   18:49:00  JUL 14, 2026 Elapsed Time=      5.805

 testbed2--Thermique transitoire (B5)                                          

 Note - This MAPDL version was linked by Licensee

          ***** MAPDL ANALYSIS DEFINITION (PREP7) *****
 *********** Send User Defined Coordinate System(s) ***********
 *********** Nodes for the whole assembly ***********
 *********** Elements for Body 1 'epo' ***********
 *********** Elements for Body 2 'alu' ***********
 *********** Elements for Body 3 'phe0' ***********
 *********** Elements for Body 4 'phe1' ***********
 *********** Send Materials ***********
 Prebuilt Fortran UserMatTh pyrolysis model requested
 *********** Create Contact "Lié totalement - phe0_ext Vers epo_int" ***********
             Real Constant Set For Above Contact Is 6 & 5
 *********** Create Contact "Lié totalement - epo_ext Vers phe1_int" ***********
             Real Constant Set For Above Contact Is 8 & 7
 *********** Create Contact "Lié totalement - phe1_ext Vers alu_int" ***********
             Real Constant Set For Above Contact Is 10 & 9
 *********** Send Named Selection as Node Component ***********
 *********** Send Named Selection as Node Component ***********
 *********** Send Named Selection as Node Component ***********
 *********** Send Named Selection as Node Component ***********
 *********** Send Named Selection as Node Component ***********
 *********** Send Named Selection as Node Component ***********
 *********** Send Named Selection as Node Component ***********
 *********** Send Named Selection as Node Component ***********
 *********** Create "Convection" ***********
 *********** Create "Convection 2" ***********
 *********** Create "ToAmbient" Radiation ***********
 ***************** Define Uniform Initial temperature ***************


 ***** ROUTINE COMPLETED *****  ELAPSED TIME =        13.100


 --- Number of total nodes = 2242327
 --- Number of contact elements = 231776
 --- Number of spring elements = 0
 --- Number of bearing elements = 0
 --- Number of solid elements = 482900
 --- Number of condensed parts = 0
 --- Number of total elements = 714676

 *GET  _WALLBSOL  FROM  ACTI  ITEM=TIME WALL  VALUE= 0.372679718E-02
 ****************************************************************************
 *************************    SOLUTION       ********************************
 ****************************************************************************

 *****  MAPDL SOLUTION ROUTINE  *****


 PERFORM A TRANSIENT ANALYSIS
  THIS WILL BE A NEW ANALYSIS

 STEP BOUNDARY CONDITION KEY= 1

 USE PRECONDITIONED CONJUGATE GRADIENT SOLVER
  CONVERGENCE TOLERANCE = 1.00000E-08
  MAXIMUM ITERATION     = NumNode*DofPerNode*  1.0000    

 CONTACT INFORMATION PRINTOUT LEVEL       1

 CHECK INITIAL OPEN/CLOSED STATUS OF SELECTED CONTACT ELEMENTS
      AND LIST DETAILED CONTACT PAIR INFORMATION

 SPLIT CONTACT SURFACES AT SOLVE PHASE

    NUMBER OF SPLITTING TBD BY PROGRAM

 DO NOT SAVE ANY RESTART FILES AT ALL

 DO NOT COMBINE ELEMENT MATRIX FILES (.emat) AFTER DISTRIBUTED PARALLEL SOLUTION

 DO NOT COMBINE ELEMENT SAVE DATA FILES (.esav) AFTER DISTRIBUTED PARALLEL SOLUTION

 Use Full Nonlinear Thermal Transient Solution

 NLHIST: ADDED NODAL RESULTS HISTORY FOR:
       NAME = MAX_TEMP                        
  ITEM/COMP = TEMPMAX 
       NODE =         0

 NLHIST: ADDED NODAL RESULTS HISTORY FOR:
       NAME = MIN_TEMP                        
  ITEM/COMP = TEMPMIN 
       NODE =         0
 ********* Initial Time Increment Check And Fourier Modulus *********
  Specified Initial Time Increment: 0.1
  Estimated Increment Needed, le*le/alpha, Body 1: 9.25844
  Estimated Increment Needed, le*le/alpha, Body 2: 0.0393127
  Estimated Increment Needed, le*le/alpha, Body 3: 2.19403
  Estimated Increment Needed, le*le/alpha, Body 4: 12.6645
 ****************************************************
 ******************* SOLVE FOR LS 1 OF 7 ****************

 SELECT       FOR ITEM=TYPE COMPONENT=    
  IN RANGE        11 TO         11 STEP          1

      43488  ELEMENTS (OF     714676  DEFINED) SELECTED BY  ESEL  COMMAND.

 SELECT      ALL NODES HAVING ANY ELEMENT IN ELEMENT SET.

     135900 NODES (OF    2242327  DEFINED) SELECTED FROM
    43488 SELECTED ELEMENTS BY NSLE COMMAND.

 GENERATE SURFACE LOAD CONV ON SURFACE DEFINED BY ALL SELECTED NODES
 VALUES=  1000.00000      2230.85000    

 NUMBER OF CONV ELEMENT FACE LOADS STORED =      43488

 SELECT       FOR ITEM=TYPE COMPONENT=    
  IN RANGE        12 TO         12 STEP          1

      10248  ELEMENTS (OF     714676  DEFINED) SELECTED BY  ESEL  COMMAND.

 SELECT      ALL NODES HAVING ANY ELEMENT IN ELEMENT SET.

      32452 NODES (OF    2242327  DEFINED) SELECTED FROM
    10248 SELECTED ELEMENTS BY NSLE COMMAND.

 GENERATE SURFACE LOAD CONV ON SURFACE DEFINED BY ALL SELECTED NODES
 VALUES=  8.00000000      22.0000000    

 NUMBER OF CONV ELEMENT FACE LOADS STORED =      10248

 ALL SELECT   FOR ITEM=NODE COMPONENT=    
  IN RANGE         1 TO    2242327 STEP          1

    2242327  NODES (OF    2242327  DEFINED) SELECTED BY NSEL  COMMAND.

 ALL SELECT   FOR ITEM=ELEM COMPONENT=    
  IN RANGE         1 TO     919644 STEP          1

     714676  ELEMENTS (OF     714676  DEFINED) SELECTED BY  ESEL  COMMAND.

 SPECIFIED CONSTRAINT TEMP FOR PICKED NODES 
 REAL=  22.0000000       IMAG=  0.00000000    

 PRINTOUT RESUMED BY /GOP

 USE AUTOMATIC TIME STEPPING THIS LOAD STEP

 USE INITIAL TIME STEP SIZE OF 0.1000000     FOR ALL  DEGREES OF FREEDOM
 FOR AUTOMATIC TIME STEPPING:
   USE 0.1000000E-02 AS THE MINIMUM TIME STEP SIZE
   USE 0.5000000     AS THE MAXIMUM TIME STEP SIZE

 TIME=  1.0000    

 INCLUDE TRANSIENT EFFECTS FOR  ALL DEGREES OF FREEDOM THIS LOAD STEP

 ERASE THE CURRENT DATABASE OUTPUT CONTROL TABLE.


 WRITE ALL  ITEMS TO THE DATABASE WITH A FREQUENCY OF NONE
   FOR ALL APPLICABLE ENTITIES

 WRITE NSOL ITEMS TO THE DATABASE WITH A FREQUENCY OF ALL 
   FOR ALL APPLICABLE ENTITIES

 WRITE RSOL ITEMS TO THE DATABASE WITH A FREQUENCY OF ALL 
   FOR ALL APPLICABLE ENTITIES

 WRITE EANG ITEMS TO THE DATABASE WITH A FREQUENCY OF ALL 
   FOR ALL APPLICABLE ENTITIES

 WRITE VENG ITEMS TO THE DATABASE WITH A FREQUENCY OF ALL 
   FOR ALL APPLICABLE ENTITIES

 WRITE FFLU ITEMS TO THE DATABASE WITH A FREQUENCY OF ALL 
   FOR ALL APPLICABLE ENTITIES

 WRITE CONT ITEMS TO THE DATABASE WITH A FREQUENCY OF ALL 
   FOR ALL APPLICABLE ENTITIES

 PRINTOUT RESUMED BY /GOP

 WRITE MISC ITEMS TO THE DATABASE WITH A FREQUENCY OF ALL 
   FOR THE ENTITIES DEFINED BY COMPONENT _ELMISC 

 CONVERGENCE ON HEAT BASED ON THE NORM OF THE N-R LOAD
   WITH A TOLERANCE OF 0.1000E-02 AND A MINIMUM REFERENCE VALUE OF 0.1000E-05
   USING THE L2 NORM (CHECK THE SRSS VALUE)

 Use Full Nonlinear Thermal Transient Solution

 WRITE SVAR ITEMS TO THE DATABASE WITH A FREQUENCY OF ALL 
   FOR ALL APPLICABLE ENTITIES

 Use Full element graphics for all elements

 *GET  ANSINTER_  FROM  ACTI  ITEM=INT        VALUE=  0.00000000    

 *IF  ANSINTER_  ( =   0.00000     )  NE  
      0  ( =   0.00000     )  THEN    

 *ENDIF

 *** NOTE ***                            ELAPSED TIME =      15.900   TIME= 18:49:11
 The automatic domain decomposition logic has selected the MESH domain   
 decomposition method with 8 processes per solution.                     

 *****  MAPDL SOLVE    COMMAND  *****

 *** WARNING ***                         ELAPSED TIME =      17.681   TIME= 18:49:12
 Element shape checking is currently inactive.  Issue SHPP,ON or         
 SHPP,WARN to reactivate, if desired.                                    

 *** NOTE ***                            ELAPSED TIME =      28.497   TIME= 18:49:23
 The model data was checked and warning messages were found.             
  Please review output or errors file (                                  
 Z:\Developer\MIT_Rkt_Team\2026-7\MIT-RT-26_27-Work\simulation_work\soli 
 dprop\phenolic_case_study\tmp3\_ProjectScratch\Scr640F\file0.err ) for  
 these warning messages.                                                 

 *** MAPDL - ENGINEERING ANALYSIS SYSTEM  RELEASE 2026 R1.02       26.1     ***
 Ansys Mechanical Enterprise Academic Research     
 01196637  VERSION=WINDOWS x64   18:49:23  JUL 14, 2026 Elapsed Time=     28.682

 testbed2--Thermique transitoire (B5)                                          

 Note - This MAPDL version was linked by Licensee

                       S O L U T I O N   O P T I O N S

   PROBLEM DIMENSIONALITY. . . . . . . . . . . . .3-D                  
   DEGREES OF FREEDOM. . . . . . TEMP
   ANALYSIS TYPE . . . . . . . . . . . . . . . . .TRANSIENT            
      SOLUTION METHOD. . . . . . . . . . . . . . .FULL                 
   OFFSET TEMPERATURE FROM ABSOLUTE ZERO . . . . .  273.15    
   EQUATION SOLVER OPTION. . . . . . . . . . . . .PCG                
      TOLERANCE. . . . . . . . . . . . . . . . . . 1.00000E-08
   USER DEFINED THERMAL MATERIAL INCLUDED. . . . .YES
   NEWTON-RAPHSON OPTION . . . . . . . . . . . . .PROGRAM CHOSEN   
   GLOBALLY ASSEMBLED MATRIX . . . . . . . . . . .SYMMETRIC  

 *** NOTE ***                            ELAPSED TIME =      28.963   TIME= 18:49:24
 Property KXX of material 1 is defined over a temperature range from     
 26.85 to 326.85 which does not include the uniform temperature (22).    
 Change either temperature range or the uniform temperature.  Checking   
 for this condition discontinues.                                        

 *** WARNING ***                         ELAPSED TIME =      29.188   TIME= 18:49:24
 Ansys, Inc.-supplied version of coding for USERCK has been used.        

 *** NOTE ***                            ELAPSED TIME =      29.554   TIME= 18:49:24
 The step data was checked and warning messages were found.              
  Please review output or errors file (                                  
 Z:\Developer\MIT_Rkt_Team\2026-7\MIT-RT-26_27-Work\simulation_work\soli 
 dprop\phenolic_case_study\tmp3\_ProjectScratch\Scr640F\file0.err ) for  
 these warning messages.                                                 

 *** NOTE ***                            ELAPSED TIME =      29.555   TIME= 18:49:24
 This nonlinear analysis defaults to using the full Newton-Raphson       
 solution procedure.  This can be modified using the NROPT command.      

 *** NOTE ***                            ELAPSED TIME =      29.555   TIME= 18:49:24
 The conditions for direct assembly have been met.  No .emat or .erot    
 files will be produced.                                                 

 TRIM CONTACT/TARGET SURFACE

 *** WARNING ***                         ELAPSED TIME =      32.201   TIME= 18:49:27
 Material property DENS of material 3 of element 360433 is evaluated at  
 a temperature of 22, which is below the supplied temperature range.     
 Temperature range checking terminates.                                  
 START TRIMMING SMALL/BONDED CONTACT PAIRS FOR DMP RUN.                  

   29064 CONTACT ELEMENTS &   54832 TARGET ELEMENTS ARE DELETED DUE TO TRIMMING LOGIC.
       3 CONTACT PAIRS ARE REMOVED. 

 CHECK INITIAL OPEN/CLOSED STATUS OF SELECTED CONTACT ELEMENTS
      AND LIST DETAILED CONTACT PAIR INFORMATION
 
 SPLITTING CONTACT SURFACES WITH A CONNECTED REGION
 

 CONTACT PAIR ASSOCIATED WITH REAL CONSTANT 5 SPLIT INTO 2 NEW PAIRS 
 ASSOCIATED WITH REAL CONSTANTS 14 - 14

 NEW TARGET ELEMENTS FROM 919645 TO 929148 WERE CREATED TO HANDLE
 THE SPLIT CONTACT PAIRS

 TRIM CONTACT/TARGET SURFACE

       0 CONTACT ELEMENTS &    9432 TARGET ELEMENTS ARE DELETED DUE TO SPLITTING LOGIC.

 *** NOTE ***                            ELAPSED TIME =      68.977   TIME= 18:50:04
 Deformable-deformable contact pair identified by real constant set 5    
 and contact element type 5 has been set up.                             
 The current pair was split from a base pair (real ID 5).                
 Pure thermal contact is activated.
 The emissivity is defined through the material property.
 Thermal convection coefficient, environment temperature, and
  heat flux are defined using the SFE command.
 Target temperature is used for convection/radiation calculation
  for near field contact.
 Small sliding logic is assumed
 Contact detection at: Gauss integration point
 Average contact surface length               0.27279E-02
 Average contact pair depth                   0.89316E-03
 Average target surface length                0.26224E-02
 Default pinball region factor PINB           0.25000    
 The resulting pinball region                 0.22329E-03
 Initial penetration/gap is excluded.
 Bonded contact (always) is defined.
 Thermal contact conductance coef. TCC        0.38484E+07
 Heat radiation is excluded.

 *** NOTE ***                            ELAPSED TIME =      68.987   TIME= 18:50:04
 Max.  Initial penetration 1.016078857E-10 was detected between contact  
 element 739906 and target element 768088.                               
 ****************************************
  

 *** NOTE ***                            ELAPSED TIME =      68.993   TIME= 18:50:04
 Deformable-deformable contact pair identified by real constant set 14   
 and contact element type 5 has been set up.                             
 The current pair was split from a base pair (real ID 5).                
 Pure thermal contact is activated.
 The emissivity is defined through the material property.
 Thermal convection coefficient, environment temperature, and
  heat flux are defined using the SFE command.
 Target temperature is used for convection/radiation calculation
  for near field contact.
 Small sliding logic is assumed
 Contact detection at: Gauss integration point
 Average contact surface length               0.27279E-02
 Average contact pair depth                   0.89316E-03
 Average target surface length                0.26224E-02
 Default pinball region factor PINB           0.25000    
 The resulting pinball region                 0.22329E-03
 Initial penetration/gap is excluded.
 Bonded contact (always) is defined.
 Thermal contact conductance coef. TCC        0.38484E+07
 Heat radiation is excluded.

 *** NOTE ***                            ELAPSED TIME =      69.008   TIME= 18:50:04
 Max.  Initial penetration 1.016078857E-10 was detected between contact  
 element 739906 and target element 768088.                               
 ****************************************
  

 *** NOTE ***                            ELAPSED TIME =      69.013   TIME= 18:50:04
 Deformable-deformable contact pair identified by real constant set 7    
 and contact element type 7 has been set up.                             
 Pure thermal contact is activated.
 The emissivity is defined through the material property.
 Thermal convection coefficient, environment temperature, and
  heat flux are defined using the SFE command.
 Target temperature is used for convection/radiation calculation
  for near field contact.
 Small sliding logic is assumed
 Contact detection at: Gauss integration point
 Average contact surface length               0.36808E-02
 Average contact pair depth                   0.11879E-02
 Average target surface length                0.26013E-02
 Default pinball region factor PINB           0.25000    
 The resulting pinball region                 0.29697E-03
 Initial penetration/gap is excluded.
 Bonded contact (always) is defined.
 Thermal contact conductance coef. TCC        0.38484E+07
 Heat radiation is excluded.

 *** NOTE ***                            ELAPSED TIME =      69.030   TIME= 18:50:04
 Max.  Initial penetration 8.136233433E-11 was detected between contact  
 element 788732 and target element 813296.                               
 ****************************************
  

 *** NOTE ***                            ELAPSED TIME =      69.043   TIME= 18:50:04
 Deformable-deformable contact pair identified by real constant set 10   
 and contact element type 9 has been set up.                             
 Pure thermal contact is activated.
 The emissivity is defined through the material property.
 Thermal convection coefficient, environment temperature, and
  heat flux are defined using the SFE command.
 Target temperature is used for convection/radiation calculation
  for near field contact.
 Small sliding logic is assumed
 Contact detection at: Gauss integration point
 Average contact surface length               0.36707E-02
 Average contact pair depth                   0.13229E-02
 Average target surface length                0.26430E-02
 Default pinball region factor PINB           0.25000    
 The resulting pinball region                 0.33072E-03
 Initial penetration/gap is excluded.
 Bonded contact (always) is defined.
 Thermal contact conductance coef. TCC        0.38484E+07
 Heat radiation is excluded.

 *** NOTE ***                            ELAPSED TIME =      69.087   TIME= 18:50:04
 Max.  Initial penetration 8.193674973E-11 was detected between contact  
 element 839835 and target element 820222.                               
 ****************************************
  
  
  

  
  
     D I S T R I B U T E D   D O M A I N   D E C O M P O S E R
  
  ...Number of elements: 630852
  ...Number of nodes:    2242327
  ...Decompose to 8 CPU domains
  ...Element load balance ratio =     1.384


                      L O A D   S T E P   O P T I O N S

   LOAD STEP NUMBER. . . . . . . . . . . . . . . .     1
   TIME AT END OF THE LOAD STEP. . . . . . . . . .  1.0000    
   AUTOMATIC TIME STEPPING . . . . . . . . . . . .    ON
      STARTING TIME STEP SIZE. . . . . . . . . . . 0.10000    
      MINIMUM TIME STEP SIZE . . . . . . . . . . . 0.10000E-02
      MAXIMUM TIME STEP SIZE . . . . . . . . . . . 0.50000    
   MAXIMUM NUMBER OF EQUILIBRIUM ITERATIONS. . . .    15
   STEP CHANGE BOUNDARY CONDITIONS . . . . . . . .   YES
   TRANSIENT (INERTIA) EFFECTS
      THERMAL DOFS . . . . . . . . . . . . . . . .    ON
   TRANSIENT INTEGRATION PARAMETERS
      THETA. . . . . . . . . . . . . . . . . . . .  1.0000    
      OSCILLATION LIMIT CRITERION. . . . . . . . . 0.50000    
      TOLERANCE. . . . . . . . . . . . . . . . . .  0.0000    
   TERMINATE ANALYSIS IF NOT CONVERGED . . . . . .YES (EXIT)  
   CONVERGENCE CONTROLS
      LABEL   REFERENCE    TOLERANCE  NORM     MINREF
       HEAT    0.000       0.1000E-02   2     0.1000E-05
   COPY INTEGRATION POINT VALUES TO NODE . . . . .YES, FOR ELEMENTS WITH
                                                  ACTIVE MAT. NONLINEARITIES
   PRINT OUTPUT CONTROLS . . . . . . . . . . . . .NO PRINTOUT
   DATABASE OUTPUT CONTROLS
      ITEM     FREQUENCY   COMPONENT
       ALL       NONE               
      NSOL        ALL               
      RSOL        ALL               
      EANG        ALL               
      VENG        ALL               
      FFLU        ALL               
      CONT        ALL               
      MISC        ALL       _ELMISC 
      SVAR        ALL               


 SOLUTION MONITORING INFO IS WRITTEN TO FILE= file.mntr                                                                                                                                                                                                                                                           


 *** WARNING ***                         ELAPSED TIME =      99.834   TIME= 18:50:34
 Material property DENS of material 3 of element 360462 is evaluated at  
 a temperature of 22, which is below the supplied temperature range.     
 Temperature range checking terminates.                                  

 *** WARNING ***                         ELAPSED TIME =      99.838   TIME= 18:50:34
 Material property DENS of material 3 of element 346914 is evaluated at  
 a temperature of 22, which is below the supplied temperature range.     
 Temperature range checking terminates.                                  

 *** WARNING ***                         ELAPSED TIME =      99.843   TIME= 18:50:34
 Material property KXX of material 1 of element 1956 is evaluated at a   
 temperature of 22, which is below the supplied temperature range.       
 Temperature range checking terminates.                                  

 *** WARNING ***                         ELAPSED TIME =      99.852   TIME= 18:50:34
 Material property DENS of material 4 of element 466743 is evaluated at  
 a temperature of 22, which is below the supplied temperature range.     
 Temperature range checking terminates.                                  

 *** WARNING ***                         ELAPSED TIME =      99.853   TIME= 18:50:34
 Material property DENS of material 4 of element 467838 is evaluated at  
 a temperature of 22, which is below the supplied temperature range.     
 Temperature range checking terminates.                                  

 *** WARNING ***                         ELAPSED TIME =      99.854   TIME= 18:50:35
 Material property DENS of material 3 of element 369776 is evaluated at  
 a temperature of 22, which is below the supplied temperature range.     
 Temperature range checking terminates.                                  

 *** NOTE ***                            ELAPSED TIME =     117.249   TIME= 18:50:52
 The PCG solver has automatically set the level of difficulty for this   
 model to 3.                                                             



            **** CENTER OF MASS, MASS, AND MASS MOMENTS OF INERTIA ****

  CALCULATIONS ASSUME ELEMENT MASS AT ELEMENT CENTROID

  TOTAL MASS =   1.7067    

                           MOM. OF INERTIA         MOM. OF INERTIA
  CENTER OF MASS            ABOUT ORIGIN        ABOUT CENTER OF MASS

  XC = -0.54039E-08      IXX =    1.524          IXX =   0.1827E-01
  YC =  0.93940          IYY =   0.3584E-01      IYY =   0.3584E-01
  ZC = -0.14910E-07      IZZ =    1.524          IZZ =   0.1827E-01
                         IXY =   0.8657E-08      IXY =  -0.7304E-11
                         IYZ =   0.3222E-07      IYZ =   0.8310E-08
                         IZX =   0.3695E-08      IZX =   0.3695E-08


  *** MASS SUMMARY BY ELEMENT TYPE ***

  TYPE      MASS
     1  0.312480E-01
     2   1.19282    
     3  0.134277    
     4  0.348361    

 Range of element maximum matrix coefficients in global coordinates
 Maximum = 12.1317063 at element 839298.                                 
 Minimum = 1.662581111E-06 at element 909396.                            

   *** ELEMENT MATRIX FORMULATION TIMES
     TYPE    NUMBER     ENAME   TOTAL ELAPSED   AVG ELAPSED

        1      9516  SOLID279          1.8636   0.000195842
        2     98820  SOLID279         21.2613   0.000215152
        3    315536  SOLID279        180.6631   0.000572559
        4     59028  SOLID279         12.2724   0.000207908
        5     35248  CONTA174         32.0821   0.000910183
        6      9576  TARGE170          0.0063   0.000000661
        7      9192  CONTA174          8.5721   0.000932561
        8      9936  TARGE170          0.1461   0.000014702
        9     10392  CONTA174          9.1901   0.000884346
       10      9624  TARGE170          0.0399   0.000004146
       11     43488   SURF152          4.2986   0.000098847
       12     10248   SURF152          1.5692   0.000153125
       13     10248   SURF152          1.1793   0.000115073
 Elapsed Time at end of element matrix formulation = 181.512921.         
     HT FLOW CONVERGENCE VALUE=   616.1      CRITERION=  0.6223    
 Iteration=     5 Ratio=  0.250880     Limit=  1.000000E-08 Wall=     0.6
 Iteration=    55 Ratio=  7.686465E-04 Limit=  1.000000E-08 Wall=    10.0
 Iteration=   175 Ratio=  2.656184E-06 Limit=  1.000000E-08 Wall=    30.8
 Iteration=     5 Ratio=  0.692195     Limit=  5.357727E-03 Wall=     0.5
 Iteration=    10 Ratio=  0.642213     Limit=  5.357727E-03 Wall=     1.5
 Iteration=    15 Ratio=  0.631413     Limit=  5.357727E-03 Wall=     2.3
 Iteration=   410 Ratio=  1.393756E-02 Limit=  5.357727E-03 Wall=    74.4

 DISTRIBUTED PCG SOLVER SOLUTION CONVERGED

 DISTRIBUTED PCG SOLVER SOLUTION STATISTICS

   NUMBER OF ITERATIONS=         731
   NUMBER OF EQUATIONS =     2242327
   CALCULATED NORM     = 0.98205E-08
   SPECIFIED TOLERANCE = 0.10000E-07
   TOTAL CPU TIME (sec)=      128.62
   TOTAL WALL TIME(sec)=      137.72
   TOTAL MEMORY (GB)   =        0.85

    EQUIL ITER   1 COMPLETED.  NEW TRIANG MATRIX.  MAX DOF INC=   859.2    

 *** NOTE ***                            ELAPSED TIME =     381.338   TIME= 18:55:16
 Bisection has been requested by the routine usermatth.F.                
 *** LOAD STEP     1   SUBSTEP     1  NOT COMPLETED.  CUM ITER =      2
 *** BEGIN BISECTION NUMBER   1    NEW TIME INCREMENT=  0.50000E-01


 Range of element maximum matrix coefficients in global coordinates
 Maximum = 12.1317063 at element 839298.                                 
 Minimum = 1.662581111E-06 at element 909396.                            
     HT FLOW CONVERGENCE VALUE=   616.1      CRITERION=  0.6223    
    EQUIL ITER   1 COMPLETED.  NEW TRIANG MATRIX.  MAX DOF INC=   704.0    
     HT FLOW CONVERGENCE VALUE=   125.8      CRITERION=  0.4523    
    EQUIL ITER   2 COMPLETED.  NEW TRIANG MATRIX.  MAX DOF INC=  -119.4    
     HT FLOW CONVERGENCE VALUE=   11.70      CRITERION=  0.4532    
    EQUIL ITER   3 COMPLETED.  NEW TRIANG MATRIX.  MAX DOF INC=   11.60    
     HT FLOW CONVERGENCE VALUE=   1.231      CRITERION=  0.4531    
    EQUIL ITER   4 COMPLETED.  NEW TRIANG MATRIX.  MAX DOF INC=  -1.232    
     HT FLOW CONVERGENCE VALUE=  0.1328      CRITERION=  0.4531     <<< CONVERGED
    >>> SOLUTION CONVERGED AFTER EQUILIBRIUM ITERATION   4

   *** ELEMENT RESULT CALCULATION TIMES
     TYPE    NUMBER     ENAME   TOTAL ELAPSED   AVG ELAPSED

        1      9516  SOLID279          1.4745   0.000154947
        2     98820  SOLID279         15.9286   0.000161188
        3    315536  SOLID279        139.9917   0.000443663
        4     59028  SOLID279          9.3544   0.000158474
        5     35248  CONTA174         13.9529   0.000395849
        7      9192  CONTA174          3.1329   0.000340832
        9     10392  CONTA174          3.7037   0.000356396
       11     43488   SURF152          2.7019   0.000062129
       12     10248   SURF152          1.1688   0.000114047
       13     10248   SURF152          0.9940   0.000096992

   *** NODAL LOAD CALCULATION TIMES
     TYPE    NUMBER     ENAME   TOTAL ELAPSED   AVG ELAPSED

        1      9516  SOLID279          0.4898   0.000051471
        2     98820  SOLID279          5.0368   0.000050970
        3    315536  SOLID279         22.3112   0.000070709
        4     59028  SOLID279          2.9882   0.000050624
        5     35248  CONTA174          0.5091   0.000014443
        7      9192  CONTA174          0.1319   0.000014347
        9     10392  CONTA174          0.1470   0.000014146
       11     43488   SURF152          0.3507   0.000008065
       12     10248   SURF152          0.0559   0.000005452
       13     10248   SURF152          0.0753   0.000007345
 *** LOAD STEP     1   SUBSTEP     1  COMPLETED.    CUM ITER =      5
 *** TIME =  0.500000E-01     TIME INC =  0.500000E-01
 *** RESPONSE EIGENVALUE =  28.08       OSCILLATION LIMIT =  1.404    
 *** AUTO TIME STEP:  NEXT TIME INC = 0.17808E-01  DECREASED (FACTOR = 0.3562)

     HT FLOW CONVERGENCE VALUE=   501.5      CRITERION=  0.6222    
    EQUIL ITER   1 COMPLETED.  NEW TRIANG MATRIX.  MAX DOF INC=   127.5    
     HT FLOW CONVERGENCE VALUE=   19.36      CRITERION=  0.5064    
    EQUIL ITER   2 COMPLETED.  NEW TRIANG MATRIX.  MAX DOF INC=  -12.55    
     HT FLOW CONVERGENCE VALUE=   1.104      CRITERION=  0.5102    
    EQUIL ITER   3 COMPLETED.  NEW TRIANG MATRIX.  MAX DOF INC=  0.7616    
     HT FLOW CONVERGENCE VALUE=  0.5555E-01  CRITERION=  0.5099     <<< CONVERGED
    >>> SOLUTION CONVERGED AFTER EQUILIBRIUM ITERATION   3
 *** LOAD STEP     1   SUBSTEP     2  COMPLETED.    CUM ITER =      8
 *** TIME =  0.678085E-01     TIME INC =  0.178085E-01
 *** RESPONSE EIGENVALUE =  10.07       OSCILLATION LIMIT = 0.1793    
 *** AUTO STEP TIME:  NEXT TIME INC = 0.17808E-01  UNCHANGED

     HT FLOW CONVERGENCE VALUE=   479.5      CRITERION=  0.6220    
    EQUIL ITER   1 COMPLETED.  NEW TRIANG MATRIX.  MAX DOF INC=   86.15    
     HT FLOW CONVERGENCE VALUE=   14.00      CRITERION=  0.5310    
    EQUIL ITER   2 COMPLETED.  NEW TRIANG MATRIX.  MAX DOF INC=  -7.781    
     HT FLOW CONVERGENCE VALUE=  0.3768      CRITERION=  0.5338     <<< CONVERGED
    >>> SOLUTION CONVERGED AFTER EQUILIBRIUM ITERATION   2
 *** LOAD STEP     1   SUBSTEP     3  COMPLETED.    CUM ITER =     10
 *** TIME =  0.856169E-01     TIME INC =  0.178085E-01
 *** RESPONSE EIGENVALUE =  6.212       OSCILLATION LIMIT = 0.1106    
 *** AUTO TIME STEP:  NEXT TIME INC = 0.53425E-01  INCREASED (FACTOR = 3.0000)

     HT FLOW CONVERGENCE VALUE=   450.1      CRITERION=  0.6216    
    EQUIL ITER   1 COMPLETED.  NEW TRIANG MATRIX.  MAX DOF INC=   161.0    
     HT FLOW CONVERGENCE VALUE=   31.58      CRITERION=  0.5553    
    EQUIL ITER   2 COMPLETED.  NEW TRIANG MATRIX.  MAX DOF INC=  -15.34    
     HT FLOW CONVERGENCE VALUE=   1.557      CRITERION=  0.5565    
    EQUIL ITER   3 COMPLETED.  NEW TRIANG MATRIX.  MAX DOF INC=   1.485    
     HT FLOW CONVERGENCE VALUE=  0.6465E-01  CRITERION=  0.5563     <<< CONVERGED
    >>> SOLUTION CONVERGED AFTER EQUILIBRIUM ITERATION   3
 *** LOAD STEP     1   SUBSTEP     4  COMPLETED.    CUM ITER =     13
 *** TIME =  0.139042         TIME INC =  0.534254E-01
 *** RESPONSE EIGENVALUE =  3.848       OSCILLATION LIMIT = 0.2056    
 *** AUTO STEP TIME:  NEXT TIME INC = 0.53425E-01  UNCHANGED

     HT FLOW CONVERGENCE VALUE=   382.4      CRITERION=  0.6202    
    EQUIL ITER   1 COMPLETED.  NEW TRIANG MATRIX.  MAX DOF INC=   118.7    
     HT FLOW CONVERGENCE VALUE=   23.30      CRITERION=  0.5686    
    EQUIL ITER   2 COMPLETED.  NEW TRIANG MATRIX.  MAX DOF INC=  -12.50    
     HT FLOW CONVERGENCE VALUE=   1.130      CRITERION=  0.5709    
    EQUIL ITER   3 COMPLETED.  NEW TRIANG MATRIX.  MAX DOF INC=   1.052    
     HT FLOW CONVERGENCE VALUE=  0.5052E-01  CRITERION=  0.5707     <<< CONVERGED
    >>> SOLUTION CONVERGED AFTER EQUILIBRIUM ITERATION   3
 *** LOAD STEP     1   SUBSTEP     5  COMPLETED.    CUM ITER =     16
 *** TIME =  0.192468         TIME INC =  0.534254E-01
 *** RESPONSE EIGENVALUE =  2.766       OSCILLATION LIMIT = 0.1478    
 *** AUTO TIME STEP:  NEXT TIME INC = 0.10685      INCREASED (FACTOR = 2.0000)

     HT FLOW CONVERGENCE VALUE=   338.3      CRITERION=  0.6184    
    EQUIL ITER   1 COMPLETED.  NEW TRIANG MATRIX.  MAX DOF INC=   166.7    

 *** NOTE ***                            ELAPSED TIME =    3394.005   TIME= 19:45:29
 Bisection has been requested by the routine usermatth.F.                
 *** LOAD STEP     1   SUBSTEP     6  NOT COMPLETED.  CUM ITER =     18
 *** BEGIN BISECTION NUMBER   1    NEW TIME INCREMENT=  0.53425E-01

     HT FLOW CONVERGENCE VALUE=   336.8      CRITERION=  0.6183    
    EQUIL ITER   1 COMPLETED.  NEW TRIANG MATRIX.  MAX DOF INC=   94.19    
     HT FLOW CONVERGENCE VALUE=   15.78      CRITERION=  0.5776    
    EQUIL ITER   2 COMPLETED.  NEW TRIANG MATRIX.  MAX DOF INC=  -10.49    
     HT FLOW CONVERGENCE VALUE=  0.7344      CRITERION=  0.5798    
    EQUIL ITER   3 COMPLETED.  NEW TRIANG MATRIX.  MAX DOF INC=  0.8830    
     HT FLOW CONVERGENCE VALUE=  0.3979E-01  CRITERION=  0.5796     <<< CONVERGED
    >>> SOLUTION CONVERGED AFTER EQUILIBRIUM ITERATION   3
 *** LOAD STEP     1   SUBSTEP     6  COMPLETED.    CUM ITER =     20
 *** TIME =  0.245893         TIME INC =  0.534254E-01
 *** RESPONSE EIGENVALUE =  2.181       OSCILLATION LIMIT = 0.1165    
 *** AUTO STEP TIME:  NEXT TIME INC = 0.53425E-01  UNCHANGED

     HT FLOW CONVERGENCE VALUE=   303.6      CRITERION=  0.6163    
    EQUIL ITER   1 COMPLETED.  NEW TRIANG MATRIX.  MAX DOF INC=   78.47    

 *** NOTE ***                            ELAPSED TIME =    4156.610   TIME= 19:58:11
 Bisection has been requested by the routine usermatth.F.                
 *** LOAD STEP     1   SUBSTEP     7  NOT COMPLETED.  CUM ITER =     22
 *** BEGIN BISECTION NUMBER   1    NEW TIME INCREMENT=  0.26713E-01

     HT FLOW CONVERGENCE VALUE=   302.2      CRITERION=  0.6162    
    EQUIL ITER   1 COMPLETED.  NEW TRIANG MATRIX.  MAX DOF INC=   41.92    
     HT FLOW CONVERGENCE VALUE=   6.067      CRITERION=  0.5822    
    EQUIL ITER   2 COMPLETED.  NEW TRIANG MATRIX.  MAX DOF INC=  -3.616    
     HT FLOW CONVERGENCE VALUE=  0.1631      CRITERION=  0.5834     <<< CONVERGED
    >>> SOLUTION CONVERGED AFTER EQUILIBRIUM ITERATION   2
 *** LOAD STEP     1   SUBSTEP     7  COMPLETED.    CUM ITER =     23
 *** TIME =  0.272606         TIME INC =  0.267127E-01
 *** RESPONSE EIGENVALUE =  1.979       OSCILLATION LIMIT = 0.5287E-01
 *** AUTO STEP TIME:  NEXT TIME INC = 0.26713E-01  UNCHANGED

     HT FLOW CONVERGENCE VALUE=   287.7      CRITERION=  0.6151    
    EQUIL ITER   1 COMPLETED.  NEW TRIANG MATRIX.  MAX DOF INC=   38.21    
     HT FLOW CONVERGENCE VALUE=   5.355      CRITERION=  0.5851    
    EQUIL ITER   2 COMPLETED.  NEW TRIANG MATRIX.  MAX DOF INC=  -3.348    
     HT FLOW CONVERGENCE VALUE=  0.1537      CRITERION=  0.5861     <<< CONVERGED
    >>> SOLUTION CONVERGED AFTER EQUILIBRIUM ITERATION   2
 *** LOAD STEP     1   SUBSTEP     8  COMPLETED.    CUM ITER =     25
 *** TIME =  0.299319         TIME INC =  0.267127E-01
 *** RESPONSE EIGENVALUE =  1.817       OSCILLATION LIMIT = 0.4853E-01
 *** AUTO TIME STEP:  NEXT TIME INC = 0.80138E-01  INCREASED (FACTOR = 3.0000)


 *** NOTE ***                            ELAPSED TIME =    5085.936   TIME= 20:13:41
 Bisection has been requested by the routine usermatth.F.                
 *** LOAD STEP     1   SUBSTEP     9  NOT COMPLETED.  CUM ITER =     26
 *** BEGIN BISECTION NUMBER   1    NEW TIME INCREMENT=  0.40069E-01

     HT FLOW CONVERGENCE VALUE=   275.9      CRITERION=  0.6141    
    EQUIL ITER   1 COMPLETED.  NEW TRIANG MATRIX.  MAX DOF INC=   51.26    
     HT FLOW CONVERGENCE VALUE=   7.132      CRITERION=  0.5879    
    EQUIL ITER   2 COMPLETED.  NEW TRIANG MATRIX.  MAX DOF INC=  -5.234    
     HT FLOW CONVERGENCE VALUE=  0.3441      CRITERION=  0.5893     <<< CONVERGED
    >>> SOLUTION CONVERGED AFTER EQUILIBRIUM ITERATION   2
 *** LOAD STEP     1   SUBSTEP     9  COMPLETED.    CUM ITER =     27
 *** TIME =  0.339388         TIME INC =  0.400691E-01
 *** RESPONSE EIGENVALUE =  1.643       OSCILLATION LIMIT = 0.6582E-01
 *** AUTO STEP TIME:  NEXT TIME INC = 0.40069E-01  UNCHANGED

     HT FLOW CONVERGENCE VALUE=   259.8      CRITERION=  0.6127    
    EQUIL ITER   1 COMPLETED.  NEW TRIANG MATRIX.  MAX DOF INC=   46.31    
     HT FLOW CONVERGENCE VALUE=   6.630      CRITERION=  0.5904    
    EQUIL ITER   2 COMPLETED.  NEW TRIANG MATRIX.  MAX DOF INC=  -4.427    
     HT FLOW CONVERGENCE VALUE=  0.3638      CRITERION=  0.5918     <<< CONVERGED
    >>> SOLUTION CONVERGED AFTER EQUILIBRIUM ITERATION   2
 *** LOAD STEP     1   SUBSTEP    10  COMPLETED.    CUM ITER =     29
 *** TIME =  0.379457         TIME INC =  0.400691E-01
 *** RESPONSE EIGENVALUE =  1.517       OSCILLATION LIMIT = 0.6078E-01
 *** AUTO TIME STEP:  NEXT TIME INC = 0.12021      INCREASED (FACTOR = 3.0000)


 *** NOTE ***                            ELAPSED TIME =    6010.014   TIME= 20:29:05
 Bisection has been requested by the routine usermatth.F.                
 *** LOAD STEP     1   SUBSTEP    11  NOT COMPLETED.  CUM ITER =     30
 *** BEGIN BISECTION NUMBER   1    NEW TIME INCREMENT=  0.60104E-01


 *** NOTE ***                            ELAPSED TIME =    6061.965   TIME= 20:29:57
 Bisection has been requested by the routine usermatth.F.                
 *** LOAD STEP     1   SUBSTEP    11  NOT COMPLETED.  CUM ITER =     30
 *** BEGIN BISECTION NUMBER   2    NEW TIME INCREMENT=  0.30052E-01

     HT FLOW CONVERGENCE VALUE=   245.1      CRITERION=  0.6114    
    EQUIL ITER   1 COMPLETED.  NEW TRIANG MATRIX.  MAX DOF INC=   32.16    
     HT FLOW CONVERGENCE VALUE=   4.783      CRITERION=  0.5923    
    EQUIL ITER   2 COMPLETED.  NEW TRIANG MATRIX.  MAX DOF INC=  -2.737    
     HT FLOW CONVERGENCE VALUE=  0.2167      CRITERION=  0.5934     <<< CONVERGED
    >>> SOLUTION CONVERGED AFTER EQUILIBRIUM ITERATION   2
 *** LOAD STEP     1   SUBSTEP    11  COMPLETED.    CUM ITER =     31
 *** TIME =  0.409508         TIME INC =  0.300518E-01
 *** RESPONSE EIGENVALUE =  1.439       OSCILLATION LIMIT = 0.4323E-01
 *** AUTO STEP TIME:  NEXT TIME INC = 0.30052E-01  UNCHANGED

     HT FLOW CONVERGENCE VALUE=   236.0      CRITERION=  0.6106    
    EQUIL ITER   1 COMPLETED.  NEW TRIANG MATRIX.  MAX DOF INC=   30.08    
     HT FLOW CONVERGENCE VALUE=   4.517      CRITERION=  0.5937    
    EQUIL ITER   2 COMPLETED.  NEW TRIANG MATRIX.  MAX DOF INC=  -2.755    
     HT FLOW CONVERGENCE VALUE=  0.2217      CRITERION=  0.5949     <<< CONVERGED
    >>> SOLUTION CONVERGED AFTER EQUILIBRIUM ITERATION   2
 *** LOAD STEP     1   SUBSTEP    12  COMPLETED.    CUM ITER =     33
 *** TIME =  0.439560         TIME INC =  0.300518E-01
 *** RESPONSE EIGENVALUE =  1.384       OSCILLATION LIMIT = 0.4160E-01
 *** AUTO TIME STEP:  NEXT TIME INC = 0.90155E-01  INCREASED (FACTOR = 3.0000)


 *** NOTE ***                            ELAPSED TIME =    6957.289   TIME= 20:44:52
 Bisection has been requested by the routine usermatth.F.                
 *** LOAD STEP     1   SUBSTEP    13  NOT COMPLETED.  CUM ITER =     34
 *** BEGIN BISECTION NUMBER   1    NEW TIME INCREMENT=  0.45078E-01

     HT FLOW CONVERGENCE VALUE=   229.5      CRITERION=  0.6100    
    EQUIL ITER   1 COMPLETED.  NEW TRIANG MATRIX.  MAX DOF INC=   41.54    

 *** NOTE ***                            ELAPSED TIME =    7172.540   TIME= 20:48:27
 Bisection has been requested by the routine usermatth.F.                
 *** LOAD STEP     1   SUBSTEP    13  NOT COMPLETED.  CUM ITER =     35
 *** BEGIN BISECTION NUMBER   2    NEW TIME INCREMENT=  0.22539E-01

     HT FLOW CONVERGENCE VALUE=   226.8      CRITERION=  0.6098    
    EQUIL ITER   1 COMPLETED.  NEW TRIANG MATRIX.  MAX DOF INC=   21.44    
     HT FLOW CONVERGENCE VALUE=   3.268      CRITERION=  0.5949    
    EQUIL ITER   2 COMPLETED.  NEW TRIANG MATRIX.  MAX DOF INC=  -1.687    
     HT FLOW CONVERGENCE VALUE=  0.1326      CRITERION=  0.5958     <<< CONVERGED
    >>> SOLUTION CONVERGED AFTER EQUILIBRIUM ITERATION   2
 *** LOAD STEP     1   SUBSTEP    13  COMPLETED.    CUM ITER =     36
 *** TIME =  0.462099         TIME INC =  0.225388E-01
 *** RESPONSE EIGENVALUE =  1.343       OSCILLATION LIMIT = 0.3027E-01
 *** AUTO STEP TIME:  NEXT TIME INC = 0.22539E-01  UNCHANGED

     HT FLOW CONVERGENCE VALUE=   221.1      CRITERION=  0.6093    
    EQUIL ITER   1 COMPLETED.  NEW TRIANG MATRIX.  MAX DOF INC=   20.50    
     HT FLOW CONVERGENCE VALUE=   3.122      CRITERION=  0.5958    
    EQUIL ITER   2 COMPLETED.  NEW TRIANG MATRIX.  MAX DOF INC=  -1.638    
     HT FLOW CONVERGENCE VALUE=  0.1343      CRITERION=  0.5967     <<< CONVERGED
    >>> SOLUTION CONVERGED AFTER EQUILIBRIUM ITERATION   2
 *** LOAD STEP     1   SUBSTEP    14  COMPLETED.    CUM ITER =     38
 *** TIME =  0.484638         TIME INC =  0.225388E-01
 *** RESPONSE EIGENVALUE =  1.316       OSCILLATION LIMIT = 0.2965E-01
 *** AUTO TIME STEP:  NEXT TIME INC = 0.67617E-01  INCREASED (FACTOR = 3.0000)


 *** NOTE ***                            ELAPSED TIME =    8017.781   TIME= 21:02:32
 Bisection has been requested by the routine usermatth.F.                
 *** LOAD STEP     1   SUBSTEP    15  NOT COMPLETED.  CUM ITER =     39
 *** BEGIN BISECTION NUMBER   1    NEW TIME INCREMENT=  0.33808E-01

     HT FLOW CONVERGENCE VALUE=   217.1      CRITERION=  0.6090    
    EQUIL ITER   1 COMPLETED.  NEW TRIANG MATRIX.  MAX DOF INC=   29.02    
     HT FLOW CONVERGENCE VALUE=   4.415      CRITERION=  0.5967    
    EQUIL ITER   2 COMPLETED.  NEW TRIANG MATRIX.  MAX DOF INC=  -2.845    
     HT FLOW CONVERGENCE VALUE=  0.2848      CRITERION=  0.5978     <<< CONVERGED
    >>> SOLUTION CONVERGED AFTER EQUILIBRIUM ITERATION   2
 *** LOAD STEP     1   SUBSTEP    15  COMPLETED.    CUM ITER =     40
 *** TIME =  0.518446         TIME INC =  0.338083E-01
 *** RESPONSE EIGENVALUE =  1.287       OSCILLATION LIMIT = 0.4351E-01
 *** AUTO STEP TIME:  NEXT TIME INC = 0.33808E-01  UNCHANGED

     HT FLOW CONVERGENCE VALUE=   209.7      CRITERION=  0.6085    
    EQUIL ITER   1 COMPLETED.  NEW TRIANG MATRIX.  MAX DOF INC=   27.46    
     HT FLOW CONVERGENCE VALUE=   4.276      CRITERION=  0.5976    
    EQUIL ITER   2 COMPLETED.  NEW TRIANG MATRIX.  MAX DOF INC=  -2.632    
     HT FLOW CONVERGENCE VALUE=  0.2873      CRITERION=  0.5987     <<< CONVERGED
    >>> SOLUTION CONVERGED AFTER EQUILIBRIUM ITERATION   2
 *** LOAD STEP     1   SUBSTEP    16  COMPLETED.    CUM ITER =     42
 *** TIME =  0.552254         TIME INC =  0.338083E-01
 *** RESPONSE EIGENVALUE =  1.246       OSCILLATION LIMIT = 0.4212E-01
 *** AUTO TIME STEP:  NEXT TIME INC = 0.10142      INCREASED (FACTOR = 3.0000)


 *** NOTE ***                            ELAPSED TIME =    8907.445   TIME= 21:17:22
 Bisection has been requested by the routine usermatth.F.                
 *** LOAD STEP     1   SUBSTEP    17  NOT COMPLETED.  CUM ITER =     43
 *** BEGIN BISECTION NUMBER   1    NEW TIME INCREMENT=  0.50712E-01


 *** NOTE ***                            ELAPSED TIME =    8952.560   TIME= 21:18:07
 Bisection has been requested by the routine usermatth.F.                
 *** LOAD STEP     1   SUBSTEP    17  NOT COMPLETED.  CUM ITER =     43
 *** BEGIN BISECTION NUMBER   2    NEW TIME INCREMENT=  0.25356E-01

     HT FLOW CONVERGENCE VALUE=   202.1      CRITERION=  0.6081    
    EQUIL ITER   1 COMPLETED.  NEW TRIANG MATRIX.  MAX DOF INC=   19.83    
     HT FLOW CONVERGENCE VALUE=   3.154      CRITERION=  0.5986    
    EQUIL ITER   2 COMPLETED.  NEW TRIANG MATRIX.  MAX DOF INC=  -1.625    
     HT FLOW CONVERGENCE VALUE=  0.1718      CRITERION=  0.5995     <<< CONVERGED
    >>> SOLUTION CONVERGED AFTER EQUILIBRIUM ITERATION   2
 *** LOAD STEP     1   SUBSTEP    17  COMPLETED.    CUM ITER =     44
 *** TIME =  0.577611         TIME INC =  0.253562E-01
 *** RESPONSE EIGENVALUE =  1.208       OSCILLATION LIMIT = 0.3062E-01
 *** AUTO STEP TIME:  NEXT TIME INC = 0.25356E-01  UNCHANGED

     HT FLOW CONVERGENCE VALUE=   197.4      CRITERION=  0.6079    
    EQUIL ITER   1 COMPLETED.  NEW TRIANG MATRIX.  MAX DOF INC=   19.17    
     HT FLOW CONVERGENCE VALUE=   3.096      CRITERION=  0.5994    
    EQUIL ITER   2 COMPLETED.  NEW TRIANG MATRIX.  MAX DOF INC=  -1.570    
     HT FLOW CONVERGENCE VALUE=  0.1713      CRITERION=  0.6002     <<< CONVERGED
    >>> SOLUTION CONVERGED AFTER EQUILIBRIUM ITERATION   2
 *** LOAD STEP     1   SUBSTEP    18  COMPLETED.    CUM ITER =     46
 *** TIME =  0.602967         TIME INC =  0.253562E-01
 *** RESPONSE EIGENVALUE =  1.187       OSCILLATION LIMIT = 0.3009E-01
 *** AUTO TIME STEP:  NEXT TIME INC = 0.76069E-01  INCREASED (FACTOR = 3.0000)


 *** NOTE ***                            ELAPSED TIME =    9832.534   TIME= 21:32:47
 Bisection has been requested by the routine usermatth.F.                
 *** LOAD STEP     1   SUBSTEP    19  NOT COMPLETED.  CUM ITER =     47
 *** BEGIN BISECTION NUMBER   1    NEW TIME INCREMENT=  0.38034E-01

     HT FLOW CONVERGENCE VALUE=   194.6      CRITERION=  0.6080    
    EQUIL ITER   1 COMPLETED.  NEW TRIANG MATRIX.  MAX DOF INC=   27.41    
     HT FLOW CONVERGENCE VALUE=   4.501      CRITERION=  0.6002    
    EQUIL ITER   2 COMPLETED.  NEW TRIANG MATRIX.  MAX DOF INC=  -2.773    
     HT FLOW CONVERGENCE VALUE=  0.3507      CRITERION=  0.6014     <<< CONVERGED
    >>> SOLUTION CONVERGED AFTER EQUILIBRIUM ITERATION   2
 *** LOAD STEP     1   SUBSTEP    19  COMPLETED.    CUM ITER =     48
 *** TIME =  0.641001         TIME INC =  0.380343E-01
 *** RESPONSE EIGENVALUE =  1.166       OSCILLATION LIMIT = 0.4435E-01
 *** AUTO STEP TIME:  NEXT TIME INC = 0.38034E-01  UNCHANGED

     HT FLOW CONVERGENCE VALUE=   188.5      CRITERION=  0.6079    
    EQUIL ITER   1 COMPLETED.  NEW TRIANG MATRIX.  MAX DOF INC=   26.16    
     HT FLOW CONVERGENCE VALUE=   4.387      CRITERION=  0.6013    
    EQUIL ITER   2 COMPLETED.  NEW TRIANG MATRIX.  MAX DOF INC=  -2.651    
     HT FLOW CONVERGENCE VALUE=  0.3445      CRITERION=  0.6024     <<< CONVERGED
    >>> SOLUTION CONVERGED AFTER EQUILIBRIUM ITERATION   2
 *** LOAD STEP     1   SUBSTEP    20  COMPLETED.    CUM ITER =     50
 *** TIME =  0.679035         TIME INC =  0.380343E-01
 *** RESPONSE EIGENVALUE =  1.124       OSCILLATION LIMIT = 0.4274E-01
 *** AUTO TIME STEP:  NEXT TIME INC = 0.11410      INCREASED (FACTOR = 3.0000)


 *** NOTE ***                            ELAPSED TIME =   10731.609   TIME= 21:47:46
 Bisection has been requested by the routine usermatth.F.                
 *** LOAD STEP     1   SUBSTEP    21  NOT COMPLETED.  CUM ITER =     51
 *** BEGIN BISECTION NUMBER   1    NEW TIME INCREMENT=  0.57051E-01


 *** NOTE ***                            ELAPSED TIME =   10782.067   TIME= 21:48:37
 Bisection has been requested by the routine usermatth.F.                
 *** LOAD STEP     1   SUBSTEP    21  NOT COMPLETED.  CUM ITER =     51
 *** BEGIN BISECTION NUMBER   2    NEW TIME INCREMENT=  0.28526E-01

     HT FLOW CONVERGENCE VALUE=   182.0      CRITERION=  0.6078    
    EQUIL ITER   1 COMPLETED.  NEW TRIANG MATRIX.  MAX DOF INC=   18.97    
     HT FLOW CONVERGENCE VALUE=   3.246      CRITERION=  0.6023    
    EQUIL ITER   2 COMPLETED.  NEW TRIANG MATRIX.  MAX DOF INC=  -1.649    
     HT FLOW CONVERGENCE VALUE=  0.2030      CRITERION=  0.6032     <<< CONVERGED
    >>> SOLUTION CONVERGED AFTER EQUILIBRIUM ITERATION   2
 *** LOAD STEP     1   SUBSTEP    21  COMPLETED.    CUM ITER =     52
 *** TIME =  0.707561         TIME INC =  0.285257E-01
 *** RESPONSE EIGENVALUE =  1.084       OSCILLATION LIMIT = 0.3091E-01
 *** AUTO STEP TIME:  NEXT TIME INC = 0.28526E-01  UNCHANGED

     HT FLOW CONVERGENCE VALUE=   178.3      CRITERION=  0.6080    
    EQUIL ITER   1 COMPLETED.  NEW TRIANG MATRIX.  MAX DOF INC=   18.41    
     HT FLOW CONVERGENCE VALUE=   3.203      CRITERION=  0.6032    
    EQUIL ITER   2 COMPLETED.  NEW TRIANG MATRIX.  MAX DOF INC=  -1.597    
     HT FLOW CONVERGENCE VALUE=  0.1983      CRITERION=  0.6041     <<< CONVERGED
    >>> SOLUTION CONVERGED AFTER EQUILIBRIUM ITERATION   2
 *** LOAD STEP     1   SUBSTEP    22  COMPLETED.    CUM ITER =     54
 *** TIME =  0.736087         TIME INC =  0.285257E-01
 *** RESPONSE EIGENVALUE =  1.064       OSCILLATION LIMIT = 0.3034E-01
 *** AUTO TIME STEP:  NEXT TIME INC = 0.85577E-01  INCREASED (FACTOR = 3.0000)


 *** NOTE ***                            ELAPSED TIME =   11803.318   TIME= 22:05:38
 Bisection has been requested by the routine usermatth.F.                
 *** LOAD STEP     1   SUBSTEP    23  NOT COMPLETED.  CUM ITER =     55
 *** BEGIN BISECTION NUMBER   1    NEW TIME INCREMENT=  0.42789E-01

     HT FLOW CONVERGENCE VALUE=   176.1      CRITERION=  0.6084    
    EQUIL ITER   1 COMPLETED.  NEW TRIANG MATRIX.  MAX DOF INC=   26.63    
     HT FLOW CONVERGENCE VALUE=   4.696      CRITERION=  0.6042    
    EQUIL ITER   2 COMPLETED.  NEW TRIANG MATRIX.  MAX DOF INC=  -2.810    
     HT FLOW CONVERGENCE VALUE=  0.3910      CRITERION=  0.6053     <<< CONVERGED
    >>> SOLUTION CONVERGED AFTER EQUILIBRIUM ITERATION   2
 *** LOAD STEP     1   SUBSTEP    23  COMPLETED.    CUM ITER =     56
 *** TIME =  0.778876         TIME INC =  0.427886E-01
 *** RESPONSE EIGENVALUE =  1.044       OSCILLATION LIMIT = 0.4468E-01
 *** AUTO STEP TIME:  NEXT TIME INC = 0.42789E-01  UNCHANGED

     HT FLOW CONVERGENCE VALUE=   171.1      CRITERION=  0.6088    
    EQUIL ITER   1 COMPLETED.  NEW TRIANG MATRIX.  MAX DOF INC=   25.59    
     HT FLOW CONVERGENCE VALUE=   4.577      CRITERION=  0.6054    
    EQUIL ITER   2 COMPLETED.  NEW TRIANG MATRIX.  MAX DOF INC=  -2.700    
     HT FLOW CONVERGENCE VALUE=  0.3761      CRITERION=  0.6065     <<< CONVERGED
    >>> SOLUTION CONVERGED AFTER EQUILIBRIUM ITERATION   2
 *** LOAD STEP     1   SUBSTEP    24  COMPLETED.    CUM ITER =     58
 *** TIME =  0.821664         TIME INC =  0.427886E-01
 *** RESPONSE EIGENVALUE =  1.002       OSCILLATION LIMIT = 0.4286E-01
 *** AUTO TIME STEP:  NEXT TIME INC = 0.12837      INCREASED (FACTOR = 3.0000)


 *** NOTE ***                            ELAPSED TIME =   12794.666   TIME= 22:22:09
 Bisection has been requested by the routine usermatth.F.                
 *** LOAD STEP     1   SUBSTEP    25  NOT COMPLETED.  CUM ITER =     59
 *** BEGIN BISECTION NUMBER   1    NEW TIME INCREMENT=  0.64183E-01


 *** NOTE ***                            ELAPSED TIME =   12841.160   TIME= 22:22:56
 Bisection has been requested by the routine usermatth.F.                
 *** LOAD STEP     1   SUBSTEP    25  NOT COMPLETED.  CUM ITER =     59
 *** BEGIN BISECTION NUMBER   2    NEW TIME INCREMENT=  0.32091E-01

     HT FLOW CONVERGENCE VALUE=   165.6      CRITERION=  0.6091    
    EQUIL ITER   1 COMPLETED.  NEW TRIANG MATRIX.  MAX DOF INC=   18.56    
     HT FLOW CONVERGENCE VALUE=   3.352      CRITERION=  0.6065    
    EQUIL ITER   2 COMPLETED.  NEW TRIANG MATRIX.  MAX DOF INC=  -1.682    
     HT FLOW CONVERGENCE VALUE=  0.2203      CRITERION=  0.6074     <<< CONVERGED
    >>> SOLUTION CONVERGED AFTER EQUILIBRIUM ITERATION   2
 *** LOAD STEP     1   SUBSTEP    25  COMPLETED.    CUM ITER =     60
 *** TIME =  0.853756         TIME INC =  0.320914E-01
 *** RESPONSE EIGENVALUE = 0.9629       OSCILLATION LIMIT = 0.3090E-01
 *** AUTO STEP TIME:  NEXT TIME INC = 0.32091E-01  UNCHANGED

     HT FLOW CONVERGENCE VALUE=   162.4      CRITERION=  0.6094    
    EQUIL ITER   1 COMPLETED.  NEW TRIANG MATRIX.  MAX DOF INC=   18.08    
     HT FLOW CONVERGENCE VALUE=   3.281      CRITERION=  0.6075    
    EQUIL ITER   2 COMPLETED.  NEW TRIANG MATRIX.  MAX DOF INC=  -1.593    
     HT FLOW CONVERGENCE VALUE=  0.2129      CRITERION=  0.6084     <<< CONVERGED
    >>> SOLUTION CONVERGED AFTER EQUILIBRIUM ITERATION   2
 *** LOAD STEP     1   SUBSTEP    26  COMPLETED.    CUM ITER =     62
 *** TIME =  0.885847         TIME INC =  0.320914E-01
 *** RESPONSE EIGENVALUE = 0.9448       OSCILLATION LIMIT = 0.3032E-01
 *** AUTO TIME STEP:  NEXT TIME INC = 0.96274E-01  INCREASED (FACTOR = 3.0000)


 *** NOTE ***                            ELAPSED TIME =   13779.662   TIME= 22:38:34
 Bisection has been requested by the routine usermatth.F.                
 *** LOAD STEP     1   SUBSTEP    27  NOT COMPLETED.  CUM ITER =     63
 *** BEGIN BISECTION NUMBER   1    NEW TIME INCREMENT=  0.48137E-01

     HT FLOW CONVERGENCE VALUE=   160.7      CRITERION=  0.6101    
    EQUIL ITER   1 COMPLETED.  NEW TRIANG MATRIX.  MAX DOF INC=   26.16    
     HT FLOW CONVERGENCE VALUE=   4.804      CRITERION=  0.6086    
    EQUIL ITER   2 COMPLETED.  NEW TRIANG MATRIX.  MAX DOF INC=  -2.813    
     HT FLOW CONVERGENCE VALUE=  0.4116      CRITERION=  0.6098     <<< CONVERGED
    >>> SOLUTION CONVERGED AFTER EQUILIBRIUM ITERATION   2
 *** LOAD STEP     1   SUBSTEP    27  COMPLETED.    CUM ITER =     64
 *** TIME =  0.933984         TIME INC =  0.481372E-01
 *** RESPONSE EIGENVALUE = 0.9279       OSCILLATION LIMIT = 0.4466E-01
 *** AUTO STEP TIME:  NEXT TIME INC = 0.48137E-01  UNCHANGED

     HT FLOW CONVERGENCE VALUE=   156.5      CRITERION=  0.6108    
    EQUIL ITER   1 COMPLETED.  NEW TRIANG MATRIX.  MAX DOF INC=   25.24    
     HT FLOW CONVERGENCE VALUE=   4.672      CRITERION=  0.6100    
    EQUIL ITER   2 COMPLETED.  NEW TRIANG MATRIX.  MAX DOF INC=  -2.646    
     HT FLOW CONVERGENCE VALUE=  0.3922      CRITERION=  0.6111     <<< CONVERGED
    >>> SOLUTION CONVERGED AFTER EQUILIBRIUM ITERATION   2
 *** LOAD STEP     1   SUBSTEP    28  COMPLETED.    CUM ITER =     66
 *** TIME =  0.982121         TIME INC =  0.481372E-01
 *** RESPONSE EIGENVALUE = 0.8916       OSCILLATION LIMIT = 0.4292E-01
 *** AUTO TIME STEP:  NEXT TIME INC = 0.17879E-01  DECREASED (FACTOR = 0.3714)

     HT FLOW CONVERGENCE VALUE=   150.6      CRITERION=  0.6111    
    EQUIL ITER   1 COMPLETED.  NEW TRIANG MATRIX.  MAX DOF INC=   9.253    
     HT FLOW CONVERGENCE VALUE=   1.697      CRITERION=  0.6109    
    EQUIL ITER   2 COMPLETED.  NEW TRIANG MATRIX.  MAX DOF INC= -0.5745    
     HT FLOW CONVERGENCE VALUE=  0.7082E-01  CRITERION=  0.6115     <<< CONVERGED
    >>> SOLUTION CONVERGED AFTER EQUILIBRIUM ITERATION   2
 *** LOAD STEP     1   SUBSTEP    29  COMPLETED.    CUM ITER =     68
 *** TIME =   1.00000         TIME INC =  0.178787E-01
 *** RESPONSE EIGENVALUE = 0.8513       OSCILLATION LIMIT = 0.1522E-01

 *** NOTE ***                            ELAPSED TIME =   15148.803   TIME= 23:01:23
 During this loadstep the PCG iterative solver took more than 1000       
 iterations to solve the system of equations.  In the future it may be   
 more efficient to choose a direct solver, such as the SPARSE solver,    
 for this analysis.                                                      


 *** MAPDL BINARY FILE STATISTICS
  BUFFER SIZE USED= 16384
      255.750 MB WRITTEN ON ELEMENT SAVED DATA FILE: file0.esav
      607.250 MB WRITTEN ON RESULTS FILE: file0.rth
 *************** Write FE CONNECTORS *********

 WRITE OUT CONSTRAINT EQUATIONS TO FILE= file.ce                                                                                                                                                                                                                                                             
 ****************************************************
 *************** FINISHED SOLVE FOR LS 1 *************
 ****************************************************
 ******************* SOLVE FOR LS 2 OF 7 ****************

 PRINTOUT RESUMED BY /GOP

 USE AUTOMATIC TIME STEPPING THIS LOAD STEP

 USE     100 SUBSTEPS INITIALLY THIS LOAD STEP FOR ALL  DEGREES OF FREEDOM
 FOR AUTOMATIC TIME STEPPING:
   USE   1000 SUBSTEPS AS A MAXIMUM
   USE     10 SUBSTEPS AS A MINIMUM

 TIME=  2.0000    

 INCLUDE TRANSIENT EFFECTS FOR  ALL DEGREES OF FREEDOM THIS LOAD STEP

 ERASE THE CURRENT DATABASE OUTPUT CONTROL TABLE.


 WRITE ALL  ITEMS TO THE DATABASE WITH A FREQUENCY OF NONE
   FOR ALL APPLICABLE ENTITIES

 WRITE NSOL ITEMS TO THE DATABASE WITH A FREQUENCY OF ALL 
   FOR ALL APPLICABLE ENTITIES

 WRITE RSOL ITEMS TO THE DATABASE WITH A FREQUENCY OF ALL 
   FOR ALL APPLICABLE ENTITIES

 WRITE EANG ITEMS TO THE DATABASE WITH A FREQUENCY OF ALL 
   FOR ALL APPLICABLE ENTITIES

 WRITE VENG ITEMS TO THE DATABASE WITH A FREQUENCY OF ALL 
   FOR ALL APPLICABLE ENTITIES

 WRITE FFLU ITEMS TO THE DATABASE WITH A FREQUENCY OF ALL 
   FOR ALL APPLICABLE ENTITIES

 WRITE CONT ITEMS TO THE DATABASE WITH A FREQUENCY OF ALL 
   FOR ALL APPLICABLE ENTITIES

 WRITE MISC ITEMS TO THE DATABASE WITH A FREQUENCY OF ALL 
   FOR THE ENTITIES DEFINED BY COMPONENT _ELMISC 

 CONVERGENCE ON HEAT BASED ON THE NORM OF THE N-R LOAD
   WITH A TOLERANCE OF 0.1000E-02 AND A MINIMUM REFERENCE VALUE OF 0.1000E-05
   USING THE L2 NORM (CHECK THE SRSS VALUE)

 *****  MAPDL SOLVE    COMMAND  *****

 *** NOTE ***                            ELAPSED TIME =   15157.072   TIME= 23:01:32
 This nonlinear analysis defaults to using the full Newton-Raphson       
 solution procedure.  This can be modified using the NROPT command.      

 *** MAPDL - ENGINEERING ANALYSIS SYSTEM  RELEASE 2026 R1.02       26.1     ***
 Ansys Mechanical Enterprise Academic Research     
 01196637  VERSION=WINDOWS x64   23:01:32  JUL 14, 2026 Elapsed Time=  15157.470

 testbed2--Thermique transitoire (B5)                                          

 Note - This MAPDL version was linked by Licensee

                      L O A D   S T E P   O P T I O N S

   LOAD STEP NUMBER. . . . . . . . . . . . . . . .     2
   TIME AT END OF THE LOAD STEP. . . . . . . . . .  2.0000    
   AUTOMATIC TIME STEPPING . . . . . . . . . . . .    ON
      INITIAL NUMBER OF SUBSTEPS . . . . . . . . .   100
      MAXIMUM NUMBER OF SUBSTEPS . . . . . . . . .  1000
      MINIMUM NUMBER OF SUBSTEPS . . . . . . . . .    10
   MAXIMUM NUMBER OF EQUILIBRIUM ITERATIONS. . . .    15
   STEP CHANGE BOUNDARY CONDITIONS . . . . . . . .   YES
   TRANSIENT (INERTIA) EFFECTS
      THERMAL DOFS . . . . . . . . . . . . . . . .    ON
   TRANSIENT INTEGRATION PARAMETERS
      THETA. . . . . . . . . . . . . . . . . . . .  1.0000    
      OSCILLATION LIMIT CRITERION. . . . . . . . . 0.50000    
      TOLERANCE. . . . . . . . . . . . . . . . . .  0.0000    
   TERMINATE ANALYSIS IF NOT CONVERGED . . . . . .YES (EXIT)  
   CONVERGENCE CONTROLS
      LABEL   REFERENCE    TOLERANCE  NORM     MINREF
       HEAT    0.000       0.1000E-02   2     0.1000E-05
   COPY INTEGRATION POINT VALUES TO NODE . . . . .YES, FOR ELEMENTS WITH
                                                  ACTIVE MAT. NONLINEARITIES
   PRINT OUTPUT CONTROLS . . . . . . . . . . . . .NO PRINTOUT
   DATABASE OUTPUT CONTROLS
      ITEM     FREQUENCY   COMPONENT
       ALL       NONE               
      NSOL        ALL               
      RSOL        ALL               
      EANG        ALL               
      VENG        ALL               
      FFLU        ALL               
      CONT        ALL               
      MISC        ALL       _ELMISC 


 SOLUTION MONITORING INFO IS WRITTEN TO FILE= file.mntr                                                                                                                                                                                                                                                           

     HT FLOW CONVERGENCE VALUE=   148.8      CRITERION=  0.6113    
    EQUIL ITER   1 COMPLETED.  NEW TRIANG MATRIX.  MAX DOF INC=   5.141    
     HT FLOW CONVERGENCE VALUE=  0.9437      CRITERION=  0.6114    
    EQUIL ITER   2 COMPLETED.  NEW TRIANG MATRIX.  MAX DOF INC= -0.2336    
     HT FLOW CONVERGENCE VALUE=  0.2630E-01  CRITERION=  0.6118     <<< CONVERGED
    >>> SOLUTION CONVERGED AFTER EQUILIBRIUM ITERATION   2
 *** LOAD STEP     2   SUBSTEP     1  COMPLETED.    CUM ITER =     70
 *** TIME =   1.01000         TIME INC =  0.100000E-01
 *** RESPONSE EIGENVALUE = 0.8509       OSCILLATION LIMIT = 0.8509E-02
 *** AUTO STEP TIME:  NEXT TIME INC = 0.10000E-01  UNCHANGED

     HT FLOW CONVERGENCE VALUE=   148.1      CRITERION=  0.6114    
    EQUIL ITER   1 COMPLETED.  NEW TRIANG MATRIX.  MAX DOF INC=   5.102    
     HT FLOW CONVERGENCE VALUE=  0.9378      CRITERION=  0.6118    
    EQUIL ITER   2 COMPLETED.  NEW TRIANG MATRIX.  MAX DOF INC= -0.2289    
     HT FLOW CONVERGENCE VALUE=  0.2588E-01  CRITERION=  0.6121     <<< CONVERGED
    >>> SOLUTION CONVERGED AFTER EQUILIBRIUM ITERATION   2
 *** LOAD STEP     2   SUBSTEP     2  COMPLETED.    CUM ITER =     72
 *** TIME =   1.02000         TIME INC =  0.100000E-01
 *** RESPONSE EIGENVALUE = 0.8501       OSCILLATION LIMIT = 0.8501E-02
 *** AUTO TIME STEP:  NEXT TIME INC = 0.30000E-01  INCREASED (FACTOR = 3.0000)

     HT FLOW CONVERGENCE VALUE=   148.7      CRITERION=  0.6119    
    EQUIL ITER   1 COMPLETED.  NEW TRIANG MATRIX.  MAX DOF INC=   15.01    
     HT FLOW CONVERGENCE VALUE=   2.764      CRITERION=  0.6122    
    EQUIL ITER   2 COMPLETED.  NEW TRIANG MATRIX.  MAX DOF INC=  -1.170    
     HT FLOW CONVERGENCE VALUE=  0.1584      CRITERION=  0.6130     <<< CONVERGED
    >>> SOLUTION CONVERGED AFTER EQUILIBRIUM ITERATION   2
 *** LOAD STEP     2   SUBSTEP     3  COMPLETED.    CUM ITER =     74
 *** TIME =   1.05000         TIME INC =  0.300000E-01
 *** RESPONSE EIGENVALUE = 0.8470       OSCILLATION LIMIT = 0.2541E-01
 *** AUTO TIME STEP:  NEXT TIME INC = 0.90000E-01  INCREASED (FACTOR = 3.0000)


 *** NOTE ***                            ELAPSED TIME =   16664.908   TIME= 23:26:40
 Bisection has been requested by the routine usermatth.F.                
 *** LOAD STEP     2   SUBSTEP     4  NOT COMPLETED.  CUM ITER =     75
 *** BEGIN BISECTION NUMBER   1    NEW TIME INCREMENT=  0.45000E-01

     HT FLOW CONVERGENCE VALUE=   147.4      CRITERION=  0.6125    
    EQUIL ITER   1 COMPLETED.  NEW TRIANG MATRIX.  MAX DOF INC=   21.89    
     HT FLOW CONVERGENCE VALUE=   4.030      CRITERION=  0.6132    
    EQUIL ITER   2 COMPLETED.  NEW TRIANG MATRIX.  MAX DOF INC=  -2.068    
     HT FLOW CONVERGENCE VALUE=  0.3026      CRITERION=  0.6142     <<< CONVERGED
    >>> SOLUTION CONVERGED AFTER EQUILIBRIUM ITERATION   2
 *** LOAD STEP     2   SUBSTEP     4  COMPLETED.    CUM ITER =     76
 *** TIME =   1.09500         TIME INC =  0.450000E-01
 *** RESPONSE EIGENVALUE = 0.8311       OSCILLATION LIMIT = 0.3740E-01
 *** AUTO STEP TIME:  NEXT TIME INC = 0.45000E-01  UNCHANGED

     HT FLOW CONVERGENCE VALUE=   144.4      CRITERION=  0.6132    
    EQUIL ITER   1 COMPLETED.  NEW TRIANG MATRIX.  MAX DOF INC=   21.29    
     HT FLOW CONVERGENCE VALUE=   3.866      CRITERION=  0.6143    
    EQUIL ITER   2 COMPLETED.  NEW TRIANG MATRIX.  MAX DOF INC=  -1.968    
     HT FLOW CONVERGENCE VALUE=  0.2872      CRITERION=  0.6153     <<< CONVERGED
    >>> SOLUTION CONVERGED AFTER EQUILIBRIUM ITERATION   2
 *** LOAD STEP     2   SUBSTEP     5  COMPLETED.    CUM ITER =     78
 *** TIME =   1.14000         TIME INC =  0.450000E-01
 *** RESPONSE EIGENVALUE = 0.8055       OSCILLATION LIMIT = 0.3625E-01
 *** AUTO TIME STEP:  NEXT TIME INC = 0.10000      INCREASED (FACTOR = 2.2222)


 *** NOTE ***                            ELAPSED TIME =   17684.168   TIME= 23:43:39
 Bisection has been requested by the routine usermatth.F.                
 *** LOAD STEP     2   SUBSTEP     6  NOT COMPLETED.  CUM ITER =     79
 *** BEGIN BISECTION NUMBER   1    NEW TIME INCREMENT=  0.50000E-01

     HT FLOW CONVERGENCE VALUE=   142.0      CRITERION=  0.6140    
    EQUIL ITER   1 COMPLETED.  NEW TRIANG MATRIX.  MAX DOF INC=   23.00    
     HT FLOW CONVERGENCE VALUE=   4.108      CRITERION=  0.6155    
    EQUIL ITER   2 COMPLETED.  NEW TRIANG MATRIX.  MAX DOF INC=  -2.222    
     HT FLOW CONVERGENCE VALUE=  0.3260      CRITERION=  0.6165     <<< CONVERGED
    >>> SOLUTION CONVERGED AFTER EQUILIBRIUM ITERATION   2
 *** LOAD STEP     2   SUBSTEP     6  COMPLETED.    CUM ITER =     80
 *** TIME =   1.19000         TIME INC =  0.500000E-01
 *** RESPONSE EIGENVALUE = 0.7851       OSCILLATION LIMIT = 0.3926E-01
 *** AUTO STEP TIME:  NEXT TIME INC = 0.50000E-01  UNCHANGED

     HT FLOW CONVERGENCE VALUE=   139.2      CRITERION=  0.6148    
    EQUIL ITER   1 COMPLETED.  NEW TRIANG MATRIX.  MAX DOF INC=   22.40    
     HT FLOW CONVERGENCE VALUE=   3.896      CRITERION=  0.6166    
    EQUIL ITER   2 COMPLETED.  NEW TRIANG MATRIX.  MAX DOF INC=  -2.113    
     HT FLOW CONVERGENCE VALUE=  0.3078      CRITERION=  0.6176     <<< CONVERGED
    >>> SOLUTION CONVERGED AFTER EQUILIBRIUM ITERATION   2
 *** LOAD STEP     2   SUBSTEP     7  COMPLETED.    CUM ITER =     82
 *** TIME =   1.24000         TIME INC =  0.500000E-01
 *** RESPONSE EIGENVALUE = 0.7630       OSCILLATION LIMIT = 0.3815E-01
 *** AUTO TIME STEP:  NEXT TIME INC = 0.10000      INCREASED (FACTOR = 2.0000)


 *** NOTE ***                            ELAPSED TIME =   18734.161   TIME= 00:01:09
 Bisection has been requested by the routine usermatth.F.                
 *** LOAD STEP     2   SUBSTEP     8  NOT COMPLETED.  CUM ITER =     83
 *** BEGIN BISECTION NUMBER   1    NEW TIME INCREMENT=  0.50000E-01

     HT FLOW CONVERGENCE VALUE=   136.5      CRITERION=  0.6155    
    EQUIL ITER   1 COMPLETED.  NEW TRIANG MATRIX.  MAX DOF INC=   21.81    
     HT FLOW CONVERGENCE VALUE=   3.702      CRITERION=  0.6177    
    EQUIL ITER   2 COMPLETED.  NEW TRIANG MATRIX.  MAX DOF INC=  -1.960    
     HT FLOW CONVERGENCE VALUE=  0.2904      CRITERION=  0.6187     <<< CONVERGED
    >>> SOLUTION CONVERGED AFTER EQUILIBRIUM ITERATION   2
 *** LOAD STEP     2   SUBSTEP     8  COMPLETED.    CUM ITER =     84
 *** TIME =   1.29000         TIME INC =  0.500000E-01
 *** RESPONSE EIGENVALUE = 0.7437       OSCILLATION LIMIT = 0.3718E-01
 *** AUTO STEP TIME:  NEXT TIME INC = 0.50000E-01  UNCHANGED

     HT FLOW CONVERGENCE VALUE=   134.1      CRITERION=  0.6162    
    EQUIL ITER   1 COMPLETED.  NEW TRIANG MATRIX.  MAX DOF INC=   21.30    
     HT FLOW CONVERGENCE VALUE=   3.556      CRITERION=  0.6187    
    EQUIL ITER   2 COMPLETED.  NEW TRIANG MATRIX.  MAX DOF INC=  -1.846    
     HT FLOW CONVERGENCE VALUE=  0.2736      CRITERION=  0.6196     <<< CONVERGED
    >>> SOLUTION CONVERGED AFTER EQUILIBRIUM ITERATION   2
 *** LOAD STEP     2   SUBSTEP     9  COMPLETED.    CUM ITER =     86
 *** TIME =   1.34000         TIME INC =  0.500000E-01
 *** RESPONSE EIGENVALUE = 0.7261       OSCILLATION LIMIT = 0.3630E-01
 *** AUTO TIME STEP:  NEXT TIME INC = 0.10000      INCREASED (FACTOR = 2.0000)


 *** NOTE ***                            ELAPSED TIME =   19885.266   TIME= 00:20:20
 Bisection has been requested by the routine usermatth.F.                
 *** LOAD STEP     2   SUBSTEP    10  NOT COMPLETED.  CUM ITER =     87
 *** BEGIN BISECTION NUMBER   1    NEW TIME INCREMENT=  0.50000E-01

     HT FLOW CONVERGENCE VALUE=   131.8      CRITERION=  0.6169    
    EQUIL ITER   1 COMPLETED.  NEW TRIANG MATRIX.  MAX DOF INC=   20.78    
     HT FLOW CONVERGENCE VALUE=   3.450      CRITERION=  0.6196    
    EQUIL ITER   2 COMPLETED.  NEW TRIANG MATRIX.  MAX DOF INC=  -1.755    
     HT FLOW CONVERGENCE VALUE=  0.2577      CRITERION=  0.6205     <<< CONVERGED
    >>> SOLUTION CONVERGED AFTER EQUILIBRIUM ITERATION   2
 *** LOAD STEP     2   SUBSTEP    10  COMPLETED.    CUM ITER =     88
 *** TIME =   1.39000         TIME INC =  0.500000E-01
 *** RESPONSE EIGENVALUE = 0.7093       OSCILLATION LIMIT = 0.3546E-01
 *** AUTO STEP TIME:  NEXT TIME INC = 0.50000E-01  UNCHANGED

     HT FLOW CONVERGENCE VALUE=   129.5      CRITERION=  0.6175    
    EQUIL ITER   1 COMPLETED.  NEW TRIANG MATRIX.  MAX DOF INC=   20.24    
     HT FLOW CONVERGENCE VALUE=   3.340      CRITERION=  0.6205    
    EQUIL ITER   2 COMPLETED.  NEW TRIANG MATRIX.  MAX DOF INC=  -1.661    
     HT FLOW CONVERGENCE VALUE=  0.2585      CRITERION=  0.6213     <<< CONVERGED
    >>> SOLUTION CONVERGED AFTER EQUILIBRIUM ITERATION   2
 *** LOAD STEP     2   SUBSTEP    11  COMPLETED.    CUM ITER =     90
 *** TIME =   1.44000         TIME INC =  0.500000E-01
 *** RESPONSE EIGENVALUE = 0.6933       OSCILLATION LIMIT = 0.3466E-01
 *** AUTO TIME STEP:  NEXT TIME INC = 0.10000      INCREASED (FACTOR = 2.0000)


 *** NOTE ***                            ELAPSED TIME =   21123.235   TIME= 00:40:58
 Bisection has been requested by the routine usermatth.F.                
 *** LOAD STEP     2   SUBSTEP    12  NOT COMPLETED.  CUM ITER =     91
 *** BEGIN BISECTION NUMBER   1    NEW TIME INCREMENT=  0.50000E-01

     HT FLOW CONVERGENCE VALUE=   127.4      CRITERION=  0.6180    
    EQUIL ITER   1 COMPLETED.  NEW TRIANG MATRIX.  MAX DOF INC=   19.71    
     HT FLOW CONVERGENCE VALUE=   3.186      CRITERION=  0.6213    
    EQUIL ITER   2 COMPLETED.  NEW TRIANG MATRIX.  MAX DOF INC=  -1.629    
     HT FLOW CONVERGENCE VALUE=  0.2733      CRITERION=  0.6220     <<< CONVERGED
    >>> SOLUTION CONVERGED AFTER EQUILIBRIUM ITERATION   2
 *** LOAD STEP     2   SUBSTEP    12  COMPLETED.    CUM ITER =     92
 *** TIME =   1.49000         TIME INC =  0.500000E-01
 *** RESPONSE EIGENVALUE = 0.6787       OSCILLATION LIMIT = 0.3393E-01
 *** AUTO STEP TIME:  NEXT TIME INC = 0.50000E-01  UNCHANGED

     HT FLOW CONVERGENCE VALUE=   125.4      CRITERION=  0.6185    
    EQUIL ITER   1 COMPLETED.  NEW TRIANG MATRIX.  MAX DOF INC=   19.22    
     HT FLOW CONVERGENCE VALUE=   3.031      CRITERION=  0.6219    
    EQUIL ITER   2 COMPLETED.  NEW TRIANG MATRIX.  MAX DOF INC=  -1.581    
     HT FLOW CONVERGENCE VALUE=  0.2728      CRITERION=  0.6227     <<< CONVERGED
    >>> SOLUTION CONVERGED AFTER EQUILIBRIUM ITERATION   2
 *** LOAD STEP     2   SUBSTEP    13  COMPLETED.    CUM ITER =     94
 *** TIME =   1.54000         TIME INC =  0.500000E-01
 *** RESPONSE EIGENVALUE = 0.6648       OSCILLATION LIMIT = 0.3324E-01
 *** AUTO TIME STEP:  NEXT TIME INC = 0.10000      INCREASED (FACTOR = 2.0000)


 *** NOTE ***                            ELAPSED TIME =   22259.809   TIME= 00:59:55
 Bisection has been requested by the routine usermatth.F.                
 *** LOAD STEP     2   SUBSTEP    14  NOT COMPLETED.  CUM ITER =     95
 *** BEGIN BISECTION NUMBER   1    NEW TIME INCREMENT=  0.50000E-01

     HT FLOW CONVERGENCE VALUE=   123.5      CRITERION=  0.6190    
    EQUIL ITER   1 COMPLETED.  NEW TRIANG MATRIX.  MAX DOF INC=   18.86    
     HT FLOW CONVERGENCE VALUE=   2.924      CRITERION=  0.6226    
    EQUIL ITER   2 COMPLETED.  NEW TRIANG MATRIX.  MAX DOF INC=  -1.517    
     HT FLOW CONVERGENCE VALUE=  0.2575      CRITERION=  0.6233     <<< CONVERGED
    >>> SOLUTION CONVERGED AFTER EQUILIBRIUM ITERATION   2
 *** LOAD STEP     2   SUBSTEP    14  COMPLETED.    CUM ITER =     96
 *** TIME =   1.59000         TIME INC =  0.500000E-01
 *** RESPONSE EIGENVALUE = 0.6508       OSCILLATION LIMIT = 0.3254E-01
 *** AUTO STEP TIME:  NEXT TIME INC = 0.50000E-01  UNCHANGED

     HT FLOW CONVERGENCE VALUE=   121.6      CRITERION=  0.6195    
    EQUIL ITER   1 COMPLETED.  NEW TRIANG MATRIX.  MAX DOF INC=   18.54    
     HT FLOW CONVERGENCE VALUE=   2.844      CRITERION=  0.6231    
    EQUIL ITER   2 COMPLETED.  NEW TRIANG MATRIX.  MAX DOF INC=  -1.439    
     HT FLOW CONVERGENCE VALUE=  0.2415      CRITERION=  0.6238     <<< CONVERGED
    >>> SOLUTION CONVERGED AFTER EQUILIBRIUM ITERATION   2
 *** LOAD STEP     2   SUBSTEP    15  COMPLETED.    CUM ITER =     98
 *** TIME =   1.64000         TIME INC =  0.500000E-01
 *** RESPONSE EIGENVALUE = 0.6368       OSCILLATION LIMIT = 0.3184E-01
 *** AUTO TIME STEP:  NEXT TIME INC = 0.10000      INCREASED (FACTOR = 2.0000)


 *** NOTE ***                            ELAPSED TIME =   23521.614   TIME= 01:20:56
 Bisection has been requested by the routine usermatth.F.                
 *** LOAD STEP     2   SUBSTEP    16  NOT COMPLETED.  CUM ITER =     99
 *** BEGIN BISECTION NUMBER   1    NEW TIME INCREMENT=  0.50000E-01

     HT FLOW CONVERGENCE VALUE=   119.9      CRITERION=  0.6199    
    EQUIL ITER   1 COMPLETED.  NEW TRIANG MATRIX.  MAX DOF INC=   18.18    
     HT FLOW CONVERGENCE VALUE=   2.766      CRITERION=  0.6236    
    EQUIL ITER   2 COMPLETED.  NEW TRIANG MATRIX.  MAX DOF INC=  -1.379    
     HT FLOW CONVERGENCE VALUE=  0.2267      CRITERION=  0.6242     <<< CONVERGED
    >>> SOLUTION CONVERGED AFTER EQUILIBRIUM ITERATION   2
 *** LOAD STEP     2   SUBSTEP    16  COMPLETED.    CUM ITER =    100
 *** TIME =   1.69000         TIME INC =  0.500000E-01
 *** RESPONSE EIGENVALUE = 0.6233       OSCILLATION LIMIT = 0.3116E-01
 *** AUTO STEP TIME:  NEXT TIME INC = 0.50000E-01  UNCHANGED

     HT FLOW CONVERGENCE VALUE=   118.1      CRITERION=  0.6202    
    EQUIL ITER   1 COMPLETED.  NEW TRIANG MATRIX.  MAX DOF INC=   17.79    
     HT FLOW CONVERGENCE VALUE=   2.691      CRITERION=  0.6240    
    EQUIL ITER   2 COMPLETED.  NEW TRIANG MATRIX.  MAX DOF INC=  -1.303    
     HT FLOW CONVERGENCE VALUE=  0.2130      CRITERION=  0.6246     <<< CONVERGED
    >>> SOLUTION CONVERGED AFTER EQUILIBRIUM ITERATION   2
 *** LOAD STEP     2   SUBSTEP    17  COMPLETED.    CUM ITER =    102
 *** TIME =   1.74000         TIME INC =  0.500000E-01
 *** RESPONSE EIGENVALUE = 0.6103       OSCILLATION LIMIT = 0.3052E-01
 *** AUTO TIME STEP:  NEXT TIME INC = 0.10000      INCREASED (FACTOR = 2.0000)


 *** NOTE ***                            ELAPSED TIME =   24837.115   TIME= 01:42:52
 Bisection has been requested by the routine usermatth.F.                
 *** LOAD STEP     2   SUBSTEP    18  NOT COMPLETED.  CUM ITER =    103
 *** BEGIN BISECTION NUMBER   1    NEW TIME INCREMENT=  0.50000E-01

     HT FLOW CONVERGENCE VALUE=   116.5      CRITERION=  0.6205    
    EQUIL ITER   1 COMPLETED.  NEW TRIANG MATRIX.  MAX DOF INC=   17.45    
     HT FLOW CONVERGENCE VALUE=   2.621      CRITERION=  0.6244    
    EQUIL ITER   2 COMPLETED.  NEW TRIANG MATRIX.  MAX DOF INC=  -1.232    
     HT FLOW CONVERGENCE VALUE=  0.2004      CRITERION=  0.6250     <<< CONVERGED
    >>> SOLUTION CONVERGED AFTER EQUILIBRIUM ITERATION   2
 *** LOAD STEP     2   SUBSTEP    18  COMPLETED.    CUM ITER =    104
 *** TIME =   1.79000         TIME INC =  0.500000E-01
 *** RESPONSE EIGENVALUE = 0.5978       OSCILLATION LIMIT = 0.2989E-01
 *** AUTO STEP TIME:  NEXT TIME INC = 0.50000E-01  UNCHANGED

     HT FLOW CONVERGENCE VALUE=   114.9      CRITERION=  0.6208    
    EQUIL ITER   1 COMPLETED.  NEW TRIANG MATRIX.  MAX DOF INC=   17.15    
     HT FLOW CONVERGENCE VALUE=   2.559      CRITERION=  0.6247    
    EQUIL ITER   2 COMPLETED.  NEW TRIANG MATRIX.  MAX DOF INC=  -1.183    
     HT FLOW CONVERGENCE VALUE=  0.1888      CRITERION=  0.6253     <<< CONVERGED
    >>> SOLUTION CONVERGED AFTER EQUILIBRIUM ITERATION   2
 *** LOAD STEP     2   SUBSTEP    19  COMPLETED.    CUM ITER =    106
 *** TIME =   1.84000         TIME INC =  0.500000E-01
 *** RESPONSE EIGENVALUE = 0.5859       OSCILLATION LIMIT = 0.2929E-01
 *** AUTO TIME STEP:  NEXT TIME INC = 0.10000      INCREASED (FACTOR = 2.0000)


 *** NOTE ***                            ELAPSED TIME =   26021.461   TIME= 02:02:36
 Bisection has been requested by the routine usermatth.F.                
 *** LOAD STEP     2   SUBSTEP    20  NOT COMPLETED.  CUM ITER =    107
 *** BEGIN BISECTION NUMBER   1    NEW TIME INCREMENT=  0.50000E-01

     HT FLOW CONVERGENCE VALUE=   113.3      CRITERION=  0.6211    
    EQUIL ITER   1 COMPLETED.  NEW TRIANG MATRIX.  MAX DOF INC=   16.87    
     HT FLOW CONVERGENCE VALUE=   2.500      CRITERION=  0.6250    
    EQUIL ITER   2 COMPLETED.  NEW TRIANG MATRIX.  MAX DOF INC=  -1.144    
     HT FLOW CONVERGENCE VALUE=  0.1783      CRITERION=  0.6255     <<< CONVERGED
    >>> SOLUTION CONVERGED AFTER EQUILIBRIUM ITERATION   2
 *** LOAD STEP     2   SUBSTEP    20  COMPLETED.    CUM ITER =    108
 *** TIME =   1.89000         TIME INC =  0.500000E-01
 *** RESPONSE EIGENVALUE = 0.5745       OSCILLATION LIMIT = 0.2872E-01
 *** AUTO STEP TIME:  NEXT TIME INC = 0.50000E-01  UNCHANGED

     HT FLOW CONVERGENCE VALUE=   111.8      CRITERION=  0.6213    
    EQUIL ITER   1 COMPLETED.  NEW TRIANG MATRIX.  MAX DOF INC=   16.57    
     HT FLOW CONVERGENCE VALUE=   2.446      CRITERION=  0.6252    
    EQUIL ITER   2 COMPLETED.  NEW TRIANG MATRIX.  MAX DOF INC=  -1.105    
     HT FLOW CONVERGENCE VALUE=  0.1687      CRITERION=  0.6257     <<< CONVERGED
    >>> SOLUTION CONVERGED AFTER EQUILIBRIUM ITERATION   2
 *** LOAD STEP     2   SUBSTEP    21  COMPLETED.    CUM ITER =    110
 *** TIME =   1.94000         TIME INC =  0.500000E-01
 *** RESPONSE EIGENVALUE = 0.5635       OSCILLATION LIMIT = 0.2817E-01
 *** AUTO TIME STEP:  NEXT TIME INC = 0.60000E-01  INCREASED (FACTOR = 1.2000)

     HT FLOW CONVERGENCE VALUE=   110.7      CRITERION=  0.6215    
    EQUIL ITER   1 COMPLETED.  NEW TRIANG MATRIX.  MAX DOF INC=   19.45    
     HT FLOW CONVERGENCE VALUE=   2.849      CRITERION=  0.6254    
    EQUIL ITER   2 COMPLETED.  NEW TRIANG MATRIX.  MAX DOF INC=  -1.412    
     HT FLOW CONVERGENCE VALUE=  0.2171      CRITERION=  0.6259     <<< CONVERGED
    >>> SOLUTION CONVERGED AFTER EQUILIBRIUM ITERATION   2
 *** LOAD STEP     2   SUBSTEP    22  COMPLETED.    CUM ITER =    112
 *** TIME =   2.00000         TIME INC =  0.600000E-01
 *** RESPONSE EIGENVALUE = 0.5508       OSCILLATION LIMIT = 0.3305E-01

 *** NOTE ***                            ELAPSED TIME =   27918.787   TIME= 02:34:14
 During this loadstep the PCG iterative solver took more than 1000       
 iterations to solve the system of equations.  In the future it may be   
 more efficient to choose a direct solver, such as the SPARSE solver,    
 for this analysis.                                                      
 ****************************************************
 *************** FINISHED SOLVE FOR LS 2 *************
 ****************************************************
 ******************* SOLVE FOR LS 3 OF 7 ****************

 PRINTOUT RESUMED BY /GOP

 USE AUTOMATIC TIME STEPPING THIS LOAD STEP

 USE     100 SUBSTEPS INITIALLY THIS LOAD STEP FOR ALL  DEGREES OF FREEDOM
 FOR AUTOMATIC TIME STEPPING:
   USE   1000 SUBSTEPS AS A MAXIMUM
   USE     10 SUBSTEPS AS A MINIMUM

 TIME=  3.0000    

 INCLUDE TRANSIENT EFFECTS FOR  ALL DEGREES OF FREEDOM THIS LOAD STEP

 ERASE THE CURRENT DATABASE OUTPUT CONTROL TABLE.


 WRITE ALL  ITEMS TO THE DATABASE WITH A FREQUENCY OF NONE
   FOR ALL APPLICABLE ENTITIES

 WRITE NSOL ITEMS TO THE DATABASE WITH A FREQUENCY OF ALL 
   FOR ALL APPLICABLE ENTITIES

 WRITE RSOL ITEMS TO THE DATABASE WITH A FREQUENCY OF ALL 
   FOR ALL APPLICABLE ENTITIES

 WRITE EANG ITEMS TO THE DATABASE WITH A FREQUENCY OF ALL 
   FOR ALL APPLICABLE ENTITIES

 WRITE VENG ITEMS TO THE DATABASE WITH A FREQUENCY OF ALL 
   FOR ALL APPLICABLE ENTITIES

 WRITE FFLU ITEMS TO THE DATABASE WITH A FREQUENCY OF ALL 
   FOR ALL APPLICABLE ENTITIES

 WRITE CONT ITEMS TO THE DATABASE WITH A FREQUENCY OF ALL 
   FOR ALL APPLICABLE ENTITIES

 WRITE MISC ITEMS TO THE DATABASE WITH A FREQUENCY OF ALL 
   FOR THE ENTITIES DEFINED BY COMPONENT _ELMISC 

 CONVERGENCE ON HEAT BASED ON THE NORM OF THE N-R LOAD
   WITH A TOLERANCE OF 0.1000E-02 AND A MINIMUM REFERENCE VALUE OF 0.1000E-05
   USING THE L2 NORM (CHECK THE SRSS VALUE)

 *****  MAPDL SOLVE    COMMAND  *****

 *** NOTE ***                            ELAPSED TIME =   27926.897   TIME= 02:34:22
 This nonlinear analysis defaults to using the full Newton-Raphson       
 solution procedure.  This can be modified using the NROPT command.      

 *** MAPDL - ENGINEERING ANALYSIS SYSTEM  RELEASE 2026 R1.02       26.1     ***
 Ansys Mechanical Enterprise Academic Research     
 01196637  VERSION=WINDOWS x64   02:34:22  JUL 15, 2026 Elapsed Time=  27927.354

 testbed2--Thermique transitoire (B5)                                          

 Note - This MAPDL version was linked by Licensee

                      L O A D   S T E P   O P T I O N S

   LOAD STEP NUMBER. . . . . . . . . . . . . . . .     3
   TIME AT END OF THE LOAD STEP. . . . . . . . . .  3.0000    
   AUTOMATIC TIME STEPPING . . . . . . . . . . . .    ON
      INITIAL NUMBER OF SUBSTEPS . . . . . . . . .   100
      MAXIMUM NUMBER OF SUBSTEPS . . . . . . . . .  1000
      MINIMUM NUMBER OF SUBSTEPS . . . . . . . . .    10
   MAXIMUM NUMBER OF EQUILIBRIUM ITERATIONS. . . .    15
   STEP CHANGE BOUNDARY CONDITIONS . . . . . . . .   YES
   TRANSIENT (INERTIA) EFFECTS
      THERMAL DOFS . . . . . . . . . . . . . . . .    ON
   TRANSIENT INTEGRATION PARAMETERS
      THETA. . . . . . . . . . . . . . . . . . . .  1.0000    
      OSCILLATION LIMIT CRITERION. . . . . . . . . 0.50000    
      TOLERANCE. . . . . . . . . . . . . . . . . .  0.0000    
   TERMINATE ANALYSIS IF NOT CONVERGED . . . . . .YES (EXIT)  
   CONVERGENCE CONTROLS
      LABEL   REFERENCE    TOLERANCE  NORM     MINREF
       HEAT    0.000       0.1000E-02   2     0.1000E-05
   COPY INTEGRATION POINT VALUES TO NODE . . . . .YES, FOR ELEMENTS WITH
                                                  ACTIVE MAT. NONLINEARITIES
   PRINT OUTPUT CONTROLS . . . . . . . . . . . . .NO PRINTOUT
   DATABASE OUTPUT CONTROLS
      ITEM     FREQUENCY   COMPONENT
       ALL       NONE               
      NSOL        ALL               
      RSOL        ALL               
      EANG        ALL               
      VENG        ALL               
      FFLU        ALL               
      CONT        ALL               
      MISC        ALL       _ELMISC 


 SOLUTION MONITORING INFO IS WRITTEN TO FILE= file.mntr                                                                                                                                                                                                                                                           

     HT FLOW CONVERGENCE VALUE=   107.4      CRITERION=  0.6216    
    EQUIL ITER   1 COMPLETED.  NEW TRIANG MATRIX.  MAX DOF INC=   3.270    
     HT FLOW CONVERGENCE VALUE=  0.4848      CRITERION=  0.6257     <<< CONVERGED
    >>> SOLUTION CONVERGED AFTER EQUILIBRIUM ITERATION   1
 *** LOAD STEP     3   SUBSTEP     1  COMPLETED.    CUM ITER =    113
 *** TIME =   2.01000         TIME INC =  0.100000E-01
 *** RESPONSE EIGENVALUE = 0.5518       OSCILLATION LIMIT = 0.5518E-02
 *** AUTO STEP TIME:  NEXT TIME INC = 0.10000E-01  UNCHANGED

     HT FLOW CONVERGENCE VALUE=   107.1      CRITERION=  0.6217    
    EQUIL ITER   1 COMPLETED.  NEW TRIANG MATRIX.  MAX DOF INC=   3.276    
     HT FLOW CONVERGENCE VALUE=  0.4849      CRITERION=  0.6257     <<< CONVERGED
    >>> SOLUTION CONVERGED AFTER EQUILIBRIUM ITERATION   1
 *** LOAD STEP     3   SUBSTEP     2  COMPLETED.    CUM ITER =    114
 *** TIME =   2.02000         TIME INC =  0.100000E-01
 *** RESPONSE EIGENVALUE = 0.5479       OSCILLATION LIMIT = 0.5479E-02
 *** AUTO TIME STEP:  NEXT TIME INC = 0.30000E-01  INCREASED (FACTOR = 3.0000)

     HT FLOW CONVERGENCE VALUE=   107.5      CRITERION=  0.6217    
    EQUIL ITER   1 COMPLETED.  NEW TRIANG MATRIX.  MAX DOF INC=   9.632    
     HT FLOW CONVERGENCE VALUE=   1.414      CRITERION=  0.6257    
    EQUIL ITER   2 COMPLETED.  NEW TRIANG MATRIX.  MAX DOF INC= -0.4648    
     HT FLOW CONVERGENCE VALUE=  0.6444E-01  CRITERION=  0.6260     <<< CONVERGED
    >>> SOLUTION CONVERGED AFTER EQUILIBRIUM ITERATION   2
 *** LOAD STEP     3   SUBSTEP     3  COMPLETED.    CUM ITER =    116
 *** TIME =   2.05000         TIME INC =  0.300000E-01
 *** RESPONSE EIGENVALUE = 0.5450       OSCILLATION LIMIT = 0.1635E-01
 *** AUTO STEP TIME:  NEXT TIME INC = 0.30000E-01  UNCHANGED

     HT FLOW CONVERGENCE VALUE=   106.6      CRITERION=  0.6218    
    EQUIL ITER   1 COMPLETED.  NEW TRIANG MATRIX.  MAX DOF INC=   9.510    
     HT FLOW CONVERGENCE VALUE=   1.393      CRITERION=  0.6257    
    EQUIL ITER   2 COMPLETED.  NEW TRIANG MATRIX.  MAX DOF INC= -0.4542    
     HT FLOW CONVERGENCE VALUE=  0.6281E-01  CRITERION=  0.6260     <<< CONVERGED
    >>> SOLUTION CONVERGED AFTER EQUILIBRIUM ITERATION   2
 *** LOAD STEP     3   SUBSTEP     4  COMPLETED.    CUM ITER =    118
 *** TIME =   2.08000         TIME INC =  0.300000E-01
 *** RESPONSE EIGENVALUE = 0.5351       OSCILLATION LIMIT = 0.1605E-01
 *** AUTO TIME STEP:  NEXT TIME INC = 0.90000E-01  INCREASED (FACTOR = 3.0000)


 *** NOTE ***                            ELAPSED TIME =   30501.165   TIME= 03:17:16
 Bisection has been requested by the routine usermatth.F.                
 *** LOAD STEP     3   SUBSTEP     5  NOT COMPLETED.  CUM ITER =    119
 *** BEGIN BISECTION NUMBER   1    NEW TIME INCREMENT=  0.45000E-01

     HT FLOW CONVERGENCE VALUE=   106.3      CRITERION=  0.6219    
    EQUIL ITER   1 COMPLETED.  NEW TRIANG MATRIX.  MAX DOF INC=   14.00    
     HT FLOW CONVERGENCE VALUE=   2.036      CRITERION=  0.6258    
    EQUIL ITER   2 COMPLETED.  NEW TRIANG MATRIX.  MAX DOF INC= -0.8175    
     HT FLOW CONVERGENCE VALUE=  0.1192      CRITERION=  0.6262     <<< CONVERGED
    >>> SOLUTION CONVERGED AFTER EQUILIBRIUM ITERATION   2
 *** LOAD STEP     3   SUBSTEP     5  COMPLETED.    CUM ITER =    120
 *** TIME =   2.12500         TIME INC =  0.450000E-01
 *** RESPONSE EIGENVALUE = 0.5236       OSCILLATION LIMIT = 0.2356E-01
 *** AUTO STEP TIME:  NEXT TIME INC = 0.45000E-01  UNCHANGED

     HT FLOW CONVERGENCE VALUE=   105.1      CRITERION=  0.6220    
    EQUIL ITER   1 COMPLETED.  NEW TRIANG MATRIX.  MAX DOF INC=   13.80    
     HT FLOW CONVERGENCE VALUE=   2.003      CRITERION=  0.6259    
    EQUIL ITER   2 COMPLETED.  NEW TRIANG MATRIX.  MAX DOF INC= -0.7971    
     HT FLOW CONVERGENCE VALUE=  0.1145      CRITERION=  0.6263     <<< CONVERGED
    >>> SOLUTION CONVERGED AFTER EQUILIBRIUM ITERATION   2
 *** LOAD STEP     3   SUBSTEP     6  COMPLETED.    CUM ITER =    122
 *** TIME =   2.17000         TIME INC =  0.450000E-01
 *** RESPONSE EIGENVALUE = 0.5161       OSCILLATION LIMIT = 0.2322E-01
 *** AUTO TIME STEP:  NEXT TIME INC = 0.10000      INCREASED (FACTOR = 2.2222)


 *** NOTE ***                            ELAPSED TIME =   31956.497   TIME= 03:41:31
 Bisection has been requested by the routine usermatth.F.                
 *** LOAD STEP     3   SUBSTEP     7  NOT COMPLETED.  CUM ITER =    123
 *** BEGIN BISECTION NUMBER   1    NEW TIME INCREMENT=  0.50000E-01

     HT FLOW CONVERGENCE VALUE=   104.1      CRITERION=  0.6221    
    EQUIL ITER   1 COMPLETED.  NEW TRIANG MATRIX.  MAX DOF INC=   15.09    
     HT FLOW CONVERGENCE VALUE=   2.178      CRITERION=  0.6260    
    EQUIL ITER   2 COMPLETED.  NEW TRIANG MATRIX.  MAX DOF INC= -0.9133    
     HT FLOW CONVERGENCE VALUE=  0.1314      CRITERION=  0.6263     <<< CONVERGED
    >>> SOLUTION CONVERGED AFTER EQUILIBRIUM ITERATION   2
 *** LOAD STEP     3   SUBSTEP     7  COMPLETED.    CUM ITER =    124
 *** TIME =   2.22000         TIME INC =  0.500000E-01
 *** RESPONSE EIGENVALUE = 0.5075       OSCILLATION LIMIT = 0.2538E-01
 *** AUTO STEP TIME:  NEXT TIME INC = 0.50000E-01  UNCHANGED

     HT FLOW CONVERGENCE VALUE=   103.0      CRITERION=  0.6222    
