/COM,ANSYS RELEASE 2026 R1.02        BUILD 26.1      UP20260202       13:39:20

 *** WARNING ***                         ELAPSED TIME =      26.753   TIME= 13:39:42
 Element shape checking is currently inactive.  Issue SHPP,ON or         
 SHPP,WARN to reactivate, if desired.                                    

 *** WARNING ***                         ELAPSED TIME =      50.125   TIME= 13:40:06
 Ansys, Inc.-supplied version of coding for USERCK has been used.        

 *** WARNING ***                         ELAPSED TIME =      56.309   TIME= 13:40:12
 Material property DENS of material 3 of element 360433 is evaluated at  
 a temperature of 22, which is below the supplied temperature range.     
 Temperature range checking terminates.                                  

 *** WARNING ***                         ELAPSED TIME =     137.584   TIME= 13:41:33
 Material property DENS of material 3 of element 346627 is evaluated at  
 a temperature of 22, which is below the supplied temperature range.     
 Temperature range checking terminates.                                  

 *** WARNING ***                         ELAPSED TIME =     137.585   TIME= 13:41:33
 Material property DENS of material 3 of element 364591 is evaluated at  
 a temperature of 22, which is below the supplied temperature range.     
 Temperature range checking terminates.                                  

 *** WARNING ***                         ELAPSED TIME =     137.586   TIME= 13:41:33
 Material property DENS of material 3 of element 359168 is evaluated at  
 a temperature of 22, which is below the supplied temperature range.     
 Temperature range checking terminates.                                  

 *** WARNING ***                         ELAPSED TIME =     137.587   TIME= 13:41:33
 Material property DENS of material 3 of element 371072 is evaluated at  
 a temperature of 22, which is below the supplied temperature range.     
 Temperature range checking terminates.                                  

 *** WARNING ***                         ELAPSED TIME =     137.588   TIME= 13:41:33
 Material property DENS of material 4 of element 470241 is evaluated at  
 a temperature of 22, which is below the supplied temperature range.     
 Temperature range checking terminates.                                  

 *** WARNING ***                         ELAPSED TIME =     137.589   TIME= 13:41:33
 Material property KXX of material 1 of element 1956 is evaluated at a   
 temperature of 22, which is below the supplied temperature range.       
 Temperature range checking terminates.                                  

 *** WARNING ***                         ELAPSED TIME =     137.589   TIME= 13:41:33
 Material property DENS of material 3 of element 369233 is evaluated at  
 a temperature of 22, which is below the supplied temperature range.     
 Temperature range checking terminates.                                  
